#
# There is insufficient memory for the Java Runtime Environment to continue.
# Native memory allocation (malloc) failed to allocate 5767184 bytes. Error detail: Chunk::new
# Possible reasons:
#   The system is out of physical RAM or swap space
#   This process is running with CompressedOops enabled, and the Java Heap may be blocking the growth of the native heap
# Possible solutions:
#   Reduce memory load on the system
#   Increase physical memory or swap space
#   Check if swap backing store is full
#   Decrease Java heap size (-Xmx/-Xms)
#   Decrease number of Java threads
#   Decrease Java thread stack sizes (-Xss)
#   Set larger code cache with -XX:ReservedCodeCacheSize=
#   JVM is running with Unscaled Compressed Oops mode in which the Java heap is
#     placed in the first 4GB address space. The Java Heap base address is the
#     maximum limit for the native heap growth. Please use -XX:HeapBaseMinAddress
#     to set the Java Heap base and to place the Java Heap above 4GB virtual address.
# This output file may be truncated or incomplete.
#
#  Out of Memory Error (arena.cpp:168), pid=32288, tid=20212
#
# JRE version: OpenJDK Runtime Environment Temurin-21.0.7+6 (21.0.7+6) (build 21.0.7+6-LTS)
# Java VM: OpenJDK 64-Bit Server VM Temurin-21.0.7+6 (21.0.7+6-LTS, mixed mode, sharing, tiered, compressed oops, compressed class ptrs, parallel gc, windows-amd64)
# No core dump will be written. Minidumps are not enabled by default on client versions of Windows
#

---------------  S U M M A R Y ------------

Command Line: --add-modules=ALL-SYSTEM --add-opens=java.base/java.util=ALL-UNNAMED --add-opens=java.base/java.lang=ALL-UNNAMED --add-opens=java.base/sun.nio.fs=ALL-UNNAMED -Declipse.application=org.eclipse.jdt.ls.core.id1 -Dosgi.bundles.defaultStartLevel=4 -Declipse.product=org.eclipse.jdt.ls.core.product -Djava.import.generatesMetadataFilesAtProjectRoot=false -DDetectVMInstallationsJob.disabled=true -Dfile.encoding=utf8 -XX:+UseParallelGC -XX:GCTimeRatio=4 -XX:AdaptiveSizePolicyWeight=90 -Dsun.zip.disableMemoryMapping=true -Xmx1G -Xms100m -Xlog:disable -javaagent:c:\Users\JUSTO\.cursor\extensions\redhat.java-1.42.0-win32-x64\lombok\lombok-1.18.36.jar -XX:+HeapDumpOnOutOfMemoryError -XX:HeapDumpPath=c:\Users\JUSTO\AppData\Roaming\Cursor\User\workspaceStorage\93c4394802734d2fbf77bd7f75e9b452\redhat.java -Daether.dependencyCollector.impl=bf c:\Users\JUSTO\.cursor\extensions\redhat.java-1.42.0-win32-x64\server\plugins\org.eclipse.equinox.launcher_1.7.0.v20250424-1814.jar -configuration c:\Users\JUSTO\AppData\Roaming\Cursor\User\globalStorage\redhat.java\1.42.0\config_win -data c:\Users\JUSTO\AppData\Roaming\Cursor\User\workspaceStorage\93c4394802734d2fbf77bd7f75e9b452\redhat.java\jdt_ws --pipe=\\.\pipe\lsp-9bc812bf29b9ec0a92d960c2c7b53fb1-sock

Host: AMD Ryzen 5 1600 Six-Core Processor            , 6 cores, 15G,  Windows 10 , 64 bit Build 19041 (10.0.19041.5794)
Time: Sat Jun  7 11:35:15 2025 Hora de verano romance elapsed time: 9.622669 seconds (0d 0h 0m 9s)

---------------  T H R E A D  ---------------

Current thread (0x00000177f6222b40):  JavaThread "C2 CompilerThread1" daemon [_thread_in_native, id=20212, stack(0x0000003fe8300000,0x0000003fe8400000) (1024K)]


Current CompileTask:
C2:9622 8500       4       lombok.eclipse.handlers.EclipseHandlerUtil::setGeneratedBy (10 bytes)

Stack: [0x0000003fe8300000,0x0000003fe8400000]
Native frames: (J=compiled Java code, j=interpreted, Vv=VM code, C=native code)
V  [jvm.dll+0x6ce119]
V  [jvm.dll+0x8a84a1]
V  [jvm.dll+0x8aa9ce]
V  [jvm.dll+0x8ab0b3]
V  [jvm.dll+0x27f8a6]
V  [jvm.dll+0xc507d]
V  [jvm.dll+0xc55b3]
V  [jvm.dll+0x3b692c]
V  [jvm.dll+0x1e0029]
V  [jvm.dll+0x247c42]
V  [jvm.dll+0x2470cf]
V  [jvm.dll+0x1c760e]
V  [jvm.dll+0x25695a]
V  [jvm.dll+0x254efa]
V  [jvm.dll+0x3f03f6]
V  [jvm.dll+0x851f6b]
V  [jvm.dll+0x6cc7dd]
C  [ucrtbase.dll+0x21bb2]
C  [KERNEL32.DLL+0x17374]
C  [ntdll.dll+0x4cc91]


---------------  P R O C E S S  ---------------

Threads class SMR info:
_java_thread_list=0x00000177f894e930, length=52, elements={
0x00000177da2ee6e0, 0x00000177dc56d0a0, 0x00000177dc56e060, 0x00000177f0857250,
0x00000177f085a370, 0x00000177f085ea40, 0x00000177f0862990, 0x00000177f086fcd0,
0x00000177f0870f00, 0x00000177f60a3d50, 0x00000177f6222b40, 0x00000177f62eee90,
0x00000177f6cdd220, 0x00000177f6be1720, 0x00000177f6de1350, 0x00000177f6c8d1d0,
0x00000177f6ff6510, 0x00000177f6ff3db0, 0x00000177f6ff3720, 0x00000177f6ff4ad0,
0x00000177f6ff57f0, 0x00000177f6ff5e80, 0x00000177f6ff3090, 0x00000177f79f36a0,
0x00000177f79f5770, 0x00000177f79f5e00, 0x00000177f79f50e0, 0x00000177f79f4a50,
0x00000177f79f3d30, 0x00000177f79f6b20, 0x00000177f79f6490, 0x00000177f79f43c0,
0x00000177f79f71b0, 0x00000177f79facc0, 0x00000177f79f7840, 0x00000177f79f7ed0,
0x00000177f79f9910, 0x00000177f79f8bf0, 0x00000177f79f9280, 0x00000177f79f9fa0,
0x00000177f79fa630, 0x00000177f75264f0, 0x00000177f7523d90, 0x00000177f7524420,
0x00000177f7524ab0, 0x00000177f75257d0, 0x00000177f7525140, 0x00000177f7527f30,
0x00000177f75292e0, 0x00000177f7523700, 0x00000177f7528c50, 0x00000177f7525e60
}

Java Threads: ( => current thread )
  0x00000177da2ee6e0 JavaThread "main"                              [_thread_blocked, id=29464, stack(0x0000003fe7500000,0x0000003fe7600000) (1024K)]
  0x00000177dc56d0a0 JavaThread "Reference Handler"          daemon [_thread_blocked, id=26908, stack(0x0000003fe7a00000,0x0000003fe7b00000) (1024K)]
  0x00000177dc56e060 JavaThread "Finalizer"                  daemon [_thread_blocked, id=24116, stack(0x0000003fe7b00000,0x0000003fe7c00000) (1024K)]
  0x00000177f0857250 JavaThread "Signal Dispatcher"          daemon [_thread_blocked, id=10968, stack(0x0000003fe7c00000,0x0000003fe7d00000) (1024K)]
  0x00000177f085a370 JavaThread "Attach Listener"            daemon [_thread_blocked, id=1212, stack(0x0000003fe7d00000,0x0000003fe7e00000) (1024K)]
  0x00000177f085ea40 JavaThread "Service Thread"             daemon [_thread_blocked, id=17752, stack(0x0000003fe7e00000,0x0000003fe7f00000) (1024K)]
  0x00000177f0862990 JavaThread "Monitor Deflation Thread"   daemon [_thread_blocked, id=20268, stack(0x0000003fe7f00000,0x0000003fe8000000) (1024K)]
  0x00000177f086fcd0 JavaThread "C2 CompilerThread0"         daemon [_thread_in_native, id=1604, stack(0x0000003fe8000000,0x0000003fe8100000) (1024K)]
  0x00000177f0870f00 JavaThread "C1 CompilerThread0"         daemon [_thread_in_vm, id=8332, stack(0x0000003fe8100000,0x0000003fe8200000) (1024K)]
  0x00000177f60a3d50 JavaThread "Common-Cleaner"             daemon [_thread_blocked, id=25024, stack(0x0000003fe8200000,0x0000003fe8300000) (1024K)]
=>0x00000177f6222b40 JavaThread "C2 CompilerThread1"         daemon [_thread_in_native, id=20212, stack(0x0000003fe8300000,0x0000003fe8400000) (1024K)]
  0x00000177f62eee90 JavaThread "Notification Thread"        daemon [_thread_blocked, id=20232, stack(0x0000003fe8400000,0x0000003fe8500000) (1024K)]
  0x00000177f6cdd220 JavaThread "Active Thread: Equinox Container: 6386dfaa-ae1f-47e3-9895-d74a365869b1"        [_thread_blocked, id=20828, stack(0x0000003fe8a00000,0x0000003fe8b00000) (1024K)]
  0x00000177f6be1720 JavaThread "Refresh Thread: Equinox Container: 6386dfaa-ae1f-47e3-9895-d74a365869b1" daemon [_thread_blocked, id=20152, stack(0x0000003fe8b00000,0x0000003fe8c00000) (1024K)]
  0x00000177f6de1350 JavaThread "Framework Event Dispatcher: Equinox Container: 6386dfaa-ae1f-47e3-9895-d74a365869b1" daemon [_thread_blocked, id=12124, stack(0x0000003fe8c00000,0x0000003fe8d00000) (1024K)]
  0x00000177f6c8d1d0 JavaThread "Start Level: Equinox Container: 6386dfaa-ae1f-47e3-9895-d74a365869b1" daemon [_thread_blocked, id=12284, stack(0x0000003fe8d00000,0x0000003fe8e00000) (1024K)]
  0x00000177f6ff6510 JavaThread "Bundle File Closer"         daemon [_thread_blocked, id=32328, stack(0x0000003fe8e00000,0x0000003fe8f00000) (1024K)]
  0x00000177f6ff3db0 JavaThread "SCR Component Actor"        daemon [_thread_blocked, id=29564, stack(0x0000003fe8f00000,0x0000003fe9000000) (1024K)]
  0x00000177f6ff3720 JavaThread "Worker-JM"                         [_thread_blocked, id=33444, stack(0x0000003fe9100000,0x0000003fe9200000) (1024K)]
  0x00000177f6ff4ad0 JavaThread "JNA Cleaner"                daemon [_thread_blocked, id=32888, stack(0x0000003fe9200000,0x0000003fe9300000) (1024K)]
  0x00000177f6ff57f0 JavaThread "Worker-0"                          [_thread_blocked, id=31376, stack(0x0000003fe9300000,0x0000003fe9400000) (1024K)]
  0x00000177f6ff5e80 JavaThread "Worker-1"                          [_thread_blocked, id=32880, stack(0x0000003fe9400000,0x0000003fe9500000) (1024K)]
  0x00000177f6ff3090 JavaThread "Worker-2"                          [_thread_blocked, id=21176, stack(0x0000003fe9500000,0x0000003fe9600000) (1024K)]
  0x00000177f79f36a0 JavaThread "Java indexing"              daemon [_thread_blocked, id=16612, stack(0x0000003fe9600000,0x0000003fe9700000) (1024K)]
  0x00000177f79f5770 JavaThread "Worker-3"                          [_thread_blocked, id=18640, stack(0x0000003fe9700000,0x0000003fe9800000) (1024K)]
  0x00000177f79f5e00 JavaThread "Worker-4: Building"                [_thread_in_Java, id=19252, stack(0x0000003fe9800000,0x0000003fe9900000) (1024K)]
  0x00000177f79f50e0 JavaThread "Worker-5"                          [_thread_blocked, id=15548, stack(0x0000003fe9b00000,0x0000003fe9c00000) (1024K)]
  0x00000177f79f4a50 JavaThread "Thread-2"                   daemon [_thread_in_native, id=13400, stack(0x0000003fe9c00000,0x0000003fe9d00000) (1024K)]
  0x00000177f79f3d30 JavaThread "Thread-3"                   daemon [_thread_in_native, id=13388, stack(0x0000003fe9d00000,0x0000003fe9e00000) (1024K)]
  0x00000177f79f6b20 JavaThread "Thread-4"                   daemon [_thread_in_native, id=8704, stack(0x0000003fe9e00000,0x0000003fe9f00000) (1024K)]
  0x00000177f79f6490 JavaThread "Thread-5"                   daemon [_thread_in_native, id=26232, stack(0x0000003fe9f00000,0x0000003fea000000) (1024K)]
  0x00000177f79f43c0 JavaThread "Thread-6"                   daemon [_thread_in_native, id=24668, stack(0x0000003fea000000,0x0000003fea100000) (1024K)]
  0x00000177f79f71b0 JavaThread "Thread-7"                   daemon [_thread_in_native, id=26616, stack(0x0000003fea100000,0x0000003fea200000) (1024K)]
  0x00000177f79facc0 JavaThread "Thread-8"                   daemon [_thread_in_native, id=13860, stack(0x0000003fea200000,0x0000003fea300000) (1024K)]
  0x00000177f79f7840 JavaThread "pool-2-thread-1"                   [_thread_blocked, id=12004, stack(0x0000003fea300000,0x0000003fea400000) (1024K)]
  0x00000177f79f7ed0 JavaThread "WorkspaceEventsHandler"            [_thread_blocked, id=14772, stack(0x0000003fea400000,0x0000003fea500000) (1024K)]
  0x00000177f79f9910 JavaThread "pool-1-thread-1"                   [_thread_blocked, id=6740, stack(0x0000003fea500000,0x0000003fea600000) (1024K)]
  0x00000177f79f8bf0 JavaThread "ForkJoinPool.commonPool-worker-1" daemon [_thread_blocked, id=16596, stack(0x0000003fea600000,0x0000003fea700000) (1024K)]
  0x00000177f79f9280 JavaThread "ForkJoinPool.commonPool-worker-2" daemon [_thread_blocked, id=4744, stack(0x0000003fea700000,0x0000003fea800000) (1024K)]
  0x00000177f79f9fa0 JavaThread "ForkJoinPool.commonPool-worker-3" daemon [_thread_blocked, id=20664, stack(0x0000003fea800000,0x0000003fea900000) (1024K)]
  0x00000177f79fa630 JavaThread "ForkJoinPool.commonPool-worker-4" daemon [_thread_blocked, id=20800, stack(0x0000003fea900000,0x0000003feaa00000) (1024K)]
  0x00000177f75264f0 JavaThread "ForkJoinPool.commonPool-worker-5" daemon [_thread_blocked, id=10528, stack(0x0000003feaa00000,0x0000003feab00000) (1024K)]
  0x00000177f7523d90 JavaThread "LocalFile Deleter"          daemon [_thread_blocked, id=31104, stack(0x0000003feab00000,0x0000003feac00000) (1024K)]
  0x00000177f7524420 JavaThread "LocalFile Deleter"          daemon [_thread_blocked, id=27960, stack(0x0000003feac00000,0x0000003fead00000) (1024K)]
  0x00000177f7524ab0 JavaThread "LocalFile Deleter"          daemon [_thread_blocked, id=26780, stack(0x0000003fead00000,0x0000003feae00000) (1024K)]
  0x00000177f75257d0 JavaThread "LocalFile Deleter"          daemon [_thread_blocked, id=12460, stack(0x0000003feae00000,0x0000003feaf00000) (1024K)]
  0x00000177f7525140 JavaThread "LocalFile Deleter"          daemon [_thread_blocked, id=9536, stack(0x0000003feaf00000,0x0000003feb000000) (1024K)]
  0x00000177f7527f30 JavaThread "LocalFile Deleter"          daemon [_thread_blocked, id=31268, stack(0x0000003feb000000,0x0000003feb100000) (1024K)]
  0x00000177f75292e0 JavaThread "Compiler Source File Reader" daemon [_thread_blocked, id=18968, stack(0x0000003feb100000,0x0000003feb200000) (1024K)]
  0x00000177f7523700 JavaThread "Compiler Source File Reader" daemon [_thread_blocked, id=9332, stack(0x0000003feb200000,0x0000003feb300000) (1024K)]
  0x00000177f7528c50 JavaThread "Compiler Source File Reader" daemon [_thread_blocked, id=7412, stack(0x0000003feb300000,0x0000003feb400000) (1024K)]
  0x00000177f7525e60 JavaThread "Compiler Source File Reader" daemon [_thread_blocked, id=30712, stack(0x0000003feb400000,0x0000003feb500000) (1024K)]
Total: 52

Other Threads:
  0x00000177dc562bb0 VMThread "VM Thread"                           [id=22652, stack(0x0000003fe7900000,0x0000003fe7a00000) (1024K)]
  0x00000177f077cb40 WatcherThread "VM Periodic Task Thread"        [id=25908, stack(0x0000003fe7800000,0x0000003fe7900000) (1024K)]
  0x00000177dc5015b0 WorkerThread "GC Thread#0"                     [id=17092, stack(0x0000003fe7700000,0x0000003fe7800000) (1024K)]
  0x00000177f6be2b30 WorkerThread "GC Thread#1"                     [id=2568, stack(0x0000003fe8500000,0x0000003fe8600000) (1024K)]
  0x00000177f6be2ed0 WorkerThread "GC Thread#2"                     [id=33320, stack(0x0000003fe8600000,0x0000003fe8700000) (1024K)]
  0x00000177f6c4e9b0 WorkerThread "GC Thread#3"                     [id=15304, stack(0x0000003fe8700000,0x0000003fe8800000) (1024K)]
  0x00000177f6c4ed50 WorkerThread "GC Thread#4"                     [id=10068, stack(0x0000003fe8800000,0x0000003fe8900000) (1024K)]
  0x00000177f6ad0e10 WorkerThread "GC Thread#5"                     [id=29372, stack(0x0000003fe8900000,0x0000003fe8a00000) (1024K)]
Total: 8

Threads with active compile tasks:
C2 CompilerThread0  9651 8449   !   4       lombok.core.FieldAugment$ReflectionFieldAugment::getAndSet (80 bytes)
C2 CompilerThread1  9652 8500       4       lombok.eclipse.handlers.EclipseHandlerUtil::setGeneratedBy (10 bytes)
Total: 2

VM state: not at safepoint (normal execution)

VM Mutex/Monitor currently owned by a thread: None

Heap address: 0x00000000c0000000, size: 1024 MB, Compressed Oops mode: 32-bit

CDS archive(s) mapped at: [0x0000017780000000-0x0000017780ba0000-0x0000017780ba0000), size 12189696, SharedBaseAddress: 0x0000017780000000, ArchiveRelocationMode: 1.
Compressed class space mapped at: 0x0000017781000000-0x00000177c1000000, reserved size: 1073741824
Narrow klass base: 0x0000017780000000, Narrow klass shift: 0, Narrow klass range: 0x100000000

GC Precious Log:
 CardTable entry size: 512
 CPUs: 6 total, 6 available
 Memory: 15833M
 Large Page Support: Disabled
 NUMA Support: Disabled
 Compressed Oops: Enabled (32-bit)
 Alignments: Space 512K, Generation 512K, Heap 2M
 Heap Min Capacity: 100M
 Heap Initial Capacity: 100M
 Heap Max Capacity: 1G
 Pre-touch: Disabled
 Parallel Workers: 6

Heap:
 PSYoungGen      total 22016K, used 14786K [0x00000000eab00000, 0x00000000ec300000, 0x0000000100000000)
  eden space 20480K, 65% used [0x00000000eab00000,0x00000000eb830818,0x00000000ebf00000)
  from space 1536K, 83% used [0x00000000ec180000,0x00000000ec2c0080,0x00000000ec300000)
  to   space 1536K, 0% used [0x00000000ec000000,0x00000000ec000000,0x00000000ec180000)
 ParOldGen       total 77824K, used 77347K [0x00000000c0000000, 0x00000000c4c00000, 0x00000000eab00000)
  object space 77824K, 99% used [0x00000000c0000000,0x00000000c4b88f28,0x00000000c4c00000)
 Metaspace       used 56400K, committed 57920K, reserved 1114112K
  class space    used 5839K, committed 6528K, reserved 1048576K

Card table byte_map: [0x00000177dbe80000,0x00000177dc090000] _byte_map_base: 0x00000177db880000

Marking Bits: (ParMarkBitMap*) 0x00007ffe76a831f0
 Begin Bits: [0x00000177ee6a0000, 0x00000177ef6a0000)
 End Bits:   [0x00000177ef6a0000, 0x00000177f06a0000)

Polling page: 0x00000177dbc70000

Metaspace:

Usage:
  Non-class:     49.38 MB used.
      Class:      5.70 MB used.
       Both:     55.08 MB used.

Virtual space:
  Non-class space:       64.00 MB reserved,      50.19 MB ( 78%) committed,  1 nodes.
      Class space:        1.00 GB reserved,       6.38 MB ( <1%) committed,  1 nodes.
             Both:        1.06 GB reserved,      56.56 MB (  5%) committed. 

Chunk freelists:
   Non-Class:  13.41 MB
       Class:  9.68 MB
        Both:  23.09 MB

MaxMetaspaceSize: unlimited
CompressedClassSpaceSize: 1.00 GB
Initial GC threshold: 21.00 MB
Current GC threshold: 58.38 MB
CDS: on
 - commit_granule_bytes: 65536.
 - commit_granule_words: 8192.
 - virtual_space_node_default_size: 8388608.
 - enlarge_chunks_in_place: 1.
 - use_allocation_guard: 0.


Internal statistics:

num_allocs_failed_limit: 6.
num_arena_births: 1156.
num_arena_deaths: 14.
num_vsnodes_births: 2.
num_vsnodes_deaths: 0.
num_space_committed: 905.
num_space_uncommitted: 0.
num_chunks_returned_to_freelist: 20.
num_chunks_taken_from_freelist: 3795.
num_chunk_merges: 9.
num_chunk_splits: 2344.
num_chunks_enlarged: 1284.
num_inconsistent_stats: 0.

CodeHeap 'non-profiled nmethods': size=120000Kb used=3591Kb max_used=3591Kb free=116408Kb
 bounds [0x00000177e7170000, 0x00000177e7500000, 0x00000177ee6a0000]
CodeHeap 'profiled nmethods': size=120000Kb used=18665Kb max_used=18665Kb free=101334Kb
 bounds [0x00000177df6a0000, 0x00000177e08e0000, 0x00000177e6bd0000]
CodeHeap 'non-nmethods': size=5760Kb used=1392Kb max_used=1446Kb free=4367Kb
 bounds [0x00000177e6bd0000, 0x00000177e6e40000, 0x00000177e7170000]
 total_blobs=9204 nmethods=8504 adapters=606
 compilation: enabled
              stopped_count=0, restarted_count=0
 full_count=0

Compilation events (20 events):
Event: 9.599 Thread 0x00000177f0870f00 9106       2       lombok.core.handlers.HandlerUtil::toAllSetterNames (15 bytes)
Event: 9.599 Thread 0x00000177f0870f00 nmethod 9106 0x00000177e08c9610 code [0x00000177e08c97c0, 0x00000177e08c98d8]
Event: 9.599 Thread 0x00000177f0870f00 9107   !   2       lombok.eclipse.handlers.HandleSetter::$SWITCH_TABLE$lombok$eclipse$handlers$EclipseHandlerUtil$MemberExistsResult (61 bytes)
Event: 9.599 Thread 0x00000177f0870f00 nmethod 9107 0x00000177e08c9990 code [0x00000177e08c9b60, 0x00000177e08c9e48]
Event: 9.599 Thread 0x00000177f0870f00 9109       2       lombok.core.handlers.HandlerUtil::toSetterName (15 bytes)
Event: 9.599 Thread 0x00000177f0870f00 nmethod 9109 0x00000177e08ca090 code [0x00000177e08ca240, 0x00000177e08ca358]
Event: 9.599 Thread 0x00000177f0870f00 9110       2       java.util.List::of (9 bytes)
Event: 9.600 Thread 0x00000177f0870f00 nmethod 9110 0x00000177e08ca410 code [0x00000177e08ca5c0, 0x00000177e08ca808]
Event: 9.600 Thread 0x00000177f0870f00 9111       2       java.nio.charset.CharsetDecoder::onMalformedInput (26 bytes)
Event: 9.600 Thread 0x00000177f0870f00 nmethod 9111 0x00000177e08ca910 code [0x00000177e08caac0, 0x00000177e08caca8]
Event: 9.601 Thread 0x00000177f0870f00 9112       2       java.nio.charset.CharsetDecoder::onUnmappableCharacter (26 bytes)
Event: 9.601 Thread 0x00000177f0870f00 nmethod 9112 0x00000177e08cad90 code [0x00000177e08caf40, 0x00000177e08cb128]
Event: 9.608 Thread 0x00000177f0870f00 9113       3       java.lang.invoke.LambdaForm$MH/0x000001778162a800::invoke (42 bytes)
Event: 9.610 Thread 0x00000177f0870f00 nmethod 9113 0x00000177e08cb210 code [0x00000177e08cb4a0, 0x00000177e08cc220]
Event: 9.610 Thread 0x00000177f0870f00 9114       3       org.eclipse.jdt.internal.compiler.ast.Assignment::traverse (34 bytes)
Event: 9.611 Thread 0x00000177f0870f00 nmethod 9114 0x00000177e08cc690 code [0x00000177e08cc8a0, 0x00000177e08cced0]
Event: 9.613 Thread 0x00000177f0870f00 9115       2       org.eclipse.core.internal.resources.Container::findMember (7 bytes)
Event: 9.613 Thread 0x00000177f0870f00 nmethod 9115 0x00000177e08cd190 code [0x00000177e08cd340, 0x00000177e08cd470]
Event: 9.615 Thread 0x00000177f0870f00 9116       3       java.lang.invoke.LambdaForm$MH/0x000001778162a400::invoke (42 bytes)
Event: 9.616 Thread 0x00000177f0870f00 nmethod 9116 0x00000177e08cd510 code [0x00000177e08cd7a0, 0x00000177e08ce440]

GC Heap History (20 events):
Event: 8.685 GC heap before
{Heap before GC invocations=35 (full 2):
 PSYoungGen      total 22016K, used 21920K [0x00000000eab00000, 0x00000000ec500000, 0x0000000100000000)
  eden space 20480K, 100% used [0x00000000eab00000,0x00000000ebf00000,0x00000000ebf00000)
  from space 1536K, 93% used [0x00000000ec380000,0x00000000ec4e8040,0x00000000ec500000)
  to   space 2048K, 0% used [0x00000000ec100000,0x00000000ec100000,0x00000000ec300000)
 ParOldGen       total 68608K, used 65099K [0x00000000c0000000, 0x00000000c4300000, 0x00000000eab00000)
  object space 68608K, 94% used [0x00000000c0000000,0x00000000c3f92ea0,0x00000000c4300000)
 Metaspace       used 54704K, committed 56064K, reserved 1114112K
  class space    used 5717K, committed 6336K, reserved 1048576K
}
Event: 8.689 GC heap after
{Heap after GC invocations=35 (full 2):
 PSYoungGen      total 22016K, used 1529K [0x00000000eab00000, 0x00000000ec400000, 0x0000000100000000)
  eden space 20480K, 0% used [0x00000000eab00000,0x00000000eab00000,0x00000000ebf00000)
  from space 1536K, 99% used [0x00000000ec100000,0x00000000ec27e6d0,0x00000000ec280000)
  to   space 1536K, 0% used [0x00000000ec280000,0x00000000ec280000,0x00000000ec400000)
 ParOldGen       total 68608K, used 66471K [0x00000000c0000000, 0x00000000c4300000, 0x00000000eab00000)
  object space 68608K, 96% used [0x00000000c0000000,0x00000000c40e9fa8,0x00000000c4300000)
 Metaspace       used 54704K, committed 56064K, reserved 1114112K
  class space    used 5717K, committed 6336K, reserved 1048576K
}
Event: 8.821 GC heap before
{Heap before GC invocations=36 (full 2):
 PSYoungGen      total 22016K, used 22009K [0x00000000eab00000, 0x00000000ec400000, 0x0000000100000000)
  eden space 20480K, 100% used [0x00000000eab00000,0x00000000ebf00000,0x00000000ebf00000)
  from space 1536K, 99% used [0x00000000ec100000,0x00000000ec27e6d0,0x00000000ec280000)
  to   space 1536K, 0% used [0x00000000ec280000,0x00000000ec280000,0x00000000ec400000)
 ParOldGen       total 68608K, used 66471K [0x00000000c0000000, 0x00000000c4300000, 0x00000000eab00000)
  object space 68608K, 96% used [0x00000000c0000000,0x00000000c40e9fa8,0x00000000c4300000)
 Metaspace       used 54764K, committed 56192K, reserved 1114112K
  class space    used 5717K, committed 6336K, reserved 1048576K
}
Event: 8.825 GC heap after
{Heap after GC invocations=36 (full 2):
 PSYoungGen      total 22016K, used 1529K [0x00000000eab00000, 0x00000000ec600000, 0x0000000100000000)
  eden space 20480K, 0% used [0x00000000eab00000,0x00000000eab00000,0x00000000ebf00000)
  from space 1536K, 99% used [0x00000000ec280000,0x00000000ec3fe480,0x00000000ec400000)
  to   space 3584K, 0% used [0x00000000ebf00000,0x00000000ebf00000,0x00000000ec280000)
 ParOldGen       total 68608K, used 68192K [0x00000000c0000000, 0x00000000c4300000, 0x00000000eab00000)
  object space 68608K, 99% used [0x00000000c0000000,0x00000000c4298150,0x00000000c4300000)
 Metaspace       used 54764K, committed 56192K, reserved 1114112K
  class space    used 5717K, committed 6336K, reserved 1048576K
}
Event: 8.945 GC heap before
{Heap before GC invocations=37 (full 2):
 PSYoungGen      total 22016K, used 22009K [0x00000000eab00000, 0x00000000ec600000, 0x0000000100000000)
  eden space 20480K, 100% used [0x00000000eab00000,0x00000000ebf00000,0x00000000ebf00000)
  from space 1536K, 99% used [0x00000000ec280000,0x00000000ec3fe480,0x00000000ec400000)
  to   space 3584K, 0% used [0x00000000ebf00000,0x00000000ebf00000,0x00000000ec280000)
 ParOldGen       total 68608K, used 68192K [0x00000000c0000000, 0x00000000c4300000, 0x00000000eab00000)
  object space 68608K, 99% used [0x00000000c0000000,0x00000000c4298150,0x00000000c4300000)
 Metaspace       used 54819K, committed 56256K, reserved 1114112K
  class space    used 5717K, committed 6336K, reserved 1048576K
}
Event: 8.948 GC heap after
{Heap after GC invocations=37 (full 2):
 PSYoungGen      total 22528K, used 1648K [0x00000000eab00000, 0x00000000ec400000, 0x0000000100000000)
  eden space 20480K, 0% used [0x00000000eab00000,0x00000000eab00000,0x00000000ebf00000)
  from space 2048K, 80% used [0x00000000ebf00000,0x00000000ec09c050,0x00000000ec100000)
  to   space 2560K, 0% used [0x00000000ec180000,0x00000000ec180000,0x00000000ec400000)
 ParOldGen       total 70144K, used 69727K [0x00000000c0000000, 0x00000000c4480000, 0x00000000eab00000)
  object space 70144K, 99% used [0x00000000c0000000,0x00000000c4417e30,0x00000000c4480000)
 Metaspace       used 54819K, committed 56256K, reserved 1114112K
  class space    used 5717K, committed 6336K, reserved 1048576K
}
Event: 9.028 GC heap before
{Heap before GC invocations=38 (full 2):
 PSYoungGen      total 22528K, used 22128K [0x00000000eab00000, 0x00000000ec400000, 0x0000000100000000)
  eden space 20480K, 100% used [0x00000000eab00000,0x00000000ebf00000,0x00000000ebf00000)
  from space 2048K, 80% used [0x00000000ebf00000,0x00000000ec09c050,0x00000000ec100000)
  to   space 2560K, 0% used [0x00000000ec180000,0x00000000ec180000,0x00000000ec400000)
 ParOldGen       total 70144K, used 69727K [0x00000000c0000000, 0x00000000c4480000, 0x00000000eab00000)
  object space 70144K, 99% used [0x00000000c0000000,0x00000000c4417e30,0x00000000c4480000)
 Metaspace       used 54866K, committed 56256K, reserved 1114112K
  class space    used 5719K, committed 6336K, reserved 1048576K
}
Event: 9.032 GC heap after
{Heap after GC invocations=38 (full 2):
 PSYoungGen      total 22016K, used 1440K [0x00000000eab00000, 0x00000000ec300000, 0x0000000100000000)
  eden space 20480K, 0% used [0x00000000eab00000,0x00000000eab00000,0x00000000ebf00000)
  from space 1536K, 93% used [0x00000000ec180000,0x00000000ec2e8040,0x00000000ec300000)
  to   space 2048K, 0% used [0x00000000ebf00000,0x00000000ebf00000,0x00000000ec100000)
 ParOldGen       total 71680K, used 71348K [0x00000000c0000000, 0x00000000c4600000, 0x00000000eab00000)
  object space 71680K, 99% used [0x00000000c0000000,0x00000000c45ad398,0x00000000c4600000)
 Metaspace       used 54866K, committed 56256K, reserved 1114112K
  class space    used 5719K, committed 6336K, reserved 1048576K
}
Event: 9.143 GC heap before
{Heap before GC invocations=39 (full 2):
 PSYoungGen      total 22016K, used 21920K [0x00000000eab00000, 0x00000000ec300000, 0x0000000100000000)
  eden space 20480K, 100% used [0x00000000eab00000,0x00000000ebf00000,0x00000000ebf00000)
  from space 1536K, 93% used [0x00000000ec180000,0x00000000ec2e8040,0x00000000ec300000)
  to   space 2048K, 0% used [0x00000000ebf00000,0x00000000ebf00000,0x00000000ec100000)
 ParOldGen       total 71680K, used 71348K [0x00000000c0000000, 0x00000000c4600000, 0x00000000eab00000)
  object space 71680K, 99% used [0x00000000c0000000,0x00000000c45ad398,0x00000000c4600000)
 Metaspace       used 55206K, committed 56640K, reserved 1114112K
  class space    used 5741K, committed 6400K, reserved 1048576K
}
Event: 9.147 GC heap after
{Heap after GC invocations=39 (full 2):
 PSYoungGen      total 22528K, used 2039K [0x00000000eab00000, 0x00000000ec700000, 0x0000000100000000)
  eden space 20480K, 0% used [0x00000000eab00000,0x00000000eab00000,0x00000000ebf00000)
  from space 2048K, 99% used [0x00000000ebf00000,0x00000000ec0fdc00,0x00000000ec100000)
  to   space 4096K, 0% used [0x00000000ec300000,0x00000000ec300000,0x00000000ec700000)
 ParOldGen       total 73216K, used 72873K [0x00000000c0000000, 0x00000000c4780000, 0x00000000eab00000)
  object space 73216K, 99% used [0x00000000c0000000,0x00000000c472a4f0,0x00000000c4780000)
 Metaspace       used 55206K, committed 56640K, reserved 1114112K
  class space    used 5741K, committed 6400K, reserved 1048576K
}
Event: 9.217 GC heap before
{Heap before GC invocations=40 (full 2):
 PSYoungGen      total 22528K, used 22519K [0x00000000eab00000, 0x00000000ec700000, 0x0000000100000000)
  eden space 20480K, 100% used [0x00000000eab00000,0x00000000ebf00000,0x00000000ebf00000)
  from space 2048K, 99% used [0x00000000ebf00000,0x00000000ec0fdc00,0x00000000ec100000)
  to   space 4096K, 0% used [0x00000000ec300000,0x00000000ec300000,0x00000000ec700000)
 ParOldGen       total 73216K, used 72873K [0x00000000c0000000, 0x00000000c4780000, 0x00000000eab00000)
  object space 73216K, 99% used [0x00000000c0000000,0x00000000c472a4f0,0x00000000c4780000)
 Metaspace       used 55223K, committed 56640K, reserved 1114112K
  class space    used 5741K, committed 6400K, reserved 1048576K
}
Event: 9.219 GC heap after
{Heap after GC invocations=40 (full 2):
 PSYoungGen      total 21504K, used 918K [0x00000000eab00000, 0x00000000ec400000, 0x0000000100000000)
  eden space 20480K, 0% used [0x00000000eab00000,0x00000000eab00000,0x00000000ebf00000)
  from space 1024K, 89% used [0x00000000ec300000,0x00000000ec3e5828,0x00000000ec400000)
  to   space 2048K, 0% used [0x00000000ec000000,0x00000000ec000000,0x00000000ec200000)
 ParOldGen       total 74752K, used 74340K [0x00000000c0000000, 0x00000000c4900000, 0x00000000eab00000)
  object space 74752K, 99% used [0x00000000c0000000,0x00000000c4899358,0x00000000c4900000)
 Metaspace       used 55223K, committed 56640K, reserved 1114112K
  class space    used 5741K, committed 6400K, reserved 1048576K
}
Event: 9.348 GC heap before
{Heap before GC invocations=41 (full 2):
 PSYoungGen      total 21504K, used 21398K [0x00000000eab00000, 0x00000000ec400000, 0x0000000100000000)
  eden space 20480K, 100% used [0x00000000eab00000,0x00000000ebf00000,0x00000000ebf00000)
  from space 1024K, 89% used [0x00000000ec300000,0x00000000ec3e5828,0x00000000ec400000)
  to   space 2048K, 0% used [0x00000000ec000000,0x00000000ec000000,0x00000000ec200000)
 ParOldGen       total 74752K, used 74340K [0x00000000c0000000, 0x00000000c4900000, 0x00000000eab00000)
  object space 74752K, 99% used [0x00000000c0000000,0x00000000c4899358,0x00000000c4900000)
 Metaspace       used 56239K, committed 57664K, reserved 1114112K
  class space    used 5825K, committed 6464K, reserved 1048576K
}
Event: 9.351 GC heap after
{Heap after GC invocations=41 (full 2):
 PSYoungGen      total 22528K, used 656K [0x00000000eab00000, 0x00000000ec380000, 0x0000000100000000)
  eden space 20480K, 0% used [0x00000000eab00000,0x00000000eab00000,0x00000000ebf00000)
  from space 2048K, 32% used [0x00000000ec000000,0x00000000ec0a4010,0x00000000ec200000)
  to   space 1024K, 0% used [0x00000000ec280000,0x00000000ec280000,0x00000000ec380000)
 ParOldGen       total 74752K, used 74348K [0x00000000c0000000, 0x00000000c4900000, 0x00000000eab00000)
  object space 74752K, 99% used [0x00000000c0000000,0x00000000c489b358,0x00000000c4900000)
 Metaspace       used 56239K, committed 57664K, reserved 1114112K
  class space    used 5825K, committed 6464K, reserved 1048576K
}
Event: 9.447 GC heap before
{Heap before GC invocations=42 (full 2):
 PSYoungGen      total 22528K, used 21136K [0x00000000eab00000, 0x00000000ec380000, 0x0000000100000000)
  eden space 20480K, 100% used [0x00000000eab00000,0x00000000ebf00000,0x00000000ebf00000)
  from space 2048K, 32% used [0x00000000ec000000,0x00000000ec0a4010,0x00000000ec200000)
  to   space 1024K, 0% used [0x00000000ec280000,0x00000000ec280000,0x00000000ec380000)
 ParOldGen       total 74752K, used 74348K [0x00000000c0000000, 0x00000000c4900000, 0x00000000eab00000)
  object space 74752K, 99% used [0x00000000c0000000,0x00000000c489b358,0x00000000c4900000)
 Metaspace       used 56275K, committed 57664K, reserved 1114112K
  class space    used 5825K, committed 6464K, reserved 1048576K
}
Event: 9.451 GC heap after
{Heap after GC invocations=42 (full 2):
 PSYoungGen      total 21504K, used 1008K [0x00000000eab00000, 0x00000000ec380000, 0x0000000100000000)
  eden space 20480K, 0% used [0x00000000eab00000,0x00000000eab00000,0x00000000ebf00000)
  from space 1024K, 98% used [0x00000000ec280000,0x00000000ec37c030,0x00000000ec380000)
  to   space 2048K, 0% used [0x00000000ebf80000,0x00000000ebf80000,0x00000000ec180000)
 ParOldGen       total 75264K, used 75124K [0x00000000c0000000, 0x00000000c4980000, 0x00000000eab00000)
  object space 75264K, 99% used [0x00000000c0000000,0x00000000c495d3e8,0x00000000c4980000)
 Metaspace       used 56275K, committed 57664K, reserved 1114112K
  class space    used 5825K, committed 6464K, reserved 1048576K
}
Event: 9.521 GC heap before
{Heap before GC invocations=43 (full 2):
 PSYoungGen      total 21504K, used 21488K [0x00000000eab00000, 0x00000000ec380000, 0x0000000100000000)
  eden space 20480K, 100% used [0x00000000eab00000,0x00000000ebf00000,0x00000000ebf00000)
  from space 1024K, 98% used [0x00000000ec280000,0x00000000ec37c030,0x00000000ec380000)
  to   space 2048K, 0% used [0x00000000ebf80000,0x00000000ebf80000,0x00000000ec180000)
 ParOldGen       total 75264K, used 75124K [0x00000000c0000000, 0x00000000c4980000, 0x00000000eab00000)
  object space 75264K, 99% used [0x00000000c0000000,0x00000000c495d3e8,0x00000000c4980000)
 Metaspace       used 56310K, committed 57664K, reserved 1114112K
  class space    used 5828K, committed 6464K, reserved 1048576K
}
Event: 9.525 GC heap after
{Heap after GC invocations=43 (full 2):
 PSYoungGen      total 22528K, used 1280K [0x00000000eab00000, 0x00000000ec300000, 0x0000000100000000)
  eden space 20480K, 0% used [0x00000000eab00000,0x00000000eab00000,0x00000000ebf00000)
  from space 2048K, 62% used [0x00000000ebf80000,0x00000000ec0c0080,0x00000000ec180000)
  to   space 1536K, 0% used [0x00000000ec180000,0x00000000ec180000,0x00000000ec300000)
 ParOldGen       total 76288K, used 76125K [0x00000000c0000000, 0x00000000c4a80000, 0x00000000eab00000)
  object space 76288K, 99% used [0x00000000c0000000,0x00000000c4a57458,0x00000000c4a80000)
 Metaspace       used 56310K, committed 57664K, reserved 1114112K
  class space    used 5828K, committed 6464K, reserved 1048576K
}
Event: 9.604 GC heap before
{Heap before GC invocations=44 (full 2):
 PSYoungGen      total 22528K, used 21760K [0x00000000eab00000, 0x00000000ec300000, 0x0000000100000000)
  eden space 20480K, 100% used [0x00000000eab00000,0x00000000ebf00000,0x00000000ebf00000)
  from space 2048K, 62% used [0x00000000ebf80000,0x00000000ec0c0080,0x00000000ec180000)
  to   space 1536K, 0% used [0x00000000ec180000,0x00000000ec180000,0x00000000ec300000)
 ParOldGen       total 76288K, used 76125K [0x00000000c0000000, 0x00000000c4a80000, 0x00000000eab00000)
  object space 76288K, 99% used [0x00000000c0000000,0x00000000c4a57458,0x00000000c4a80000)
 Metaspace       used 56381K, committed 57856K, reserved 1114112K
  class space    used 5837K, committed 6528K, reserved 1048576K
}
Event: 9.606 GC heap after
{Heap after GC invocations=44 (full 2):
 PSYoungGen      total 22016K, used 1280K [0x00000000eab00000, 0x00000000ec300000, 0x0000000100000000)
  eden space 20480K, 0% used [0x00000000eab00000,0x00000000eab00000,0x00000000ebf00000)
  from space 1536K, 83% used [0x00000000ec180000,0x00000000ec2c0080,0x00000000ec300000)
  to   space 1536K, 0% used [0x00000000ec000000,0x00000000ec000000,0x00000000ec180000)
 ParOldGen       total 77824K, used 77347K [0x00000000c0000000, 0x00000000c4c00000, 0x00000000eab00000)
  object space 77824K, 99% used [0x00000000c0000000,0x00000000c4b88f28,0x00000000c4c00000)
 Metaspace       used 56381K, committed 57856K, reserved 1114112K
  class space    used 5837K, committed 6528K, reserved 1048576K
}

Dll operation events (10 events):
Event: 0.008 Loaded shared library c:\Users\JUSTO\.cursor\extensions\redhat.java-1.42.0-win32-x64\jre\21.0.7-win32-x86_64\bin\java.dll
Event: 0.072 Loaded shared library c:\Users\JUSTO\.cursor\extensions\redhat.java-1.42.0-win32-x64\jre\21.0.7-win32-x86_64\bin\zip.dll
Event: 0.091 Loaded shared library C:\Users\JUSTO\.cursor\extensions\redhat.java-1.42.0-win32-x64\jre\21.0.7-win32-x86_64\bin\instrument.dll
Event: 0.095 Loaded shared library C:\Users\JUSTO\.cursor\extensions\redhat.java-1.42.0-win32-x64\jre\21.0.7-win32-x86_64\bin\net.dll
Event: 0.098 Loaded shared library C:\Users\JUSTO\.cursor\extensions\redhat.java-1.42.0-win32-x64\jre\21.0.7-win32-x86_64\bin\nio.dll
Event: 0.101 Loaded shared library C:\Users\JUSTO\.cursor\extensions\redhat.java-1.42.0-win32-x64\jre\21.0.7-win32-x86_64\bin\zip.dll
Event: 0.116 Loaded shared library C:\Users\JUSTO\.cursor\extensions\redhat.java-1.42.0-win32-x64\jre\21.0.7-win32-x86_64\bin\jimage.dll
Event: 0.181 Loaded shared library c:\Users\JUSTO\.cursor\extensions\redhat.java-1.42.0-win32-x64\jre\21.0.7-win32-x86_64\bin\verify.dll
Event: 1.303 Loaded shared library C:\Users\JUSTO\AppData\Roaming\Cursor\User\globalStorage\redhat.java\1.42.0\config_win\org.eclipse.equinox.launcher\org.eclipse.equinox.launcher.win32.win32.x86_64_1.2.1300.v20250331-1702\eclipse_11911.dll
Event: 2.561 Loaded shared library C:\Users\JUSTO\AppData\Local\Temp\jna-70955235\jna15617631223180167642.dll

Deoptimization events (20 events):
Event: 9.157 Thread 0x00000177f79f5e00 Uncommon trap: trap_request=0xffffffde fr.pc=0x00000177e73665c0 relative=0x00000000000034c0
Event: 9.157 Thread 0x00000177f79f5e00 Uncommon trap: reason=class_check action=maybe_recompile pc=0x00000177e73665c0 method=lombok.patcher.PatchScript$MethodPatcher.visitMethod(ILjava/lang/String;Ljava/lang/String;Ljava/lang/String;[Ljava/lang/String;)Lorg/lombokweb/asm/MethodVisitor; @ 101 c
Event: 9.157 Thread 0x00000177f79f5e00 DEOPT PACKING pc=0x00000177e73665c0 sp=0x0000003fe98fa180
Event: 9.157 Thread 0x00000177f79f5e00 DEOPT UNPACKING pc=0x00000177e6c23aa2 sp=0x0000003fe98fa1a8 mode 2
Event: 9.157 Thread 0x00000177f79f5e00 Uncommon trap: trap_request=0xffffffde fr.pc=0x00000177e73665c0 relative=0x00000000000034c0
Event: 9.157 Thread 0x00000177f79f5e00 Uncommon trap: reason=class_check action=maybe_recompile pc=0x00000177e73665c0 method=lombok.patcher.PatchScript$MethodPatcher.visitMethod(ILjava/lang/String;Ljava/lang/String;Ljava/lang/String;[Ljava/lang/String;)Lorg/lombokweb/asm/MethodVisitor; @ 101 c
Event: 9.157 Thread 0x00000177f79f5e00 DEOPT PACKING pc=0x00000177e73665c0 sp=0x0000003fe98fa180
Event: 9.157 Thread 0x00000177f79f5e00 DEOPT UNPACKING pc=0x00000177e6c23aa2 sp=0x0000003fe98fa1a8 mode 2
Event: 9.157 Thread 0x00000177f79f5e00 Uncommon trap: trap_request=0xffffffde fr.pc=0x00000177e73665c0 relative=0x00000000000034c0
Event: 9.157 Thread 0x00000177f79f5e00 Uncommon trap: reason=class_check action=maybe_recompile pc=0x00000177e73665c0 method=lombok.patcher.PatchScript$MethodPatcher.visitMethod(ILjava/lang/String;Ljava/lang/String;Ljava/lang/String;[Ljava/lang/String;)Lorg/lombokweb/asm/MethodVisitor; @ 101 c
Event: 9.157 Thread 0x00000177f79f5e00 DEOPT PACKING pc=0x00000177e73665c0 sp=0x0000003fe98fa180
Event: 9.157 Thread 0x00000177f79f5e00 DEOPT UNPACKING pc=0x00000177e6c23aa2 sp=0x0000003fe98fa1a8 mode 2
Event: 9.215 Thread 0x00000177f79f5e00 DEOPT PACKING pc=0x00000177e08149a3 sp=0x0000003fe98fa340
Event: 9.215 Thread 0x00000177f79f5e00 DEOPT UNPACKING pc=0x00000177e6c24242 sp=0x0000003fe98f9808 mode 0
Event: 9.255 Thread 0x00000177f79f5e00 DEOPT PACKING pc=0x00000177e02ea0d5 sp=0x0000003fe98f7160
Event: 9.255 Thread 0x00000177f79f5e00 DEOPT UNPACKING pc=0x00000177e6c24242 sp=0x0000003fe98f6668 mode 0
Event: 9.454 Thread 0x00000177f79f5e00 DEOPT PACKING pc=0x00000177e076bc8a sp=0x0000003fe98fe300
Event: 9.454 Thread 0x00000177f79f5e00 DEOPT UNPACKING pc=0x00000177e6c24242 sp=0x0000003fe98fd7e0 mode 0
Event: 9.577 Thread 0x00000177f79f5e00 DEOPT PACKING pc=0x00000177e076bc8a sp=0x0000003fe98fe300
Event: 9.577 Thread 0x00000177f79f5e00 DEOPT UNPACKING pc=0x00000177e6c24242 sp=0x0000003fe98fd7e0 mode 0

Classes loaded (20 events):
Event: 6.711 Loading class java/util/concurrent/CompletableFuture$Completion
Event: 6.711 Loading class java/util/concurrent/CompletableFuture$AsynchronousCompletionTask
Event: 6.711 Loading class java/util/concurrent/CompletableFuture$AsynchronousCompletionTask done
Event: 6.711 Loading class java/util/concurrent/CompletableFuture$Completion done
Event: 6.814 Loading class java/util/regex/Pattern$Pos
Event: 6.814 Loading class java/util/regex/Pattern$Pos done
Event: 6.888 Loading class sun/security/provider/MD5
Event: 6.919 Loading class sun/security/provider/MD5 done
Event: 6.919 Loading class sun/security/provider/ByteArrayAccess$LE
Event: 6.919 Loading class sun/security/provider/ByteArrayAccess$LE done
Event: 7.593 Loading class java/util/Vector$1
Event: 7.593 Loading class java/util/Vector$1 done
Event: 7.854 Loading class java/util/regex/Pattern$Caret
Event: 7.854 Loading class java/util/regex/Pattern$Caret done
Event: 7.889 Loading class java/util/regex/Pattern$LazyLoop
Event: 7.889 Loading class java/util/regex/Pattern$LazyLoop done
Event: 7.976 Loading class java/nio/file/FileTreeIterator
Event: 7.976 Loading class java/nio/file/FileTreeIterator done
Event: 8.212 Loading class java/util/WeakHashMap$KeyIterator
Event: 8.213 Loading class java/util/WeakHashMap$KeyIterator done

Classes unloaded (7 events):
Event: 3.096 Thread 0x00000177dc562bb0 Unloading class 0x00000177811a3c00 'java/lang/invoke/LambdaForm$MH+0x00000177811a3c00'
Event: 3.096 Thread 0x00000177dc562bb0 Unloading class 0x00000177811a3800 'java/lang/invoke/LambdaForm$MH+0x00000177811a3800'
Event: 3.096 Thread 0x00000177dc562bb0 Unloading class 0x00000177811a3400 'java/lang/invoke/LambdaForm$MH+0x00000177811a3400'
Event: 3.096 Thread 0x00000177dc562bb0 Unloading class 0x00000177811a3000 'java/lang/invoke/LambdaForm$MH+0x00000177811a3000'
Event: 3.096 Thread 0x00000177dc562bb0 Unloading class 0x00000177811a2c00 'java/lang/invoke/LambdaForm$BMH+0x00000177811a2c00'
Event: 3.096 Thread 0x00000177dc562bb0 Unloading class 0x00000177811a2800 'java/lang/invoke/LambdaForm$DMH+0x00000177811a2800'
Event: 3.096 Thread 0x00000177dc562bb0 Unloading class 0x00000177811a1400 'java/lang/invoke/LambdaForm$DMH+0x00000177811a1400'

Classes redefined (0 events):
No events

Internal exceptions (20 events):
Event: 7.185 Thread 0x00000177f7525140 Exception <a 'sun/nio/fs/WindowsException'{0x00000000eb321df0}> (0x00000000eb321df0) 
thrown [s\src\hotspot\share\prims\jni.cpp, line 520]
Event: 7.185 Thread 0x00000177f7524420 Exception <a 'sun/nio/fs/WindowsException'{0x00000000eb3626d8}> (0x00000000eb3626d8) 
thrown [s\src\hotspot\share\prims\jni.cpp, line 520]
Event: 7.186 Thread 0x00000177f7524420 Exception <a 'sun/nio/fs/WindowsException'{0x00000000eb365070}> (0x00000000eb365070) 
thrown [s\src\hotspot\share\prims\jni.cpp, line 520]
Event: 7.236 Thread 0x00000177f79f5e00 Exception <a 'sun/nio/fs/WindowsException'{0x00000000eb2a4308}> (0x00000000eb2a4308) 
thrown [s\src\hotspot\share\prims\jni.cpp, line 520]
Event: 7.242 Thread 0x00000177f79f5e00 Exception <a 'sun/nio/fs/WindowsException'{0x00000000eb2ab5a0}> (0x00000000eb2ab5a0) 
thrown [s\src\hotspot\share\prims\jni.cpp, line 520]
Event: 7.243 Thread 0x00000177f7523d90 Exception <a 'sun/nio/fs/WindowsException'{0x00000000eb3adbc0}> (0x00000000eb3adbc0) 
thrown [s\src\hotspot\share\prims\jni.cpp, line 520]
Event: 7.256 Thread 0x00000177f79f5e00 Exception <a 'sun/nio/fs/WindowsException'{0x00000000eb4106f8}> (0x00000000eb4106f8) 
thrown [s\src\hotspot\share\prims\jni.cpp, line 520]
Event: 7.262 Thread 0x00000177f79f5e00 Exception <a 'sun/nio/fs/WindowsException'{0x00000000eb439c10}> (0x00000000eb439c10) 
thrown [s\src\hotspot\share\prims\jni.cpp, line 520]
Event: 7.269 Thread 0x00000177f79f5e00 Exception <a 'sun/nio/fs/WindowsException'{0x00000000eb4533f0}> (0x00000000eb4533f0) 
thrown [s\src\hotspot\share\prims\jni.cpp, line 520]
Event: 7.277 Thread 0x00000177f79f5e00 Exception <a 'sun/nio/fs/WindowsException'{0x00000000eb46dbd8}> (0x00000000eb46dbd8) 
thrown [s\src\hotspot\share\prims\jni.cpp, line 520]
Event: 7.283 Thread 0x00000177f79f5e00 Exception <a 'sun/nio/fs/WindowsException'{0x00000000eb4811d8}> (0x00000000eb4811d8) 
thrown [s\src\hotspot\share\prims\jni.cpp, line 520]
Event: 7.288 Thread 0x00000177f79f5e00 Exception <a 'sun/nio/fs/WindowsException'{0x00000000eb490328}> (0x00000000eb490328) 
thrown [s\src\hotspot\share\prims\jni.cpp, line 520]
Event: 8.205 Thread 0x00000177f6ff57f0 Exception <a 'sun/nio/fs/WindowsException'{0x00000000eb0101a0}> (0x00000000eb0101a0) 
thrown [s\src\hotspot\share\prims\jni.cpp, line 520]
Event: 8.205 Thread 0x00000177f6ff57f0 Exception <a 'sun/nio/fs/WindowsException'{0x00000000eb010cc8}> (0x00000000eb010cc8) 
thrown [s\src\hotspot\share\prims\jni.cpp, line 520]
Event: 8.216 Thread 0x00000177f6ff57f0 Exception <a 'java/io/FileNotFoundException'{0x00000000eb06b0c0}> (0x00000000eb06b0c0) 
thrown [s\src\hotspot\share\prims\jni.cpp, line 520]
Event: 8.216 Thread 0x00000177f6ff57f0 Exception <a 'java/io/FileNotFoundException'{0x00000000eb06c430}> (0x00000000eb06c430) 
thrown [s\src\hotspot\share\prims\jni.cpp, line 520]
Event: 8.216 Thread 0x00000177f6ff57f0 Exception <a 'java/io/FileNotFoundException'{0x00000000eb06d440}> (0x00000000eb06d440) 
thrown [s\src\hotspot\share\prims\jni.cpp, line 520]
Event: 8.403 Thread 0x00000177f79f5e00 Exception <a 'java/lang/NoSuchMethodError'{0x00000000eb8bd308}: 'java.lang.Object java.lang.invoke.DirectMethodHandle$Holder.invokeStatic(java.lang.Object, java.lang.Object, int, int)'> (0x00000000eb8bd308) 
thrown [s\src\hotspot\share\interpreter\linkResolver.cpp, line 773]
Event: 8.404 Thread 0x00000177f79f5e00 Exception <a 'java/lang/NoSuchMethodError'{0x00000000eb8c1708}: 'java.lang.Object java.lang.invoke.DirectMethodHandle$Holder.invokeSpecial(java.lang.Object, java.lang.Object, java.lang.Object, int, int)'> (0x00000000eb8c1708) 
thrown [s\src\hotspot\share\interpreter\linkResolver.cpp, line 773]
Event: 9.551 Thread 0x00000177f79f5e00 Exception <a 'java/lang/NoSuchMethodError'{0x00000000eb14ce08}: 'void java.lang.invoke.DelegatingMethodHandle$Holder.reinvoke_L(java.lang.Object, java.lang.Object, java.lang.Object, int, java.lang.Object, int, int)'> (0x00000000eb14ce08) 
thrown [s\src\hotspot\share\interpreter\linkResolver.cpp, line 773]

ZGC Phase Switch (0 events):
No events

VM Operations (20 events):
Event: 8.685 Executing VM operation: ParallelGCFailedAllocation (Allocation Failure)
Event: 8.689 Executing VM operation: ParallelGCFailedAllocation (Allocation Failure) done
Event: 8.821 Executing VM operation: ParallelGCFailedAllocation (Allocation Failure)
Event: 8.825 Executing VM operation: ParallelGCFailedAllocation (Allocation Failure) done
Event: 8.945 Executing VM operation: ParallelGCFailedAllocation (Allocation Failure)
Event: 8.948 Executing VM operation: ParallelGCFailedAllocation (Allocation Failure) done
Event: 9.028 Executing VM operation: ParallelGCFailedAllocation (Allocation Failure)
Event: 9.032 Executing VM operation: ParallelGCFailedAllocation (Allocation Failure) done
Event: 9.143 Executing VM operation: ParallelGCFailedAllocation (Allocation Failure)
Event: 9.147 Executing VM operation: ParallelGCFailedAllocation (Allocation Failure) done
Event: 9.217 Executing VM operation: ParallelGCFailedAllocation (Allocation Failure)
Event: 9.219 Executing VM operation: ParallelGCFailedAllocation (Allocation Failure) done
Event: 9.348 Executing VM operation: ParallelGCFailedAllocation (Allocation Failure)
Event: 9.351 Executing VM operation: ParallelGCFailedAllocation (Allocation Failure) done
Event: 9.447 Executing VM operation: ParallelGCFailedAllocation (Allocation Failure)
Event: 9.451 Executing VM operation: ParallelGCFailedAllocation (Allocation Failure) done
Event: 9.521 Executing VM operation: ParallelGCFailedAllocation (Allocation Failure)
Event: 9.525 Executing VM operation: ParallelGCFailedAllocation (Allocation Failure) done
Event: 9.604 Executing VM operation: ParallelGCFailedAllocation (Allocation Failure)
Event: 9.606 Executing VM operation: ParallelGCFailedAllocation (Allocation Failure) done

Memory protections (0 events):
No events

Nmethod flushes (20 events):
Event: 4.661 Thread 0x00000177dc562bb0 flushing  nmethod 0x00000177dfd23990
Event: 4.661 Thread 0x00000177dc562bb0 flushing  nmethod 0x00000177dfd28890
Event: 4.661 Thread 0x00000177dc562bb0 flushing  nmethod 0x00000177dfd5f610
Event: 4.661 Thread 0x00000177dc562bb0 flushing  nmethod 0x00000177dfd60990
Event: 4.661 Thread 0x00000177dc562bb0 flushing  nmethod 0x00000177dfd61290
Event: 4.661 Thread 0x00000177dc562bb0 flushing  nmethod 0x00000177dfd62490
Event: 4.661 Thread 0x00000177dc562bb0 flushing  nmethod 0x00000177dfd62c90
Event: 4.661 Thread 0x00000177dc562bb0 flushing  nmethod 0x00000177dfd63410
Event: 4.661 Thread 0x00000177dc562bb0 flushing  nmethod 0x00000177dfd65510
Event: 4.661 Thread 0x00000177dc562bb0 flushing  nmethod 0x00000177dfd65e10
Event: 4.661 Thread 0x00000177dc562bb0 flushing  nmethod 0x00000177dfd66f10
Event: 4.661 Thread 0x00000177dc562bb0 flushing  nmethod 0x00000177dfd68610
Event: 4.661 Thread 0x00000177dc562bb0 flushing  nmethod 0x00000177dfd69590
Event: 4.661 Thread 0x00000177dc562bb0 flushing  nmethod 0x00000177dfd6a410
Event: 4.661 Thread 0x00000177dc562bb0 flushing  nmethod 0x00000177dfd9c210
Event: 4.661 Thread 0x00000177dc562bb0 flushing  nmethod 0x00000177dfda1d90
Event: 4.661 Thread 0x00000177dc562bb0 flushing  nmethod 0x00000177dfda3010
Event: 4.661 Thread 0x00000177dc562bb0 flushing  nmethod 0x00000177dfdabb10
Event: 4.661 Thread 0x00000177dc562bb0 flushing  nmethod 0x00000177dfe5d210
Event: 4.661 Thread 0x00000177dc562bb0 flushing  nmethod 0x00000177dfe5d690

Events (20 events):
Event: 4.624 Thread 0x00000177da2ee6e0 Thread added: 0x00000177f79facc0
Event: 4.692 Thread 0x00000177da2ee6e0 Thread added: 0x00000177f79f7840
Event: 4.969 Thread 0x00000177da2ee6e0 Thread added: 0x00000177f79f7ed0
Event: 4.969 Thread 0x00000177da2ee6e0 Thread added: 0x00000177f79f9910
Event: 5.454 Thread 0x00000177f6ff57f0 Thread added: 0x00000177f79f8bf0
Event: 5.456 Thread 0x00000177f6ff57f0 Thread added: 0x00000177f79f9280
Event: 5.469 Thread 0x00000177f79f9280 Thread added: 0x00000177f79f9fa0
Event: 5.470 Thread 0x00000177f79f8bf0 Thread added: 0x00000177f79fa630
Event: 5.471 Thread 0x00000177f79f9fa0 Thread added: 0x00000177f75264f0
Event: 7.108 Thread 0x00000177f79f5e00 Thread added: 0x00000177f7523d90
Event: 7.112 Thread 0x00000177f7523d90 Thread added: 0x00000177f7524420
Event: 7.115 Thread 0x00000177f7524420 Thread added: 0x00000177f7524ab0
Event: 7.117 Thread 0x00000177f7524ab0 Thread added: 0x00000177f75257d0
Event: 7.118 Thread 0x00000177f7524ab0 Thread added: 0x00000177f7525140
Event: 7.119 Thread 0x00000177f7524ab0 Thread added: 0x00000177f7527f30
Event: 7.337 Thread 0x00000177f79f5e00 Thread added: 0x00000177f75292e0
Event: 7.337 Thread 0x00000177f79f5e00 Thread added: 0x00000177f7523700
Event: 7.337 Thread 0x00000177f79f5e00 Thread added: 0x00000177f7528c50
Event: 7.337 Thread 0x00000177f79f5e00 Thread added: 0x00000177f7525e60
Event: 8.295 Thread 0x00000177f6ff4440 Thread exited: 0x00000177f6ff4440


Dynamic libraries:
0x00007ff7dcdd0000 - 0x00007ff7dcdde000 	c:\Users\JUSTO\.cursor\extensions\redhat.java-1.42.0-win32-x64\jre\21.0.7-win32-x86_64\bin\java.exe
0x00007ffed0f70000 - 0x00007ffed1168000 	C:\WINDOWS\SYSTEM32\ntdll.dll
0x00007ffecfde0000 - 0x00007ffecfea2000 	C:\WINDOWS\System32\KERNEL32.DLL
0x00007ffece6f0000 - 0x00007ffece9e6000 	C:\WINDOWS\System32\KERNELBASE.dll
0x00007ffeca270000 - 0x00007ffeca304000 	C:\WINDOWS\SYSTEM32\apphelp.dll
0x00007ffecea20000 - 0x00007ffeceb20000 	C:\WINDOWS\System32\ucrtbase.dll
0x00007ffeb5990000 - 0x00007ffeb59a8000 	c:\Users\JUSTO\.cursor\extensions\redhat.java-1.42.0-win32-x64\jre\21.0.7-win32-x86_64\bin\jli.dll
0x00007ffed0880000 - 0x00007ffed0a1d000 	C:\WINDOWS\System32\USER32.dll
0x00007ffeceda0000 - 0x00007ffecedc2000 	C:\WINDOWS\System32\win32u.dll
0x00007ffecfdb0000 - 0x00007ffecfddb000 	C:\WINDOWS\System32\GDI32.dll
0x00007ffecec80000 - 0x00007ffeced9a000 	C:\WINDOWS\System32\gdi32full.dll
0x00007ffecedd0000 - 0x00007ffecee6d000 	C:\WINDOWS\System32\msvcp_win.dll
0x00007ffeb5400000 - 0x00007ffeb541e000 	c:\Users\JUSTO\.cursor\extensions\redhat.java-1.42.0-win32-x64\jre\21.0.7-win32-x86_64\bin\VCRUNTIME140.dll
0x00007ffec1700000 - 0x00007ffec199a000 	C:\WINDOWS\WinSxS\amd64_microsoft.windows.common-controls_6595b64144ccf1df_6.0.19041.5794_none_60bcd33171f2783c\COMCTL32.dll
0x00007ffed0cb0000 - 0x00007ffed0d4e000 	C:\WINDOWS\System32\msvcrt.dll
0x00007ffecfd80000 - 0x00007ffecfdaf000 	C:\WINDOWS\System32\IMM32.DLL
0x00007ffeab5a0000 - 0x00007ffeab6fc000 	C:\Program Files (x86)\Citrix\ICA Client\ctxapclient64.dll
0x00007ffece9f0000 - 0x00007ffecea17000 	C:\WINDOWS\System32\bcrypt.dll
0x00007ffecf0c0000 - 0x00007ffecf413000 	C:\WINDOWS\System32\combase.dll
0x00007ffed0e00000 - 0x00007ffed0f23000 	C:\WINDOWS\System32\RPCRT4.dll
0x00007ffec7170000 - 0x00007ffec717a000 	C:\WINDOWS\SYSTEM32\VERSION.dll
0x00007ffecf630000 - 0x00007ffecf6df000 	C:\WINDOWS\System32\ADVAPI32.dll
0x00007ffed0b50000 - 0x00007ffed0bef000 	C:\WINDOWS\System32\sechost.dll
0x00007ffecd860000 - 0x00007ffecd893000 	C:\WINDOWS\SYSTEM32\ntmarta.dll
0x00007ffece660000 - 0x00007ffece6e2000 	C:\WINDOWS\System32\bcryptprimitives.dll
0x00007ffec1f50000 - 0x00007ffec1f5c000 	c:\Users\JUSTO\.cursor\extensions\redhat.java-1.42.0-win32-x64\jre\21.0.7-win32-x86_64\bin\vcruntime140_1.dll
0x00007ffe99100000 - 0x00007ffe9918d000 	c:\Users\JUSTO\.cursor\extensions\redhat.java-1.42.0-win32-x64\jre\21.0.7-win32-x86_64\bin\msvcp140.dll
0x00007ffe75dd0000 - 0x00007ffe76b60000 	c:\Users\JUSTO\.cursor\extensions\redhat.java-1.42.0-win32-x64\jre\21.0.7-win32-x86_64\bin\server\jvm.dll
0x00007ffecf490000 - 0x00007ffecf4fb000 	C:\WINDOWS\System32\WS2_32.dll
0x00007ffecdb10000 - 0x00007ffecdb5b000 	C:\WINDOWS\SYSTEM32\POWRPROF.dll
0x00007ffec31a0000 - 0x00007ffec31c7000 	C:\WINDOWS\SYSTEM32\WINMM.dll
0x00007ffecd9d0000 - 0x00007ffecd9e2000 	C:\WINDOWS\SYSTEM32\UMPDC.dll
0x00007ffecc470000 - 0x00007ffecc482000 	C:\WINDOWS\SYSTEM32\kernel.appcore.dll
0x00007ffebfe80000 - 0x00007ffebfe8a000 	c:\Users\JUSTO\.cursor\extensions\redhat.java-1.42.0-win32-x64\jre\21.0.7-win32-x86_64\bin\jimage.dll
0x00007ffec9560000 - 0x00007ffec9761000 	C:\WINDOWS\SYSTEM32\DBGHELP.DLL
0x00007ffeb2eb0000 - 0x00007ffeb2ee4000 	C:\WINDOWS\SYSTEM32\dbgcore.DLL
0x00007ffebd0c0000 - 0x00007ffebd0cf000 	c:\Users\JUSTO\.cursor\extensions\redhat.java-1.42.0-win32-x64\jre\21.0.7-win32-x86_64\bin\instrument.dll
0x00007ffeb3050000 - 0x00007ffeb306f000 	c:\Users\JUSTO\.cursor\extensions\redhat.java-1.42.0-win32-x64\jre\21.0.7-win32-x86_64\bin\java.dll
0x00007ffed0110000 - 0x00007ffed087e000 	C:\WINDOWS\System32\SHELL32.dll
0x00007ffecc670000 - 0x00007ffecce13000 	C:\WINDOWS\SYSTEM32\windows.storage.dll
0x00007ffecdf60000 - 0x00007ffecdf8b000 	C:\WINDOWS\SYSTEM32\Wldp.dll
0x00007ffecf560000 - 0x00007ffecf62d000 	C:\WINDOWS\System32\OLEAUT32.dll
0x00007ffed0060000 - 0x00007ffed010d000 	C:\WINDOWS\System32\SHCORE.dll
0x00000177f1be0000 - 0x00000177f1c35000 	C:\WINDOWS\System32\shlwapi.dll
0x00007ffece540000 - 0x00007ffece565000 	C:\WINDOWS\SYSTEM32\profapi.dll
0x00007ffeafac0000 - 0x00007ffeafad8000 	c:\Users\JUSTO\.cursor\extensions\redhat.java-1.42.0-win32-x64\jre\21.0.7-win32-x86_64\bin\zip.dll
0x00007ffebcaa0000 - 0x00007ffebcab0000 	C:\Users\JUSTO\.cursor\extensions\redhat.java-1.42.0-win32-x64\jre\21.0.7-win32-x86_64\bin\net.dll
0x00007ffec7860000 - 0x00007ffec796a000 	C:\WINDOWS\SYSTEM32\WINHTTP.dll
0x00007ffecdd40000 - 0x00007ffecddac000 	C:\WINDOWS\system32\mswsock.dll
0x00007ffeacc80000 - 0x00007ffeacc96000 	C:\Users\JUSTO\.cursor\extensions\redhat.java-1.42.0-win32-x64\jre\21.0.7-win32-x86_64\bin\nio.dll
0x00007ffebc780000 - 0x00007ffebc790000 	c:\Users\JUSTO\.cursor\extensions\redhat.java-1.42.0-win32-x64\jre\21.0.7-win32-x86_64\bin\verify.dll
0x00007ffea20b0000 - 0x00007ffea20f5000 	C:\Users\JUSTO\AppData\Roaming\Cursor\User\globalStorage\redhat.java\1.42.0\config_win\org.eclipse.equinox.launcher\org.eclipse.equinox.launcher.win32.win32.x86_64_1.2.1300.v20250331-1702\eclipse_11911.dll
0x00000177f1db0000 - 0x00000177f1edb000 	C:\WINDOWS\System32\ole32.dll
0x00007ffecdfa0000 - 0x00007ffecdfb8000 	C:\WINDOWS\SYSTEM32\CRYPTSP.dll
0x00007ffecd610000 - 0x00007ffecd648000 	C:\WINDOWS\system32\rsaenh.dll
0x00007ffece500000 - 0x00007ffece52e000 	C:\WINDOWS\SYSTEM32\USERENV.dll
0x00007ffecded0000 - 0x00007ffecdedc000 	C:\WINDOWS\SYSTEM32\CRYPTBASE.dll
0x00007ffecd9f0000 - 0x00007ffecda2b000 	C:\WINDOWS\SYSTEM32\IPHLPAPI.DLL
0x00007ffecfd70000 - 0x00007ffecfd78000 	C:\WINDOWS\System32\NSI.dll
0x00007ffe980c0000 - 0x00007ffe98109000 	C:\Users\JUSTO\AppData\Local\Temp\jna-70955235\jna15617631223180167642.dll
0x00007ffecf480000 - 0x00007ffecf488000 	C:\WINDOWS\System32\PSAPI.DLL
0x00007ffec8f30000 - 0x00007ffec8f47000 	C:\WINDOWS\SYSTEM32\dhcpcsvc6.DLL
0x00007ffec8f10000 - 0x00007ffec8f2d000 	C:\WINDOWS\SYSTEM32\dhcpcsvc.DLL

dbghelp: loaded successfully - version: 4.0.5 - missing functions: none
symbol engine: initialized successfully - sym options: 0x614 - pdb path: .;c:\Users\JUSTO\.cursor\extensions\redhat.java-1.42.0-win32-x64\jre\21.0.7-win32-x86_64\bin;C:\WINDOWS\SYSTEM32;C:\WINDOWS\WinSxS\amd64_microsoft.windows.common-controls_6595b64144ccf1df_6.0.19041.5794_none_60bcd33171f2783c;C:\Program Files (x86)\Citrix\ICA Client;c:\Users\JUSTO\.cursor\extensions\redhat.java-1.42.0-win32-x64\jre\21.0.7-win32-x86_64\bin\server;C:\Users\JUSTO\AppData\Roaming\Cursor\User\globalStorage\redhat.java\1.42.0\config_win\org.eclipse.equinox.launcher\org.eclipse.equinox.launcher.win32.win32.x86_64_1.2.1300.v20250331-1702;C:\Users\JUSTO\AppData\Local\Temp\jna-70955235

VM Arguments:
jvm_args: --add-modules=ALL-SYSTEM --add-opens=java.base/java.util=ALL-UNNAMED --add-opens=java.base/java.lang=ALL-UNNAMED --add-opens=java.base/sun.nio.fs=ALL-UNNAMED -Declipse.application=org.eclipse.jdt.ls.core.id1 -Dosgi.bundles.defaultStartLevel=4 -Declipse.product=org.eclipse.jdt.ls.core.product -Djava.import.generatesMetadataFilesAtProjectRoot=false -DDetectVMInstallationsJob.disabled=true -Dfile.encoding=utf8 -XX:+UseParallelGC -XX:GCTimeRatio=4 -XX:AdaptiveSizePolicyWeight=90 -Dsun.zip.disableMemoryMapping=true -Xmx1G -Xms100m -Xlog:disable -javaagent:c:\Users\JUSTO\.cursor\extensions\redhat.java-1.42.0-win32-x64\lombok\lombok-1.18.36.jar -XX:+HeapDumpOnOutOfMemoryError -XX:HeapDumpPath=c:\Users\JUSTO\AppData\Roaming\Cursor\User\workspaceStorage\93c4394802734d2fbf77bd7f75e9b452\redhat.java -Daether.dependencyCollector.impl=bf 
java_command: c:\Users\JUSTO\.cursor\extensions\redhat.java-1.42.0-win32-x64\server\plugins\org.eclipse.equinox.launcher_1.7.0.v20250424-1814.jar -configuration c:\Users\JUSTO\AppData\Roaming\Cursor\User\globalStorage\redhat.java\1.42.0\config_win -data c:\Users\JUSTO\AppData\Roaming\Cursor\User\workspaceStorage\93c4394802734d2fbf77bd7f75e9b452\redhat.java\jdt_ws --pipe=\\.\pipe\lsp-9bc812bf29b9ec0a92d960c2c7b53fb1-sock
java_class_path (initial): c:\Users\JUSTO\.cursor\extensions\redhat.java-1.42.0-win32-x64\server\plugins\org.eclipse.equinox.launcher_1.7.0.v20250424-1814.jar
Launcher Type: SUN_STANDARD

[Global flags]
    uintx AdaptiveSizePolicyWeight                 = 90                                        {product} {command line}
     intx CICompilerCount                          = 3                                         {product} {ergonomic}
    uintx GCTimeRatio                              = 4                                         {product} {command line}
     bool HeapDumpOnOutOfMemoryError               = true                                   {manageable} {command line}
    ccstr HeapDumpPath                             = c:\Users\JUSTO\AppData\Roaming\Cursor\User\workspaceStorage\93c4394802734d2fbf77bd7f75e9b452\redhat.java         {manageable} {command line}
   size_t InitialHeapSize                          = 104857600                                 {product} {command line}
   size_t MaxHeapSize                              = 1073741824                                {product} {command line}
   size_t MaxNewSize                               = 357564416                                 {product} {ergonomic}
   size_t MinHeapDeltaBytes                        = 524288                                    {product} {ergonomic}
   size_t MinHeapSize                              = 104857600                                 {product} {command line}
   size_t NewSize                                  = 34603008                                  {product} {ergonomic}
    uintx NonNMethodCodeHeapSize                   = 5832780                                {pd product} {ergonomic}
    uintx NonProfiledCodeHeapSize                  = 122912730                              {pd product} {ergonomic}
   size_t OldSize                                  = 70254592                                  {product} {ergonomic}
    uintx ProfiledCodeHeapSize                     = 122912730                              {pd product} {ergonomic}
    uintx ReservedCodeCacheSize                    = 251658240                              {pd product} {ergonomic}
     bool SegmentedCodeCache                       = true                                      {product} {ergonomic}
   size_t SoftMaxHeapSize                          = 1073741824                             {manageable} {ergonomic}
     bool UseCompressedOops                        = true                           {product lp64_product} {ergonomic}
     bool UseLargePagesIndividualAllocation        = false                                  {pd product} {ergonomic}
     bool UseParallelGC                            = true                                      {product} {command line}

Logging:
Log output configuration:
 #0: stdout all=off uptime,level,tags foldmultilines=false
 #1: stderr all=off uptime,level,tags foldmultilines=false

Environment Variables:
JAVA_HOME=C:\Program Files\Java\jdk-22
PATH=C:\Program Files\Eclipse Adoptium\jdk-21.0.6.7-hotspot\bin;C:\Program Files\Microsoft\jdk-11.0.12.7-hotspot\bin;C:\xampp\php;C:\Python310\;C:\Program Files\AdoptOpenJDK\jdk-11.0.8.10-hotspot\bin;C:\WINDOWS\system32;C:\WINDOWS;C:\WINDOWS\System32\Wbem;C:\WINDOWS\System32\WindowsPowerShell\v1.0\;C:\WINDOWS\System32\OpenSSH\;C:\Program Files\Git\cmd;C:\Program Files\Microsoft SQL Server\130\Tools\Binn\;C:\Program Files\Microsoft SQL Server\Client SDK\ODBC\170\Tools\Binn\;C:\ProgramData\chocolatey\bin;C:\Program Files\dotnet\;C:\Program Files\Microsoft SQL Server\150\Tools\Binn\;C:\Program Files\AutoFirma\AutoFirma;C:\Program Files\RedHat\Podman\;C:\Program Files\Maven\apache-maven-3.9.9\bin;;C:\Program Files\Docker\Docker\resources\bin;c:\Users\JUSTO\AppData\Local\Programs\cursor\resources\app\bin;C:\Program Files\nodejs\;C:\Program Files\MySQL\MySQL Shell 8.0\bin\;C:\Users\JUSTO\AppData\Local\Microsoft\WindowsApps;C:\Users\JUSTO\AppData\Local\GitHubDesktop\bin;C:\Users\JUSTO\.dotnet\tools;C:\Users\JUSTO\AppData\Local\Programs\Microsoft VS Code\bin;C:\xampp\php;C:\Program Files\JetBrains\IntelliJ IDEA 2024.1\bin;C:\Program Files\JetBrains\IntelliJ IDEA Community Edition 2024.2.1\bin;C:\Users\JUSTO\AppData\Local\Programs\cursor\resources\app\bin;C:\Users\JUSTO\AppData\Roaming\npm;C:\Users\JUSTO\AppData\Local\Microsoft\WinGet\Packages\Schniz.fnm_Microsoft.Winget.Source_8wekyb3d8bbwe;C:\Users\JUSTO\AppData\Local\gitkraken\bin
USERNAME=JUSTO
OS=Windows_NT
PROCESSOR_IDENTIFIER=AMD64 Family 23 Model 8 Stepping 2, AuthenticAMD
TMP=C:\Users\JUSTO\AppData\Local\Temp
TEMP=C:\Users\JUSTO\AppData\Local\Temp




Periodic native trim disabled

---------------  S Y S T E M  ---------------

OS:
 Windows 10 , 64 bit Build 19041 (10.0.19041.5794)
OS uptime: 1 days 3:54 hours
Hyper-V role detected

CPU: total 6 (initial active 6) (12 cores per cpu, 2 threads per core) family 23 model 8 stepping 2 microcode 0x0, cx8, cmov, fxsr, ht, mmx, 3dnowpref, sse, sse2, sse3, ssse3, sse4a, sse4.1, sse4.2, popcnt, lzcnt, tsc, tscinvbit, avx, avx2, aes, clmul, bmi1, bmi2, adx, sha, fma, vzeroupper, clflush, clflushopt, hv, rdtscp, f16c
Processor Information for the first 6 processors :
  Max Mhz: 3200, Current Mhz: 3200, Mhz Limit: 3200

Memory: 4k page, system-wide physical 15833M (3565M free)
TotalPageFile size 17746M (AvailPageFile size 12M)
current process WorkingSet (physical memory assigned to process): 391M, peak: 398M
current process commit charge ("private bytes"): 431M, peak: 437M

vm_info: OpenJDK 64-Bit Server VM (21.0.7+6-LTS) for windows-amd64 JRE (21.0.7+6-LTS), built on 2025-04-15T00:00:00Z by "admin" with MS VC++ 17.7 (VS2022)

END.
