#
# There is insufficient memory for the Java Runtime Environment to continue.
# Native memory allocation (malloc) failed to allocate 1217408 bytes. Error detail: Chunk::new
# Possible reasons:
#   The system is out of physical RAM or swap space
#   This process is running with CompressedOops enabled, and the Java Heap may be blocking the growth of the native heap
# Possible solutions:
#   Reduce memory load on the system
#   Increase physical memory or swap space
#   Check if swap backing store is full
#   Decrease Java heap size (-Xmx/-Xms)
#   Decrease number of Java threads
#   Decrease Java thread stack sizes (-Xss)
#   Set larger code cache with -XX:ReservedCodeCacheSize=
#   JVM is running with Unscaled Compressed Oops mode in which the Java heap is
#     placed in the first 4GB address space. The Java Heap base address is the
#     maximum limit for the native heap growth. Please use -XX:HeapBaseMinAddress
#     to set the Java Heap base and to place the Java Heap above 4GB virtual address.
# This output file may be truncated or incomplete.
#
#  Out of Memory Error (arena.cpp:168), pid=19068, tid=2932
#
# JRE version: OpenJDK Runtime Environment Temurin-21.0.7+6 (21.0.7+6) (build 21.0.7+6-LTS)
# Java VM: OpenJDK 64-Bit Server VM Temurin-21.0.7+6 (21.0.7+6-LTS, mixed mode, sharing, tiered, compressed oops, compressed class ptrs, parallel gc, windows-amd64)
# No core dump will be written. Minidumps are not enabled by default on client versions of Windows
#

---------------  S U M M A R Y ------------

Command Line: --add-modules=ALL-SYSTEM --add-opens=java.base/java.util=ALL-UNNAMED --add-opens=java.base/java.lang=ALL-UNNAMED --add-opens=java.base/sun.nio.fs=ALL-UNNAMED -Declipse.application=org.eclipse.jdt.ls.core.id1 -Dosgi.bundles.defaultStartLevel=4 -Declipse.product=org.eclipse.jdt.ls.core.product -Djava.import.generatesMetadataFilesAtProjectRoot=false -DDetectVMInstallationsJob.disabled=true -Dfile.encoding=utf8 -XX:+UseParallelGC -XX:GCTimeRatio=4 -XX:AdaptiveSizePolicyWeight=90 -Dsun.zip.disableMemoryMapping=true -Xmx1G -Xms100m -Xlog:disable -javaagent:c:\Users\JUSTO\.cursor\extensions\redhat.java-1.42.0-win32-x64\lombok\lombok-1.18.36.jar -XX:+HeapDumpOnOutOfMemoryError -XX:HeapDumpPath=c:\Users\JUSTO\AppData\Roaming\Cursor\User\workspaceStorage\93c4394802734d2fbf77bd7f75e9b452\redhat.java -Daether.dependencyCollector.impl=bf c:\Users\JUSTO\.cursor\extensions\redhat.java-1.42.0-win32-x64\server\plugins\org.eclipse.equinox.launcher_1.7.0.v20250424-1814.jar -configuration c:\Users\JUSTO\AppData\Roaming\Cursor\User\globalStorage\redhat.java\1.42.0\config_win -data c:\Users\JUSTO\AppData\Roaming\Cursor\User\workspaceStorage\93c4394802734d2fbf77bd7f75e9b452\redhat.java\jdt_ws --pipe=\\.\pipe\lsp-aa746cf7499a79c061ca6ce62b30bfa5-sock

Host: AMD Ryzen 5 1600 Six-Core Processor            , 6 cores, 15G,  Windows 10 , 64 bit Build 19041 (10.0.19041.5794)
Time: Wed May 21 12:20:54 2025 Hora de verano romance elapsed time: 13.164061 seconds (0d 0h 0m 13s)

---------------  T H R E A D  ---------------

Current thread (0x000001b9c4f6bee0):  JavaThread "C2 CompilerThread0" daemon [_thread_in_native, id=2932, stack(0x00000024e5200000,0x00000024e5300000) (1024K)]


Current CompileTask:
C2:13164 6825   !   4       org.eclipse.osgi.internal.loader.BundleLoader::findClass0 (491 bytes)

Stack: [0x00000024e5200000,0x00000024e5300000]
Native frames: (J=compiled Java code, j=interpreted, Vv=VM code, C=native code)
V  [jvm.dll+0x6ce119]
V  [jvm.dll+0x8a84a1]
V  [jvm.dll+0x8aa9ce]
V  [jvm.dll+0x8ab0b3]
V  [jvm.dll+0x27f8a6]
V  [jvm.dll+0xc507d]
V  [jvm.dll+0xc55b3]
V  [jvm.dll+0x3b692c]
V  [jvm.dll+0x1dfe33]
V  [jvm.dll+0x247c42]
V  [jvm.dll+0x2470cf]
V  [jvm.dll+0x1c760e]
V  [jvm.dll+0x25695a]
V  [jvm.dll+0x254efa]
V  [jvm.dll+0x3f03f6]
V  [jvm.dll+0x851f6b]
V  [jvm.dll+0x6cc7dd]
C  [ucrtbase.dll+0x21bb2]
C  [KERNEL32.DLL+0x17374]
C  [ntdll.dll+0x4cc91]


---------------  P R O C E S S  ---------------

Threads class SMR info:
_java_thread_list=0x000001ba1093b6a0, length=42, elements={
0x000001b9ae9108d0, 0x000001b9c4f5b180, 0x000001b9b0c77f70, 0x000001b9b0c7c000,
0x000001b9c4f5cfb0, 0x000001b9c4f618d0, 0x000001b9c4f63a90, 0x000001b9c4f6bee0,
0x000001b9c4f6cb50, 0x000001ba07491f00, 0x000001ba076c5870, 0x000001ba07c79710,
0x000001ba0c1db140, 0x000001ba0c1905e0, 0x000001ba0c190c40, 0x000001ba0c8b1b70,
0x000001ba0c8b42d0, 0x000001ba0c8b0e50, 0x000001ba0c8b2200, 0x000001ba0c8b2890,
0x000001ba0c8b35b0, 0x000001ba0c8b3c40, 0x000001ba0dee4c70, 0x000001ba0dee7a60,
0x000001ba0dee8e10, 0x000001ba0dee94a0, 0x000001ba0dee8780, 0x000001ba0dee9b30,
0x000001ba0deeb570, 0x000001ba0dee45e0, 0x000001ba0deea850, 0x000001ba0deea1c0,
0x000001ba0dee80f0, 0x000001ba0deeaee0, 0x000001ba0deebc00, 0x000001ba0dee6d40,
0x000001ba0dee5990, 0x000001ba0dee66b0, 0x000001ba0dee6020, 0x000001ba0dee73d0,
0x000001ba0da7c540, 0x000001ba0784ff80
}

Java Threads: ( => current thread )
  0x000001b9ae9108d0 JavaThread "main"                              [_thread_blocked, id=10628, stack(0x00000024e4900000,0x00000024e4a00000) (1024K)]
  0x000001b9c4f5b180 JavaThread "Reference Handler"          daemon [_thread_blocked, id=17152, stack(0x00000024e4c00000,0x00000024e4d00000) (1024K)]
  0x000001b9b0c77f70 JavaThread "Finalizer"                  daemon [_thread_blocked, id=7268, stack(0x00000024e4d00000,0x00000024e4e00000) (1024K)]
  0x000001b9b0c7c000 JavaThread "Signal Dispatcher"          daemon [_thread_blocked, id=12636, stack(0x00000024e4e00000,0x00000024e4f00000) (1024K)]
  0x000001b9c4f5cfb0 JavaThread "Attach Listener"            daemon [_thread_blocked, id=16140, stack(0x00000024e4f00000,0x00000024e5000000) (1024K)]
  0x000001b9c4f618d0 JavaThread "Service Thread"             daemon [_thread_blocked, id=8116, stack(0x00000024e5000000,0x00000024e5100000) (1024K)]
  0x000001b9c4f63a90 JavaThread "Monitor Deflation Thread"   daemon [_thread_blocked, id=4444, stack(0x00000024e5100000,0x00000024e5200000) (1024K)]
=>0x000001b9c4f6bee0 JavaThread "C2 CompilerThread0"         daemon [_thread_in_native, id=2932, stack(0x00000024e5200000,0x00000024e5300000) (1024K)]
  0x000001b9c4f6cb50 JavaThread "C1 CompilerThread0"         daemon [_thread_blocked, id=968, stack(0x00000024e5300000,0x00000024e5400000) (1024K)]
  0x000001ba07491f00 JavaThread "Common-Cleaner"             daemon [_thread_blocked, id=18860, stack(0x00000024e5400000,0x00000024e5500000) (1024K)]
  0x000001ba076c5870 JavaThread "Notification Thread"        daemon [_thread_blocked, id=6100, stack(0x00000024e5500000,0x00000024e5600000) (1024K)]
  0x000001ba07c79710 JavaThread "Active Thread: Equinox Container: a659de81-04ec-4772-a9c6-e30854443633"        [_thread_blocked, id=1188, stack(0x00000024e5c00000,0x00000024e5d00000) (1024K)]
  0x000001ba0c1db140 JavaThread "Refresh Thread: Equinox Container: a659de81-04ec-4772-a9c6-e30854443633" daemon [_thread_blocked, id=4440, stack(0x00000024e5d00000,0x00000024e5e00000) (1024K)]
  0x000001ba0c1905e0 JavaThread "Framework Event Dispatcher: Equinox Container: a659de81-04ec-4772-a9c6-e30854443633" daemon [_thread_blocked, id=13864, stack(0x00000024e5e00000,0x00000024e5f00000) (1024K)]
  0x000001ba0c190c40 JavaThread "Start Level: Equinox Container: a659de81-04ec-4772-a9c6-e30854443633" daemon [_thread_blocked, id=11016, stack(0x00000024e5f00000,0x00000024e6000000) (1024K)]
  0x000001ba0c8b1b70 JavaThread "Bundle File Closer"         daemon [_thread_blocked, id=11692, stack(0x00000024e6000000,0x00000024e6100000) (1024K)]
  0x000001ba0c8b42d0 JavaThread "SCR Component Actor"        daemon [_thread_blocked, id=12012, stack(0x00000024e6100000,0x00000024e6200000) (1024K)]
  0x000001ba0c8b0e50 JavaThread "Worker-JM"                         [_thread_blocked, id=1168, stack(0x00000024e6300000,0x00000024e6400000) (1024K)]
  0x000001ba0c8b2200 JavaThread "JNA Cleaner"                daemon [_thread_blocked, id=3740, stack(0x00000024e6400000,0x00000024e6500000) (1024K)]
  0x000001ba0c8b2890 JavaThread "Worker-0"                          [_thread_blocked, id=13176, stack(0x00000024e6500000,0x00000024e6600000) (1024K)]
  0x000001ba0c8b35b0 JavaThread "Worker-1"                          [_thread_blocked, id=13564, stack(0x00000024e6600000,0x00000024e6700000) (1024K)]
  0x000001ba0c8b3c40 JavaThread "Worker-2"                          [_thread_blocked, id=12988, stack(0x00000024e6700000,0x00000024e6800000) (1024K)]
  0x000001ba0dee4c70 JavaThread "Java indexing"              daemon [_thread_blocked, id=4508, stack(0x00000024e6800000,0x00000024e6900000) (1024K)]
  0x000001ba0dee7a60 JavaThread "Worker-3"                          [_thread_blocked, id=12728, stack(0x00000024e6b00000,0x00000024e6c00000) (1024K)]
  0x000001ba0dee8e10 JavaThread "Worker-4"                          [_thread_blocked, id=9916, stack(0x00000024e6c00000,0x00000024e6d00000) (1024K)]
  0x000001ba0dee94a0 JavaThread "Worker-5: Initialize Workspace"        [_thread_in_native, id=17056, stack(0x00000024e6d00000,0x00000024e6e00000) (1024K)]
  0x000001ba0dee8780 JavaThread "Thread-2"                   daemon [_thread_in_native, id=17304, stack(0x00000024e6e00000,0x00000024e6f00000) (1024K)]
  0x000001ba0dee9b30 JavaThread "Thread-3"                   daemon [_thread_in_native, id=18928, stack(0x00000024e6f00000,0x00000024e7000000) (1024K)]
  0x000001ba0deeb570 JavaThread "Thread-4"                   daemon [_thread_in_native, id=10948, stack(0x00000024e7000000,0x00000024e7100000) (1024K)]
  0x000001ba0dee45e0 JavaThread "Thread-5"                   daemon [_thread_in_native, id=11356, stack(0x00000024e7100000,0x00000024e7200000) (1024K)]
  0x000001ba0deea850 JavaThread "Thread-6"                   daemon [_thread_in_native, id=21444, stack(0x00000024e7200000,0x00000024e7300000) (1024K)]
  0x000001ba0deea1c0 JavaThread "Thread-7"                   daemon [_thread_in_native, id=8276, stack(0x00000024e7300000,0x00000024e7400000) (1024K)]
  0x000001ba0dee80f0 JavaThread "Thread-8"                   daemon [_thread_in_native, id=5580, stack(0x00000024e7400000,0x00000024e7500000) (1024K)]
  0x000001ba0deeaee0 JavaThread "pool-2-thread-1"                   [_thread_blocked, id=3800, stack(0x00000024e7500000,0x00000024e7600000) (1024K)]
  0x000001ba0deebc00 JavaThread "WorkspaceEventsHandler"            [_thread_blocked, id=944, stack(0x00000024e7600000,0x00000024e7700000) (1024K)]
  0x000001ba0dee6d40 JavaThread "pool-1-thread-1"                   [_thread_blocked, id=16840, stack(0x00000024e7700000,0x00000024e7800000) (1024K)]
  0x000001ba0dee5990 JavaThread "ForkJoinPool.commonPool-worker-1" daemon [_thread_blocked, id=22400, stack(0x00000024e7800000,0x00000024e7900000) (1024K)]
  0x000001ba0dee66b0 JavaThread "ForkJoinPool.commonPool-worker-2" daemon [_thread_blocked, id=11064, stack(0x00000024e7900000,0x00000024e7a00000) (1024K)]
  0x000001ba0dee6020 JavaThread "ForkJoinPool.commonPool-worker-3" daemon [_thread_blocked, id=8160, stack(0x00000024e7a00000,0x00000024e7b00000) (1024K)]
  0x000001ba0dee73d0 JavaThread "ForkJoinPool.commonPool-worker-4" daemon [_thread_blocked, id=13324, stack(0x00000024e7b00000,0x00000024e7c00000) (1024K)]
  0x000001ba0da7c540 JavaThread "ForkJoinPool.commonPool-worker-5" daemon [_thread_blocked, id=19424, stack(0x00000024e7c00000,0x00000024e7d00000) (1024K)]
  0x000001ba0784ff80 JavaThread "C2 CompilerThread1"         daemon [_thread_blocked, id=10640, stack(0x00000024e5600000,0x00000024e5700000) (1024K)]
Total: 42

Other Threads:
  0x000001b9b0c639f0 VMThread "VM Thread"                           [id=17676, stack(0x00000024e4b00000,0x00000024e4c00000) (1024K)]
  0x000001b9c4e8bc60 WatcherThread "VM Periodic Task Thread"        [id=19712, stack(0x00000024e4a00000,0x00000024e4b00000) (1024K)]
  0x000001b9b0c02120 WorkerThread "GC Thread#0"                     [id=15112, stack(0x00000024e4700000,0x00000024e4800000) (1024K)]
  0x000001ba07b012c0 WorkerThread "GC Thread#1"                     [id=19204, stack(0x00000024e5700000,0x00000024e5800000) (1024K)]
  0x000001ba0c1fb400 WorkerThread "GC Thread#2"                     [id=12304, stack(0x00000024e5800000,0x00000024e5900000) (1024K)]
  0x000001ba07b01660 WorkerThread "GC Thread#3"                     [id=13024, stack(0x00000024e5900000,0x00000024e5a00000) (1024K)]
  0x000001ba07b01a00 WorkerThread "GC Thread#4"                     [id=17956, stack(0x00000024e5a00000,0x00000024e5b00000) (1024K)]
  0x000001ba07867650 WorkerThread "GC Thread#5"                     [id=20412, stack(0x00000024e5b00000,0x00000024e5c00000) (1024K)]
Total: 8

Threads with active compile tasks:
C2 CompilerThread0  13234 6825   !   4       org.eclipse.osgi.internal.loader.BundleLoader::findClass0 (491 bytes)
Total: 1

VM state: not at safepoint (normal execution)

VM Mutex/Monitor currently owned by a thread: None

Heap address: 0x00000000c0000000, size: 1024 MB, Compressed Oops mode: 32-bit

CDS archive(s) mapped at: [0x000001b9c5000000-0x000001b9c5ba0000-0x000001b9c5ba0000), size 12189696, SharedBaseAddress: 0x000001b9c5000000, ArchiveRelocationMode: 1.
Compressed class space mapped at: 0x000001b9c6000000-0x000001ba06000000, reserved size: 1073741824
Narrow klass base: 0x000001b9c5000000, Narrow klass shift: 0, Narrow klass range: 0x100000000

GC Precious Log:
 CardTable entry size: 512
 CPUs: 6 total, 6 available
 Memory: 15833M
 Large Page Support: Disabled
 NUMA Support: Disabled
 Compressed Oops: Enabled (32-bit)
 Alignments: Space 512K, Generation 512K, Heap 2M
 Heap Min Capacity: 100M
 Heap Initial Capacity: 100M
 Heap Max Capacity: 1G
 Pre-touch: Disabled
 Parallel Workers: 6

Heap:
 PSYoungGen      total 10240K, used 7591K [0x00000000eab00000, 0x00000000ebe00000, 0x0000000100000000)
  eden space 9728K, 77% used [0x00000000eab00000,0x00000000eb251ce0,0x00000000eb480000)
  from space 512K, 18% used [0x00000000ebd80000,0x00000000ebd98000,0x00000000ebe00000)
  to   space 512K, 0% used [0x00000000ebd00000,0x00000000ebd00000,0x00000000ebd80000)
 ParOldGen       total 68608K, used 35199K [0x00000000c0000000, 0x00000000c4300000, 0x00000000eab00000)
  object space 68608K, 51% used [0x00000000c0000000,0x00000000c225fe38,0x00000000c4300000)
 Metaspace       used 46710K, committed 47936K, reserved 1114112K
  class space    used 4961K, committed 5504K, reserved 1048576K

Card table byte_map: [0x000001b9b0580000,0x000001b9b0790000] _byte_map_base: 0x000001b9aff80000

Marking Bits: (ParMarkBitMap*) 0x00007ffa4fdc31f0
 Begin Bits: [0x000001b9c2db0000, 0x000001b9c3db0000)
 End Bits:   [0x000001b9c3db0000, 0x000001b9c4db0000)

Polling page: 0x000001b9aeaa0000

Metaspace:

Usage:
  Non-class:     40.77 MB used.
      Class:      4.84 MB used.
       Both:     45.62 MB used.

Virtual space:
  Non-class space:       64.00 MB reserved,      41.44 MB ( 65%) committed,  1 nodes.
      Class space:        1.00 GB reserved,       5.38 MB ( <1%) committed,  1 nodes.
             Both:        1.06 GB reserved,      46.81 MB (  4%) committed. 

Chunk freelists:
   Non-Class:  6.47 MB
       Class:  10.64 MB
        Both:  17.11 MB

MaxMetaspaceSize: unlimited
CompressedClassSpaceSize: 1.00 GB
Initial GC threshold: 21.00 MB
Current GC threshold: 58.38 MB
CDS: on
 - commit_granule_bytes: 65536.
 - commit_granule_words: 8192.
 - virtual_space_node_default_size: 8388608.
 - enlarge_chunks_in_place: 1.
 - use_allocation_guard: 0.


Internal statistics:

num_allocs_failed_limit: 8.
num_arena_births: 972.
num_arena_deaths: 14.
num_vsnodes_births: 2.
num_vsnodes_deaths: 0.
num_space_committed: 749.
num_space_uncommitted: 0.
num_chunks_returned_to_freelist: 22.
num_chunks_taken_from_freelist: 3142.
num_chunk_merges: 11.
num_chunk_splits: 1926.
num_chunks_enlarged: 1023.
num_inconsistent_stats: 0.

CodeHeap 'non-profiled nmethods': size=120000Kb used=3153Kb max_used=3153Kb free=116846Kb
 bounds [0x000001b9bb880000, 0x000001b9bbba0000, 0x000001b9c2db0000]
CodeHeap 'profiled nmethods': size=120000Kb used=12778Kb max_used=12778Kb free=107221Kb
 bounds [0x000001b9b3db0000, 0x000001b9b4a30000, 0x000001b9bb2e0000]
CodeHeap 'non-nmethods': size=5760Kb used=1369Kb max_used=1444Kb free=4390Kb
 bounds [0x000001b9bb2e0000, 0x000001b9bb550000, 0x000001b9bb880000]
 total_blobs=6902 nmethods=6235 adapters=573
 compilation: enabled
              stopped_count=0, restarted_count=0
 full_count=0

Compilation events (20 events):
Event: 12.989 Thread 0x000001b9c4f6cb50 nmethod 6852 0x000001b9b4a20190 code [0x000001b9b4a20620, 0x000001b9b4a22e38]
Event: 12.989 Thread 0x000001b9c4f6cb50 6849       3       sun.nio.fs.WindowsPathParser::parse (504 bytes)
Event: 12.998 Thread 0x000001b9c4f6cb50 nmethod 6849 0x000001b9b4a23910 code [0x000001b9b4a24140, 0x000001b9b4a288c0]
Event: 12.998 Thread 0x000001b9c4f6cb50 6850       3       sun.nio.fs.WindowsPathParser::isLetter (30 bytes)
Event: 12.998 Thread 0x000001b9c4f6cb50 nmethod 6850 0x000001b9b4a2a490 code [0x000001b9b4a2a640, 0x000001b9b4a2a810]
Event: 13.003 Thread 0x000001ba0784ff80 nmethod 6828 0x000001b9bbb91210 code [0x000001b9bbb91480, 0x000001b9bbb922a0]
Event: 13.003 Thread 0x000001ba0784ff80 6843       4       java.util.regex.Pattern::has (15 bytes)
Event: 13.004 Thread 0x000001ba0784ff80 nmethod 6843 0x000001b9bbb92e10 code [0x000001b9bbb92fa0, 0x000001b9bbb93030]
Event: 13.004 Thread 0x000001ba0784ff80 6848       4       java.util.regex.Pattern::isSupplementary (21 bytes)
Event: 13.004 Thread 0x000001ba0784ff80 nmethod 6848 0x000001b9bbb93110 code [0x000001b9bbb932a0, 0x000001b9bbb93348]
Event: 13.004 Thread 0x000001ba0784ff80 6851       4       java.util.regex.Pattern::peek (26 bytes)
Event: 13.005 Thread 0x000001ba0784ff80 nmethod 6851 0x000001b9bbb93410 code [0x000001b9bbb935a0, 0x000001b9bbb936a8]
Event: 13.005 Thread 0x000001ba0784ff80 6836       4       org.codehaus.plexus.util.xml.pull.MXParser::isNameChar (56 bytes)
Event: 13.006 Thread 0x000001ba0784ff80 nmethod 6836 0x000001b9bbb93790 code [0x000001b9bbb93920, 0x000001b9bbb939d8]
Event: 13.006 Thread 0x000001ba0784ff80 6829       4       java.util.HashMap::<init> (11 bytes)
Event: 13.006 Thread 0x000001ba0784ff80 nmethod 6829 0x000001b9bbb93a90 code [0x000001b9bbb93c20, 0x000001b9bbb93cb0]
Event: 13.006 Thread 0x000001ba0784ff80 6842       4       org.eclipse.osgi.internal.loader.ModuleClassLoader::loadClass (36 bytes)
Event: 13.018 Thread 0x000001ba0784ff80 nmethod 6842 0x000001b9bbb93d90 code [0x000001b9bbb93f40, 0x000001b9bbb941a8]
Event: 13.018 Thread 0x000001ba0784ff80 6846       4       java.util.regex.Pattern::unread (11 bytes)
Event: 13.019 Thread 0x000001ba0784ff80 nmethod 6846 0x000001b9bbb94490 code [0x000001b9bbb94620, 0x000001b9bbb946a8]

GC Heap History (20 events):
Event: 6.809 GC heap before
{Heap before GC invocations=15 (full 2):
 PSYoungGen      total 23552K, used 1199K [0x00000000eab00000, 0x00000000ec500000, 0x0000000100000000)
  eden space 22016K, 0% used [0x00000000eab00000,0x00000000eab00000,0x00000000ec080000)
  from space 1536K, 78% used [0x00000000ec280000,0x00000000ec3abeb0,0x00000000ec400000)
  to   space 1024K, 0% used [0x00000000ec400000,0x00000000ec400000,0x00000000ec500000)
 ParOldGen       total 68608K, used 18217K [0x00000000c0000000, 0x00000000c4300000, 0x00000000eab00000)
  object space 68608K, 26% used [0x00000000c0000000,0x00000000c11ca430,0x00000000c4300000)
 Metaspace       used 34814K, committed 35840K, reserved 1114112K
  class space    used 3537K, committed 4032K, reserved 1048576K
}
Event: 6.854 GC heap after
{Heap after GC invocations=15 (full 2):
 PSYoungGen      total 23552K, used 0K [0x00000000eab00000, 0x00000000ec500000, 0x0000000100000000)
  eden space 22016K, 0% used [0x00000000eab00000,0x00000000eab00000,0x00000000ec080000)
  from space 1536K, 0% used [0x00000000ec280000,0x00000000ec280000,0x00000000ec400000)
  to   space 1024K, 0% used [0x00000000ec400000,0x00000000ec400000,0x00000000ec500000)
 ParOldGen       total 68608K, used 18720K [0x00000000c0000000, 0x00000000c4300000, 0x00000000eab00000)
  object space 68608K, 27% used [0x00000000c0000000,0x00000000c1248030,0x00000000c4300000)
 Metaspace       used 34814K, committed 35840K, reserved 1114112K
  class space    used 3537K, committed 4032K, reserved 1048576K
}
Event: 7.100 GC heap before
{Heap before GC invocations=16 (full 2):
 PSYoungGen      total 23552K, used 22016K [0x00000000eab00000, 0x00000000ec500000, 0x0000000100000000)
  eden space 22016K, 100% used [0x00000000eab00000,0x00000000ec080000,0x00000000ec080000)
  from space 1536K, 0% used [0x00000000ec280000,0x00000000ec280000,0x00000000ec400000)
  to   space 1024K, 0% used [0x00000000ec400000,0x00000000ec400000,0x00000000ec500000)
 ParOldGen       total 68608K, used 18720K [0x00000000c0000000, 0x00000000c4300000, 0x00000000eab00000)
  object space 68608K, 27% used [0x00000000c0000000,0x00000000c1248030,0x00000000c4300000)
 Metaspace       used 37395K, committed 38592K, reserved 1114112K
  class space    used 3838K, committed 4352K, reserved 1048576K
}
Event: 7.103 GC heap after
{Heap after GC invocations=16 (full 2):
 PSYoungGen      total 23040K, used 1001K [0x00000000eab00000, 0x00000000ec580000, 0x0000000100000000)
  eden space 22016K, 0% used [0x00000000eab00000,0x00000000eab00000,0x00000000ec080000)
  from space 1024K, 97% used [0x00000000ec400000,0x00000000ec4fa790,0x00000000ec500000)
  to   space 2560K, 0% used [0x00000000ec080000,0x00000000ec080000,0x00000000ec300000)
 ParOldGen       total 68608K, used 19660K [0x00000000c0000000, 0x00000000c4300000, 0x00000000eab00000)
  object space 68608K, 28% used [0x00000000c0000000,0x00000000c1333388,0x00000000c4300000)
 Metaspace       used 37395K, committed 38592K, reserved 1114112K
  class space    used 3838K, committed 4352K, reserved 1048576K
}
Event: 7.331 GC heap before
{Heap before GC invocations=17 (full 2):
 PSYoungGen      total 23040K, used 23017K [0x00000000eab00000, 0x00000000ec580000, 0x0000000100000000)
  eden space 22016K, 100% used [0x00000000eab00000,0x00000000ec080000,0x00000000ec080000)
  from space 1024K, 97% used [0x00000000ec400000,0x00000000ec4fa790,0x00000000ec500000)
  to   space 2560K, 0% used [0x00000000ec080000,0x00000000ec080000,0x00000000ec300000)
 ParOldGen       total 68608K, used 19660K [0x00000000c0000000, 0x00000000c4300000, 0x00000000eab00000)
  object space 68608K, 28% used [0x00000000c0000000,0x00000000c1333388,0x00000000c4300000)
 Metaspace       used 39698K, committed 40896K, reserved 1114112K
  class space    used 4146K, committed 4672K, reserved 1048576K
}
Event: 7.335 GC heap after
{Heap after GC invocations=17 (full 2):
 PSYoungGen      total 24576K, used 1056K [0x00000000eab00000, 0x00000000ec480000, 0x0000000100000000)
  eden space 22016K, 0% used [0x00000000eab00000,0x00000000eab00000,0x00000000ec080000)
  from space 2560K, 41% used [0x00000000ec080000,0x00000000ec188000,0x00000000ec300000)
  to   space 1536K, 0% used [0x00000000ec300000,0x00000000ec300000,0x00000000ec480000)
 ParOldGen       total 68608K, used 20598K [0x00000000c0000000, 0x00000000c4300000, 0x00000000eab00000)
  object space 68608K, 30% used [0x00000000c0000000,0x00000000c141da38,0x00000000c4300000)
 Metaspace       used 39698K, committed 40896K, reserved 1114112K
  class space    used 4146K, committed 4672K, reserved 1048576K
}
Event: 7.596 GC heap before
{Heap before GC invocations=18 (full 2):
 PSYoungGen      total 24576K, used 23072K [0x00000000eab00000, 0x00000000ec480000, 0x0000000100000000)
  eden space 22016K, 100% used [0x00000000eab00000,0x00000000ec080000,0x00000000ec080000)
  from space 2560K, 41% used [0x00000000ec080000,0x00000000ec188000,0x00000000ec300000)
  to   space 1536K, 0% used [0x00000000ec300000,0x00000000ec300000,0x00000000ec480000)
 ParOldGen       total 68608K, used 20598K [0x00000000c0000000, 0x00000000c4300000, 0x00000000eab00000)
  object space 68608K, 30% used [0x00000000c0000000,0x00000000c141da38,0x00000000c4300000)
 Metaspace       used 41932K, committed 43136K, reserved 1114112K
  class space    used 4382K, committed 4864K, reserved 1048576K
}
Event: 7.601 GC heap after
{Heap after GC invocations=18 (full 2):
 PSYoungGen      total 23040K, used 1520K [0x00000000eab00000, 0x00000000ec680000, 0x0000000100000000)
  eden space 21504K, 0% used [0x00000000eab00000,0x00000000eab00000,0x00000000ec000000)
  from space 1536K, 98% used [0x00000000ec300000,0x00000000ec47c010,0x00000000ec480000)
  to   space 3072K, 0% used [0x00000000ec000000,0x00000000ec000000,0x00000000ec300000)
 ParOldGen       total 68608K, used 21818K [0x00000000c0000000, 0x00000000c4300000, 0x00000000eab00000)
  object space 68608K, 31% used [0x00000000c0000000,0x00000000c154eb58,0x00000000c4300000)
 Metaspace       used 41932K, committed 43136K, reserved 1114112K
  class space    used 4382K, committed 4864K, reserved 1048576K
}
Event: 8.134 GC heap before
{Heap before GC invocations=19 (full 2):
 PSYoungGen      total 23040K, used 23024K [0x00000000eab00000, 0x00000000ec680000, 0x0000000100000000)
  eden space 21504K, 100% used [0x00000000eab00000,0x00000000ec000000,0x00000000ec000000)
  from space 1536K, 98% used [0x00000000ec300000,0x00000000ec47c010,0x00000000ec480000)
  to   space 3072K, 0% used [0x00000000ec000000,0x00000000ec000000,0x00000000ec300000)
 ParOldGen       total 68608K, used 21818K [0x00000000c0000000, 0x00000000c4300000, 0x00000000eab00000)
  object space 68608K, 31% used [0x00000000c0000000,0x00000000c154eb58,0x00000000c4300000)
 Metaspace       used 44091K, committed 45248K, reserved 1114112K
  class space    used 4681K, committed 5184K, reserved 1048576K
}
Event: 8.139 GC heap after
{Heap after GC invocations=19 (full 2):
 PSYoungGen      total 23040K, used 1536K [0x00000000eab00000, 0x00000000ec400000, 0x0000000100000000)
  eden space 21504K, 0% used [0x00000000eab00000,0x00000000eab00000,0x00000000ec000000)
  from space 1536K, 100% used [0x00000000ec000000,0x00000000ec180000,0x00000000ec180000)
  to   space 2048K, 0% used [0x00000000ec200000,0x00000000ec200000,0x00000000ec400000)
 ParOldGen       total 68608K, used 22794K [0x00000000c0000000, 0x00000000c4300000, 0x00000000eab00000)
  object space 68608K, 33% used [0x00000000c0000000,0x00000000c1642b68,0x00000000c4300000)
 Metaspace       used 44091K, committed 45248K, reserved 1114112K
  class space    used 4681K, committed 5184K, reserved 1048576K
}
Event: 9.030 GC heap before
{Heap before GC invocations=20 (full 2):
 PSYoungGen      total 23040K, used 23040K [0x00000000eab00000, 0x00000000ec400000, 0x0000000100000000)
  eden space 21504K, 100% used [0x00000000eab00000,0x00000000ec000000,0x00000000ec000000)
  from space 1536K, 100% used [0x00000000ec000000,0x00000000ec180000,0x00000000ec180000)
  to   space 2048K, 0% used [0x00000000ec200000,0x00000000ec200000,0x00000000ec400000)
 ParOldGen       total 68608K, used 22794K [0x00000000c0000000, 0x00000000c4300000, 0x00000000eab00000)
  object space 68608K, 33% used [0x00000000c0000000,0x00000000c1642b68,0x00000000c4300000)
 Metaspace       used 45566K, committed 46784K, reserved 1114112K
  class space    used 4841K, committed 5376K, reserved 1048576K
}
Event: 9.042 GC heap after
{Heap after GC invocations=20 (full 2):
 PSYoungGen      total 11776K, used 2026K [0x00000000eab00000, 0x00000000edb00000, 0x0000000100000000)
  eden space 9728K, 0% used [0x00000000eab00000,0x00000000eab00000,0x00000000eb480000)
  from space 2048K, 98% used [0x00000000ec200000,0x00000000ec3fa860,0x00000000ec400000)
  to   space 13824K, 0% used [0x00000000eb480000,0x00000000eb480000,0x00000000ec200000)
 ParOldGen       total 68608K, used 32744K [0x00000000c0000000, 0x00000000c4300000, 0x00000000eab00000)
  object space 68608K, 47% used [0x00000000c0000000,0x00000000c1ffa340,0x00000000c4300000)
 Metaspace       used 45566K, committed 46784K, reserved 1114112K
  class space    used 4841K, committed 5376K, reserved 1048576K
}
Event: 9.977 GC heap before
{Heap before GC invocations=21 (full 2):
 PSYoungGen      total 11776K, used 11754K [0x00000000eab00000, 0x00000000edb00000, 0x0000000100000000)
  eden space 9728K, 99% used [0x00000000eab00000,0x00000000eb47ffe8,0x00000000eb480000)
  from space 2048K, 98% used [0x00000000ec200000,0x00000000ec3fa860,0x00000000ec400000)
  to   space 13824K, 0% used [0x00000000eb480000,0x00000000eb480000,0x00000000ec200000)
 ParOldGen       total 68608K, used 32744K [0x00000000c0000000, 0x00000000c4300000, 0x00000000eab00000)
  object space 68608K, 47% used [0x00000000c0000000,0x00000000c1ffa340,0x00000000c4300000)
 Metaspace       used 46488K, committed 47744K, reserved 1114112K
  class space    used 4942K, committed 5504K, reserved 1048576K
}
Event: 9.987 GC heap after
{Heap after GC invocations=21 (full 2):
 PSYoungGen      total 10240K, used 480K [0x00000000eab00000, 0x00000000ec280000, 0x0000000100000000)
  eden space 9728K, 0% used [0x00000000eab00000,0x00000000eab00000,0x00000000eb480000)
  from space 512K, 93% used [0x00000000eb480000,0x00000000eb4f8000,0x00000000eb500000)
  to   space 5120K, 0% used [0x00000000ebd80000,0x00000000ebd80000,0x00000000ec280000)
 ParOldGen       total 68608K, used 34767K [0x00000000c0000000, 0x00000000c4300000, 0x00000000eab00000)
  object space 68608K, 50% used [0x00000000c0000000,0x00000000c21f3e28,0x00000000c4300000)
 Metaspace       used 46488K, committed 47744K, reserved 1114112K
  class space    used 4942K, committed 5504K, reserved 1048576K
}
Event: 10.818 GC heap before
{Heap before GC invocations=22 (full 2):
 PSYoungGen      total 10240K, used 10208K [0x00000000eab00000, 0x00000000ec280000, 0x0000000100000000)
  eden space 9728K, 100% used [0x00000000eab00000,0x00000000eb480000,0x00000000eb480000)
  from space 512K, 93% used [0x00000000eb480000,0x00000000eb4f8000,0x00000000eb500000)
  to   space 5120K, 0% used [0x00000000ebd80000,0x00000000ebd80000,0x00000000ec280000)
 ParOldGen       total 68608K, used 34767K [0x00000000c0000000, 0x00000000c4300000, 0x00000000eab00000)
  object space 68608K, 50% used [0x00000000c0000000,0x00000000c21f3e28,0x00000000c4300000)
 Metaspace       used 46502K, committed 47744K, reserved 1114112K
  class space    used 4942K, committed 5504K, reserved 1048576K
}
Event: 10.823 GC heap after
{Heap after GC invocations=22 (full 2):
 PSYoungGen      total 10240K, used 64K [0x00000000eab00000, 0x00000000ebe00000, 0x0000000100000000)
  eden space 9728K, 0% used [0x00000000eab00000,0x00000000eab00000,0x00000000eb480000)
  from space 512K, 12% used [0x00000000ebd80000,0x00000000ebd90000,0x00000000ebe00000)
  to   space 1024K, 0% used [0x00000000ebc00000,0x00000000ebc00000,0x00000000ebd00000)
 ParOldGen       total 68608K, used 35143K [0x00000000c0000000, 0x00000000c4300000, 0x00000000eab00000)
  object space 68608K, 51% used [0x00000000c0000000,0x00000000c2251e38,0x00000000c4300000)
 Metaspace       used 46502K, committed 47744K, reserved 1114112K
  class space    used 4942K, committed 5504K, reserved 1048576K
}
Event: 11.445 GC heap before
{Heap before GC invocations=23 (full 2):
 PSYoungGen      total 10240K, used 9792K [0x00000000eab00000, 0x00000000ebe00000, 0x0000000100000000)
  eden space 9728K, 100% used [0x00000000eab00000,0x00000000eb480000,0x00000000eb480000)
  from space 512K, 12% used [0x00000000ebd80000,0x00000000ebd90000,0x00000000ebe00000)
  to   space 1024K, 0% used [0x00000000ebc00000,0x00000000ebc00000,0x00000000ebd00000)
 ParOldGen       total 68608K, used 35143K [0x00000000c0000000, 0x00000000c4300000, 0x00000000eab00000)
  object space 68608K, 51% used [0x00000000c0000000,0x00000000c2251e38,0x00000000c4300000)
 Metaspace       used 46511K, committed 47744K, reserved 1114112K
  class space    used 4942K, committed 5504K, reserved 1048576K
}
Event: 11.446 GC heap after
{Heap after GC invocations=23 (full 2):
 PSYoungGen      total 10752K, used 128K [0x00000000eab00000, 0x00000000ebe00000, 0x0000000100000000)
  eden space 9728K, 0% used [0x00000000eab00000,0x00000000eab00000,0x00000000eb480000)
  from space 1024K, 12% used [0x00000000ebc00000,0x00000000ebc20000,0x00000000ebd00000)
  to   space 512K, 0% used [0x00000000ebd80000,0x00000000ebd80000,0x00000000ebe00000)
 ParOldGen       total 68608K, used 35167K [0x00000000c0000000, 0x00000000c4300000, 0x00000000eab00000)
  object space 68608K, 51% used [0x00000000c0000000,0x00000000c2257e38,0x00000000c4300000)
 Metaspace       used 46511K, committed 47744K, reserved 1114112K
  class space    used 4942K, committed 5504K, reserved 1048576K
}
Event: 12.270 GC heap before
{Heap before GC invocations=24 (full 2):
 PSYoungGen      total 10752K, used 9856K [0x00000000eab00000, 0x00000000ebe00000, 0x0000000100000000)
  eden space 9728K, 100% used [0x00000000eab00000,0x00000000eb480000,0x00000000eb480000)
  from space 1024K, 12% used [0x00000000ebc00000,0x00000000ebc20000,0x00000000ebd00000)
  to   space 512K, 0% used [0x00000000ebd80000,0x00000000ebd80000,0x00000000ebe00000)
 ParOldGen       total 68608K, used 35167K [0x00000000c0000000, 0x00000000c4300000, 0x00000000eab00000)
  object space 68608K, 51% used [0x00000000c0000000,0x00000000c2257e38,0x00000000c4300000)
 Metaspace       used 46511K, committed 47744K, reserved 1114112K
  class space    used 4942K, committed 5504K, reserved 1048576K
}
Event: 12.271 GC heap after
{Heap after GC invocations=24 (full 2):
 PSYoungGen      total 10240K, used 96K [0x00000000eab00000, 0x00000000ebe00000, 0x0000000100000000)
  eden space 9728K, 0% used [0x00000000eab00000,0x00000000eab00000,0x00000000eb480000)
  from space 512K, 18% used [0x00000000ebd80000,0x00000000ebd98000,0x00000000ebe00000)
  to   space 512K, 0% used [0x00000000ebd00000,0x00000000ebd00000,0x00000000ebd80000)
 ParOldGen       total 68608K, used 35199K [0x00000000c0000000, 0x00000000c4300000, 0x00000000eab00000)
  object space 68608K, 51% used [0x00000000c0000000,0x00000000c225fe38,0x00000000c4300000)
 Metaspace       used 46511K, committed 47744K, reserved 1114112K
  class space    used 4942K, committed 5504K, reserved 1048576K
}

Dll operation events (10 events):
Event: 0.013 Loaded shared library c:\Users\JUSTO\.cursor\extensions\redhat.java-1.42.0-win32-x64\jre\21.0.7-win32-x86_64\bin\java.dll
Event: 0.101 Loaded shared library c:\Users\JUSTO\.cursor\extensions\redhat.java-1.42.0-win32-x64\jre\21.0.7-win32-x86_64\bin\zip.dll
Event: 0.128 Loaded shared library C:\Users\JUSTO\.cursor\extensions\redhat.java-1.42.0-win32-x64\jre\21.0.7-win32-x86_64\bin\instrument.dll
Event: 0.137 Loaded shared library C:\Users\JUSTO\.cursor\extensions\redhat.java-1.42.0-win32-x64\jre\21.0.7-win32-x86_64\bin\net.dll
Event: 0.140 Loaded shared library C:\Users\JUSTO\.cursor\extensions\redhat.java-1.42.0-win32-x64\jre\21.0.7-win32-x86_64\bin\nio.dll
Event: 0.144 Loaded shared library C:\Users\JUSTO\.cursor\extensions\redhat.java-1.42.0-win32-x64\jre\21.0.7-win32-x86_64\bin\zip.dll
Event: 0.165 Loaded shared library C:\Users\JUSTO\.cursor\extensions\redhat.java-1.42.0-win32-x64\jre\21.0.7-win32-x86_64\bin\jimage.dll
Event: 0.277 Loaded shared library c:\Users\JUSTO\.cursor\extensions\redhat.java-1.42.0-win32-x64\jre\21.0.7-win32-x86_64\bin\verify.dll
Event: 1.756 Loaded shared library C:\Users\JUSTO\AppData\Roaming\Cursor\User\globalStorage\redhat.java\1.42.0\config_win\org.eclipse.equinox.launcher\org.eclipse.equinox.launcher.win32.win32.x86_64_1.2.1300.v20250331-1702\eclipse_11911.dll
Event: 3.742 Loaded shared library C:\Users\JUSTO\AppData\Local\Temp\jna-70955235\jna14772765182422568750.dll

Deoptimization events (20 events):
Event: 12.963 Thread 0x000001ba0dee94a0 Uncommon trap: trap_request=0xffffff45 fr.pc=0x000001b9bbb54ae4 relative=0x0000000000000f24
Event: 12.963 Thread 0x000001ba0dee94a0 Uncommon trap: reason=unstable_if action=reinterpret pc=0x000001b9bbb54ae4 method=java.util.regex.Pattern.atom()Ljava/util/regex/Pattern$Node; @ 14 c2
Event: 12.963 Thread 0x000001ba0dee94a0 DEOPT PACKING pc=0x000001b9bbb54ae4 sp=0x00000024e6dfe870
Event: 12.963 Thread 0x000001ba0dee94a0 DEOPT UNPACKING pc=0x000001b9bb333aa2 sp=0x00000024e6dfe848 mode 2
Event: 12.963 Thread 0x000001ba0dee94a0 Uncommon trap: trap_request=0xffffff45 fr.pc=0x000001b9bbb56244 relative=0x00000000000003e4
Event: 12.963 Thread 0x000001ba0dee94a0 Uncommon trap: reason=unstable_if action=reinterpret pc=0x000001b9bbb56244 method=java.util.regex.Pattern.newSlice([IIZ)Ljava/util/regex/Pattern$Node; @ 10 c2
Event: 12.963 Thread 0x000001ba0dee94a0 DEOPT PACKING pc=0x000001b9bbb56244 sp=0x00000024e6dfe810
Event: 12.963 Thread 0x000001ba0dee94a0 DEOPT UNPACKING pc=0x000001b9bb333aa2 sp=0x00000024e6dfe7c0 mode 2
Event: 12.963 Thread 0x000001ba0dee94a0 Uncommon trap: trap_request=0xffffff45 fr.pc=0x000001b9bbb72404 relative=0x0000000000000244
Event: 12.963 Thread 0x000001ba0dee94a0 Uncommon trap: reason=unstable_if action=reinterpret pc=0x000001b9bbb72404 method=java.util.regex.Pattern.sequence(Ljava/util/regex/Pattern$Node;)Ljava/util/regex/Pattern$Node; @ 12 c2
Event: 12.963 Thread 0x000001ba0dee94a0 DEOPT PACKING pc=0x000001b9bbb72404 sp=0x00000024e6dfe910
Event: 12.963 Thread 0x000001ba0dee94a0 DEOPT UNPACKING pc=0x000001b9bb333aa2 sp=0x00000024e6dfe890 mode 2
Event: 12.963 Thread 0x000001ba0dee94a0 Uncommon trap: trap_request=0xffffff45 fr.pc=0x000001b9bbb4c720 relative=0x0000000000000dc0
Event: 12.963 Thread 0x000001ba0dee94a0 Uncommon trap: reason=unstable_if action=reinterpret pc=0x000001b9bbb4c720 method=java.util.regex.Pattern.expr(Ljava/util/regex/Pattern$Node;)Ljava/util/regex/Pattern$Node; @ 129 c2
Event: 12.963 Thread 0x000001ba0dee94a0 DEOPT PACKING pc=0x000001b9bbb4c720 sp=0x00000024e6dfe960
Event: 12.963 Thread 0x000001ba0dee94a0 DEOPT UNPACKING pc=0x000001b9bb333aa2 sp=0x00000024e6dfe850 mode 2
Event: 12.975 Thread 0x000001ba0dee94a0 Uncommon trap: trap_request=0xffffff3d fr.pc=0x000001b9bbb81624 relative=0x0000000000002ee4
Event: 12.975 Thread 0x000001ba0dee94a0 Uncommon trap: reason=unstable_fused_if action=reinterpret pc=0x000001b9bbb81624 method=sun.nio.fs.WindowsPathParser.isLetter(C)Z @ 15 c2
Event: 12.975 Thread 0x000001ba0dee94a0 DEOPT PACKING pc=0x000001b9bbb81624 sp=0x00000024e6dfeb90
Event: 12.975 Thread 0x000001ba0dee94a0 DEOPT UNPACKING pc=0x000001b9bb333aa2 sp=0x00000024e6dfeb28 mode 2

Classes loaded (20 events):
Event: 9.490 Loading class java/nio/file/FileTreeWalker$DirectoryNode
Event: 9.490 Loading class java/nio/file/FileTreeWalker$DirectoryNode done
Event: 9.491 Loading class java/nio/file/FileTreeWalker$Event
Event: 9.491 Loading class java/nio/file/FileTreeWalker$Event done
Event: 9.491 Loading class java/nio/file/FileTreeWalker$EventType
Event: 9.491 Loading class java/nio/file/FileTreeWalker$EventType done
Event: 9.492 Loading class java/nio/file/Files$3
Event: 9.492 Loading class java/nio/file/Files$3 done
Event: 9.493 Loading class sun/nio/fs/Globs
Event: 9.493 Loading class sun/nio/fs/Globs done
Event: 9.493 Loading class java/util/regex/Pattern$SliceU
Event: 9.493 Loading class java/util/regex/Pattern$SliceU done
Event: 9.493 Loading class sun/nio/fs/WindowsFileSystem$2
Event: 9.493 Loading class java/nio/file/PathMatcher
Event: 9.493 Loading class java/nio/file/PathMatcher done
Event: 9.493 Loading class sun/nio/fs/WindowsFileSystem$2 done
Event: 9.500 Loading class java/nio/file/FileVisitResult
Event: 9.500 Loading class java/nio/file/FileVisitResult done
Event: 12.962 Loading class java/util/regex/PatternSyntaxException
Event: 12.962 Loading class java/util/regex/PatternSyntaxException done

Classes unloaded (7 events):
Event: 4.576 Thread 0x000001b9b0c639f0 Unloading class 0x000001b9c61a3c00 'java/lang/invoke/LambdaForm$MH+0x000001b9c61a3c00'
Event: 4.576 Thread 0x000001b9b0c639f0 Unloading class 0x000001b9c61a3800 'java/lang/invoke/LambdaForm$MH+0x000001b9c61a3800'
Event: 4.576 Thread 0x000001b9b0c639f0 Unloading class 0x000001b9c61a3400 'java/lang/invoke/LambdaForm$MH+0x000001b9c61a3400'
Event: 4.576 Thread 0x000001b9b0c639f0 Unloading class 0x000001b9c61a3000 'java/lang/invoke/LambdaForm$MH+0x000001b9c61a3000'
Event: 4.576 Thread 0x000001b9b0c639f0 Unloading class 0x000001b9c61a2c00 'java/lang/invoke/LambdaForm$BMH+0x000001b9c61a2c00'
Event: 4.576 Thread 0x000001b9b0c639f0 Unloading class 0x000001b9c61a2800 'java/lang/invoke/LambdaForm$DMH+0x000001b9c61a2800'
Event: 4.576 Thread 0x000001b9b0c639f0 Unloading class 0x000001b9c61a1400 'java/lang/invoke/LambdaForm$DMH+0x000001b9c61a1400'

Classes redefined (0 events):
No events

Internal exceptions (20 events):
Event: 12.984 Thread 0x000001ba0dee94a0 Exception <a 'sun/nio/fs/WindowsException'{0x00000000eb1b2978}> (0x00000000eb1b2978) 
thrown [s\src\hotspot\share\prims\jni.cpp, line 520]
Event: 13.003 Thread 0x000001ba0dee94a0 Exception <a 'sun/nio/fs/WindowsException'{0x00000000eb1b6888}> (0x00000000eb1b6888) 
thrown [s\src\hotspot\share\prims\jni.cpp, line 520]
Event: 13.132 Thread 0x000001ba0dee94a0 Exception <a 'sun/nio/fs/WindowsException'{0x00000000eb1bd0e0}> (0x00000000eb1bd0e0) 
thrown [s\src\hotspot\share\prims\jni.cpp, line 520]
Event: 13.133 Thread 0x000001ba0dee94a0 Exception <a 'sun/nio/fs/WindowsException'{0x00000000eb1c0d48}> (0x00000000eb1c0d48) 
thrown [s\src\hotspot\share\prims\jni.cpp, line 520]
Event: 13.134 Thread 0x000001ba0dee94a0 Exception <a 'sun/nio/fs/WindowsException'{0x00000000eb1c4a08}> (0x00000000eb1c4a08) 
thrown [s\src\hotspot\share\prims\jni.cpp, line 520]
Event: 13.134 Thread 0x000001ba0dee94a0 Exception <a 'sun/nio/fs/WindowsException'{0x00000000eb1c9b78}> (0x00000000eb1c9b78) 
thrown [s\src\hotspot\share\prims\jni.cpp, line 520]
Event: 13.135 Thread 0x000001ba0dee94a0 Exception <a 'sun/nio/fs/WindowsException'{0x00000000eb1cdda8}> (0x00000000eb1cdda8) 
thrown [s\src\hotspot\share\prims\jni.cpp, line 520]
Event: 13.136 Thread 0x000001ba0dee94a0 Exception <a 'sun/nio/fs/WindowsException'{0x00000000eb1d2590}> (0x00000000eb1d2590) 
thrown [s\src\hotspot\share\prims\jni.cpp, line 520]
Event: 13.136 Thread 0x000001ba0dee94a0 Exception <a 'sun/nio/fs/WindowsException'{0x00000000eb1d65d8}> (0x00000000eb1d65d8) 
thrown [s\src\hotspot\share\prims\jni.cpp, line 520]
Event: 13.137 Thread 0x000001ba0dee94a0 Exception <a 'sun/nio/fs/WindowsException'{0x00000000eb1dabd8}> (0x00000000eb1dabd8) 
thrown [s\src\hotspot\share\prims\jni.cpp, line 520]
Event: 13.144 Thread 0x000001ba0dee94a0 Exception <a 'sun/nio/fs/WindowsException'{0x00000000eb1df3c0}> (0x00000000eb1df3c0) 
thrown [s\src\hotspot\share\prims\jni.cpp, line 520]
Event: 13.145 Thread 0x000001ba0dee94a0 Exception <a 'sun/nio/fs/WindowsException'{0x00000000eb1e3c50}> (0x00000000eb1e3c50) 
thrown [s\src\hotspot\share\prims\jni.cpp, line 520]
Event: 13.145 Thread 0x000001ba0dee94a0 Exception <a 'sun/nio/fs/WindowsException'{0x00000000eb1e8620}> (0x00000000eb1e8620) 
thrown [s\src\hotspot\share\prims\jni.cpp, line 520]
Event: 13.146 Thread 0x000001ba0dee94a0 Exception <a 'sun/nio/fs/WindowsException'{0x00000000eb1ec850}> (0x00000000eb1ec850) 
thrown [s\src\hotspot\share\prims\jni.cpp, line 520]
Event: 13.147 Thread 0x000001ba0dee94a0 Exception <a 'sun/nio/fs/WindowsException'{0x00000000eb1f0c68}> (0x00000000eb1f0c68) 
thrown [s\src\hotspot\share\prims\jni.cpp, line 520]
Event: 13.148 Thread 0x000001ba0dee94a0 Exception <a 'sun/nio/fs/WindowsException'{0x00000000eb1f5080}> (0x00000000eb1f5080) 
thrown [s\src\hotspot\share\prims\jni.cpp, line 520]
Event: 13.148 Thread 0x000001ba0dee94a0 Exception <a 'sun/nio/fs/WindowsException'{0x00000000eb1f9680}> (0x00000000eb1f9680) 
thrown [s\src\hotspot\share\prims\jni.cpp, line 520]
Event: 13.149 Thread 0x000001ba0dee94a0 Exception <a 'sun/nio/fs/WindowsException'{0x00000000eb1fd6c8}> (0x00000000eb1fd6c8) 
thrown [s\src\hotspot\share\prims\jni.cpp, line 520]
Event: 13.150 Thread 0x000001ba0dee94a0 Exception <a 'sun/nio/fs/WindowsException'{0x00000000eb202280}> (0x00000000eb202280) 
thrown [s\src\hotspot\share\prims\jni.cpp, line 520]
Event: 13.150 Thread 0x000001ba0dee94a0 Exception <a 'sun/nio/fs/WindowsException'{0x00000000eb206eb8}> (0x00000000eb206eb8) 
thrown [s\src\hotspot\share\prims\jni.cpp, line 520]

ZGC Phase Switch (0 events):
No events

VM Operations (20 events):
Event: 7.731 Executing VM operation: HandshakeAllThreads (Deoptimize)
Event: 7.744 Executing VM operation: HandshakeAllThreads (Deoptimize) done
Event: 8.129 Executing VM operation: ICBufferFull
Event: 8.129 Executing VM operation: ICBufferFull done
Event: 8.134 Executing VM operation: ParallelGCFailedAllocation (Allocation Failure)
Event: 8.139 Executing VM operation: ParallelGCFailedAllocation (Allocation Failure) done
Event: 8.922 Executing VM operation: HandshakeAllThreads (Deoptimize)
Event: 8.922 Executing VM operation: HandshakeAllThreads (Deoptimize) done
Event: 9.030 Executing VM operation: ParallelGCFailedAllocation (Allocation Failure)
Event: 9.042 Executing VM operation: ParallelGCFailedAllocation (Allocation Failure) done
Event: 9.977 Executing VM operation: ParallelGCFailedAllocation (Allocation Failure)
Event: 9.987 Executing VM operation: ParallelGCFailedAllocation (Allocation Failure) done
Event: 10.818 Executing VM operation: ParallelGCFailedAllocation (Allocation Failure)
Event: 10.823 Executing VM operation: ParallelGCFailedAllocation (Allocation Failure) done
Event: 11.445 Executing VM operation: ParallelGCFailedAllocation (Allocation Failure)
Event: 11.446 Executing VM operation: ParallelGCFailedAllocation (Allocation Failure) done
Event: 12.270 Executing VM operation: ParallelGCFailedAllocation (Allocation Failure)
Event: 12.271 Executing VM operation: ParallelGCFailedAllocation (Allocation Failure) done
Event: 12.958 Executing VM operation: HandshakeAllThreads (Deoptimize)
Event: 12.958 Executing VM operation: HandshakeAllThreads (Deoptimize) done

Memory protections (0 events):
No events

Nmethod flushes (20 events):
Event: 6.831 Thread 0x000001b9b0c639f0 flushing  nmethod 0x000001b9b4443790
Event: 6.831 Thread 0x000001b9b0c639f0 flushing  nmethod 0x000001b9b4445190
Event: 6.831 Thread 0x000001b9b0c639f0 flushing  nmethod 0x000001b9b4445910
Event: 6.831 Thread 0x000001b9b0c639f0 flushing  nmethod 0x000001b9b4446e90
Event: 6.831 Thread 0x000001b9b0c639f0 flushing  nmethod 0x000001b9b4447f10
Event: 6.831 Thread 0x000001b9b0c639f0 flushing  nmethod 0x000001b9b4448410
Event: 6.831 Thread 0x000001b9b0c639f0 flushing  nmethod 0x000001b9b4449510
Event: 6.831 Thread 0x000001b9b0c639f0 flushing  nmethod 0x000001b9b4453710
Event: 6.831 Thread 0x000001b9b0c639f0 flushing  nmethod 0x000001b9b4454f10
Event: 6.831 Thread 0x000001b9b0c639f0 flushing  nmethod 0x000001b9b4469510
Event: 6.831 Thread 0x000001b9b0c639f0 flushing  nmethod 0x000001b9b447b310
Event: 6.831 Thread 0x000001b9b0c639f0 flushing  nmethod 0x000001b9b447e990
Event: 6.831 Thread 0x000001b9b0c639f0 flushing  nmethod 0x000001b9b4485710
Event: 6.831 Thread 0x000001b9b0c639f0 flushing  nmethod 0x000001b9b44e1990
Event: 6.831 Thread 0x000001b9b0c639f0 flushing  nmethod 0x000001b9b44e4f90
Event: 6.831 Thread 0x000001b9b0c639f0 flushing  nmethod 0x000001b9b451cc10
Event: 6.831 Thread 0x000001b9b0c639f0 flushing  nmethod 0x000001b9b4556d10
Event: 6.831 Thread 0x000001b9b0c639f0 flushing  nmethod 0x000001b9b4573f10
Event: 6.831 Thread 0x000001b9b0c639f0 flushing  nmethod 0x000001b9b4574390
Event: 6.831 Thread 0x000001b9b0c639f0 flushing  nmethod 0x000001b9b4594390

Events (20 events):
Event: 6.879 Thread 0x000001ba0dee7a60 Thread added: 0x000001ba0dee8e10
Event: 6.991 Thread 0x000001ba0dee8e10 Thread added: 0x000001ba0dee94a0
Event: 7.011 Thread 0x000001b9ae9108d0 Thread added: 0x000001ba0dee8780
Event: 7.012 Thread 0x000001b9ae9108d0 Thread added: 0x000001ba0dee9b30
Event: 7.012 Thread 0x000001b9ae9108d0 Thread added: 0x000001ba0deeb570
Event: 7.012 Thread 0x000001b9ae9108d0 Thread added: 0x000001ba0dee45e0
Event: 7.012 Thread 0x000001b9ae9108d0 Thread added: 0x000001ba0deea850
Event: 7.012 Thread 0x000001b9ae9108d0 Thread added: 0x000001ba0deea1c0
Event: 7.012 Thread 0x000001b9ae9108d0 Thread added: 0x000001ba0dee80f0
Event: 7.061 Thread 0x000001b9ae9108d0 Thread added: 0x000001ba0deeaee0
Event: 7.379 Thread 0x000001b9ae9108d0 Thread added: 0x000001ba0deebc00
Event: 7.379 Thread 0x000001b9ae9108d0 Thread added: 0x000001ba0dee6d40
Event: 8.815 Thread 0x000001ba0c8b3c40 Thread added: 0x000001ba0dee5990
Event: 8.815 Thread 0x000001ba0dee5990 Thread added: 0x000001ba0dee66b0
Event: 8.815 Thread 0x000001ba0c8b3c40 Thread added: 0x000001ba0dee6020
Event: 8.817 Thread 0x000001ba0dee6020 Thread added: 0x000001ba0dee73d0
Event: 8.818 Thread 0x000001ba0dee66b0 Thread added: 0x000001ba0da7c540
Event: 9.790 Thread 0x000001ba0c8b2f20 Thread exited: 0x000001ba0c8b2f20
Event: 11.085 Thread 0x000001ba0784ff80 Thread exited: 0x000001ba0784ff80
Event: 12.978 Thread 0x000001b9c4f6cb50 Thread added: 0x000001ba0784ff80


Dynamic libraries:
0x00007ff64afd0000 - 0x00007ff64afde000 	c:\Users\JUSTO\.cursor\extensions\redhat.java-1.42.0-win32-x64\jre\21.0.7-win32-x86_64\bin\java.exe
0x00007ffa8e630000 - 0x00007ffa8e828000 	C:\WINDOWS\SYSTEM32\ntdll.dll
0x00007ffa8e520000 - 0x00007ffa8e5e2000 	C:\WINDOWS\System32\KERNEL32.DLL
0x00007ffa8c240000 - 0x00007ffa8c536000 	C:\WINDOWS\System32\KERNELBASE.dll
0x00007ffa86e70000 - 0x00007ffa86f04000 	C:\WINDOWS\SYSTEM32\apphelp.dll
0x00007ffa8be80000 - 0x00007ffa8bf80000 	C:\WINDOWS\System32\ucrtbase.dll
0x00007ffa7e230000 - 0x00007ffa7e248000 	c:\Users\JUSTO\.cursor\extensions\redhat.java-1.42.0-win32-x64\jre\21.0.7-win32-x86_64\bin\jli.dll
0x00007ffa8dbd0000 - 0x00007ffa8dd6d000 	C:\WINDOWS\System32\USER32.dll
0x00007ffa8be00000 - 0x00007ffa8be22000 	C:\WINDOWS\System32\win32u.dll
0x00007ffa8ce30000 - 0x00007ffa8ce5b000 	C:\WINDOWS\System32\GDI32.dll
0x00007ffa8c540000 - 0x00007ffa8c65a000 	C:\WINDOWS\System32\gdi32full.dll
0x00007ffa8c040000 - 0x00007ffa8c0dd000 	C:\WINDOWS\System32\msvcp_win.dll
0x00007ffa7db20000 - 0x00007ffa7db3e000 	c:\Users\JUSTO\.cursor\extensions\redhat.java-1.42.0-win32-x64\jre\21.0.7-win32-x86_64\bin\VCRUNTIME140.dll
0x00007ffa75ea0000 - 0x00007ffa7613a000 	C:\WINDOWS\WinSxS\amd64_microsoft.windows.common-controls_6595b64144ccf1df_6.0.19041.5794_none_60bcd33171f2783c\COMCTL32.dll
0x00007ffa8d720000 - 0x00007ffa8d7be000 	C:\WINDOWS\System32\msvcrt.dll
0x00007ffa8d630000 - 0x00007ffa8d65f000 	C:\WINDOWS\System32\IMM32.DLL
0x00007ffa69a50000 - 0x00007ffa69bb2000 	C:\Program Files (x86)\Citrix\ICA Client\ctxapclient64.dll
0x00007ffa8c010000 - 0x00007ffa8c037000 	C:\WINDOWS\System32\bcrypt.dll
0x00007ffa8c660000 - 0x00007ffa8c9b3000 	C:\WINDOWS\System32\combase.dll
0x00007ffa8e040000 - 0x00007ffa8e163000 	C:\WINDOWS\System32\RPCRT4.dll
0x00007ffa84be0000 - 0x00007ffa84bea000 	C:\WINDOWS\SYSTEM32\VERSION.dll
0x00007ffa8de20000 - 0x00007ffa8decf000 	C:\WINDOWS\System32\ADVAPI32.dll
0x00007ffa8d680000 - 0x00007ffa8d71f000 	C:\WINDOWS\System32\sechost.dll
0x00007ffa8aec0000 - 0x00007ffa8aef3000 	C:\WINDOWS\SYSTEM32\ntmarta.dll
0x000001b9aea00000 - 0x000001b9aea82000 	C:\WINDOWS\System32\bcryptprimitives.dll
0x00007ffa81ff0000 - 0x00007ffa81ffc000 	c:\Users\JUSTO\.cursor\extensions\redhat.java-1.42.0-win32-x64\jre\21.0.7-win32-x86_64\bin\vcruntime140_1.dll
0x00007ffa618b0000 - 0x00007ffa6193d000 	c:\Users\JUSTO\.cursor\extensions\redhat.java-1.42.0-win32-x64\jre\21.0.7-win32-x86_64\bin\msvcp140.dll
0x00007ffa4f110000 - 0x00007ffa4fea0000 	c:\Users\JUSTO\.cursor\extensions\redhat.java-1.42.0-win32-x64\jre\21.0.7-win32-x86_64\bin\server\jvm.dll
0x00007ffa8d950000 - 0x00007ffa8d9bb000 	C:\WINDOWS\System32\WS2_32.dll
0x00007ffa8b600000 - 0x00007ffa8b64b000 	C:\WINDOWS\SYSTEM32\POWRPROF.dll
0x00007ffa7cef0000 - 0x00007ffa7cf17000 	C:\WINDOWS\SYSTEM32\WINMM.dll
0x00007ffa8b5b0000 - 0x00007ffa8b5c2000 	C:\WINDOWS\SYSTEM32\UMPDC.dll
0x00007ffa89b30000 - 0x00007ffa89b42000 	C:\WINDOWS\SYSTEM32\kernel.appcore.dll
0x00007ffa81400000 - 0x00007ffa8140a000 	c:\Users\JUSTO\.cursor\extensions\redhat.java-1.42.0-win32-x64\jre\21.0.7-win32-x86_64\bin\jimage.dll
0x00007ffa814a0000 - 0x00007ffa816a1000 	C:\WINDOWS\SYSTEM32\DBGHELP.DLL
0x00007ffa6ea50000 - 0x00007ffa6ea84000 	C:\WINDOWS\SYSTEM32\dbgcore.DLL
0x00007ffa7e700000 - 0x00007ffa7e70f000 	c:\Users\JUSTO\.cursor\extensions\redhat.java-1.42.0-win32-x64\jre\21.0.7-win32-x86_64\bin\instrument.dll
0x00007ffa77060000 - 0x00007ffa7707f000 	c:\Users\JUSTO\.cursor\extensions\redhat.java-1.42.0-win32-x64\jre\21.0.7-win32-x86_64\bin\java.dll
0x00007ffa8ce60000 - 0x00007ffa8d5ce000 	C:\WINDOWS\System32\SHELL32.dll
0x00007ffa89d30000 - 0x00007ffa8a4d3000 	C:\WINDOWS\SYSTEM32\windows.storage.dll
0x00007ffa8b5d0000 - 0x00007ffa8b5fb000 	C:\WINDOWS\SYSTEM32\Wldp.dll
0x00007ffa8d820000 - 0x00007ffa8d8ed000 	C:\WINDOWS\System32\OLEAUT32.dll
0x000001ba07320000 - 0x000001ba073cd000 	C:\WINDOWS\System32\SHCORE.dll
0x00007ffa8db70000 - 0x00007ffa8dbc5000 	C:\WINDOWS\System32\shlwapi.dll
0x00007ffa8bc00000 - 0x00007ffa8bc25000 	C:\WINDOWS\SYSTEM32\profapi.dll
0x00007ffa755d0000 - 0x00007ffa755e8000 	c:\Users\JUSTO\.cursor\extensions\redhat.java-1.42.0-win32-x64\jre\21.0.7-win32-x86_64\bin\zip.dll
0x00007ffa7e0c0000 - 0x00007ffa7e0d0000 	C:\Users\JUSTO\.cursor\extensions\redhat.java-1.42.0-win32-x64\jre\21.0.7-win32-x86_64\bin\net.dll
0x00007ffa84430000 - 0x00007ffa8453a000 	C:\WINDOWS\SYSTEM32\WINHTTP.dll
0x00007ffa8b330000 - 0x00007ffa8b39c000 	C:\WINDOWS\system32\mswsock.dll
0x00007ffa75560000 - 0x00007ffa75576000 	C:\Users\JUSTO\.cursor\extensions\redhat.java-1.42.0-win32-x64\jre\21.0.7-win32-x86_64\bin\nio.dll
0x00007ffa7dd60000 - 0x00007ffa7dd70000 	c:\Users\JUSTO\.cursor\extensions\redhat.java-1.42.0-win32-x64\jre\21.0.7-win32-x86_64\bin\verify.dll
0x00007ffa5c760000 - 0x00007ffa5c7a5000 	C:\Users\JUSTO\AppData\Roaming\Cursor\User\globalStorage\redhat.java\1.42.0\config_win\org.eclipse.equinox.launcher\org.eclipse.equinox.launcher.win32.win32.x86_64_1.2.1300.v20250331-1702\eclipse_11911.dll
0x00007ffa8e3e0000 - 0x00007ffa8e50b000 	C:\WINDOWS\System32\ole32.dll
0x00007ffa8b660000 - 0x00007ffa8b678000 	C:\WINDOWS\SYSTEM32\CRYPTSP.dll
0x00007ffa8ac70000 - 0x00007ffa8aca8000 	C:\WINDOWS\system32\rsaenh.dll
0x00007ffa8bbc0000 - 0x00007ffa8bbee000 	C:\WINDOWS\SYSTEM32\USERENV.dll
0x00007ffa8b520000 - 0x00007ffa8b52c000 	C:\WINDOWS\SYSTEM32\CRYPTBASE.dll
0x00007ffa8b030000 - 0x00007ffa8b06b000 	C:\WINDOWS\SYSTEM32\IPHLPAPI.DLL
0x00007ffa8e320000 - 0x00007ffa8e328000 	C:\WINDOWS\System32\NSI.dll
0x00007ffa5c6a0000 - 0x00007ffa5c6e9000 	C:\Users\JUSTO\AppData\Local\Temp\jna-70955235\jna14772765182422568750.dll
0x00007ffa8db60000 - 0x00007ffa8db68000 	C:\WINDOWS\System32\PSAPI.DLL
0x00007ffa85d90000 - 0x00007ffa85da7000 	C:\WINDOWS\SYSTEM32\dhcpcsvc6.DLL
0x00007ffa85c90000 - 0x00007ffa85cad000 	C:\WINDOWS\SYSTEM32\dhcpcsvc.DLL

dbghelp: loaded successfully - version: 4.0.5 - missing functions: none
symbol engine: initialized successfully - sym options: 0x614 - pdb path: .;c:\Users\JUSTO\.cursor\extensions\redhat.java-1.42.0-win32-x64\jre\21.0.7-win32-x86_64\bin;C:\WINDOWS\SYSTEM32;C:\WINDOWS\WinSxS\amd64_microsoft.windows.common-controls_6595b64144ccf1df_6.0.19041.5794_none_60bcd33171f2783c;C:\Program Files (x86)\Citrix\ICA Client;c:\Users\JUSTO\.cursor\extensions\redhat.java-1.42.0-win32-x64\jre\21.0.7-win32-x86_64\bin\server;C:\Users\JUSTO\AppData\Roaming\Cursor\User\globalStorage\redhat.java\1.42.0\config_win\org.eclipse.equinox.launcher\org.eclipse.equinox.launcher.win32.win32.x86_64_1.2.1300.v20250331-1702;C:\Users\JUSTO\AppData\Local\Temp\jna-70955235

VM Arguments:
jvm_args: --add-modules=ALL-SYSTEM --add-opens=java.base/java.util=ALL-UNNAMED --add-opens=java.base/java.lang=ALL-UNNAMED --add-opens=java.base/sun.nio.fs=ALL-UNNAMED -Declipse.application=org.eclipse.jdt.ls.core.id1 -Dosgi.bundles.defaultStartLevel=4 -Declipse.product=org.eclipse.jdt.ls.core.product -Djava.import.generatesMetadataFilesAtProjectRoot=false -DDetectVMInstallationsJob.disabled=true -Dfile.encoding=utf8 -XX:+UseParallelGC -XX:GCTimeRatio=4 -XX:AdaptiveSizePolicyWeight=90 -Dsun.zip.disableMemoryMapping=true -Xmx1G -Xms100m -Xlog:disable -javaagent:c:\Users\JUSTO\.cursor\extensions\redhat.java-1.42.0-win32-x64\lombok\lombok-1.18.36.jar -XX:+HeapDumpOnOutOfMemoryError -XX:HeapDumpPath=c:\Users\JUSTO\AppData\Roaming\Cursor\User\workspaceStorage\93c4394802734d2fbf77bd7f75e9b452\redhat.java -Daether.dependencyCollector.impl=bf 
java_command: c:\Users\JUSTO\.cursor\extensions\redhat.java-1.42.0-win32-x64\server\plugins\org.eclipse.equinox.launcher_1.7.0.v20250424-1814.jar -configuration c:\Users\JUSTO\AppData\Roaming\Cursor\User\globalStorage\redhat.java\1.42.0\config_win -data c:\Users\JUSTO\AppData\Roaming\Cursor\User\workspaceStorage\93c4394802734d2fbf77bd7f75e9b452\redhat.java\jdt_ws --pipe=\\.\pipe\lsp-aa746cf7499a79c061ca6ce62b30bfa5-sock
java_class_path (initial): c:\Users\JUSTO\.cursor\extensions\redhat.java-1.42.0-win32-x64\server\plugins\org.eclipse.equinox.launcher_1.7.0.v20250424-1814.jar
Launcher Type: SUN_STANDARD

[Global flags]
    uintx AdaptiveSizePolicyWeight                 = 90                                        {product} {command line}
     intx CICompilerCount                          = 3                                         {product} {ergonomic}
    uintx GCTimeRatio                              = 4                                         {product} {command line}
     bool HeapDumpOnOutOfMemoryError               = true                                   {manageable} {command line}
    ccstr HeapDumpPath                             = c:\Users\JUSTO\AppData\Roaming\Cursor\User\workspaceStorage\93c4394802734d2fbf77bd7f75e9b452\redhat.java         {manageable} {command line}
   size_t InitialHeapSize                          = 104857600                                 {product} {command line}
   size_t MaxHeapSize                              = 1073741824                                {product} {command line}
   size_t MaxNewSize                               = 357564416                                 {product} {ergonomic}
   size_t MinHeapDeltaBytes                        = 524288                                    {product} {ergonomic}
   size_t MinHeapSize                              = 104857600                                 {product} {command line}
   size_t NewSize                                  = 34603008                                  {product} {ergonomic}
    uintx NonNMethodCodeHeapSize                   = 5832780                                {pd product} {ergonomic}
    uintx NonProfiledCodeHeapSize                  = 122912730                              {pd product} {ergonomic}
   size_t OldSize                                  = 70254592                                  {product} {ergonomic}
    uintx ProfiledCodeHeapSize                     = 122912730                              {pd product} {ergonomic}
    uintx ReservedCodeCacheSize                    = 251658240                              {pd product} {ergonomic}
     bool SegmentedCodeCache                       = true                                      {product} {ergonomic}
   size_t SoftMaxHeapSize                          = 1073741824                             {manageable} {ergonomic}
     bool UseCompressedOops                        = true                           {product lp64_product} {ergonomic}
     bool UseLargePagesIndividualAllocation        = false                                  {pd product} {ergonomic}
     bool UseParallelGC                            = true                                      {product} {command line}

Logging:
Log output configuration:
 #0: stdout all=off uptime,level,tags foldmultilines=false
 #1: stderr all=off uptime,level,tags foldmultilines=false

Environment Variables:
JAVA_HOME=C:\Program Files\Java\jdk-22
PATH=C:\Program Files\Eclipse Adoptium\jdk-21.0.6.7-hotspot\bin;C:\Program Files\Microsoft\jdk-11.0.12.7-hotspot\bin;C:\xampp\php;C:\Python310\;C:\Program Files\AdoptOpenJDK\jdk-11.0.8.10-hotspot\bin;C:\WINDOWS\system32;C:\WINDOWS;C:\WINDOWS\System32\Wbem;C:\WINDOWS\System32\WindowsPowerShell\v1.0\;C:\WINDOWS\System32\OpenSSH\;C:\Program Files\Git\cmd;C:\Program Files\Microsoft SQL Server\130\Tools\Binn\;C:\Program Files\Microsoft SQL Server\Client SDK\ODBC\170\Tools\Binn\;C:\ProgramData\chocolatey\bin;C:\Program Files\dotnet\;C:\Program Files\Microsoft SQL Server\150\Tools\Binn\;C:\Program Files\AutoFirma\AutoFirma;C:\Program Files\RedHat\Podman\;C:\Program Files\Maven\apache-maven-3.9.9\bin;;C:\Program Files\Docker\Docker\resources\bin;c:\Users\JUSTO\AppData\Local\Programs\cursor\resources\app\bin;C:\Program Files\nodejs\;C:\Program Files\MySQL\MySQL Shell 8.0\bin\;C:\Users\JUSTO\AppData\Local\Microsoft\WindowsApps;C:\Users\JUSTO\AppData\Local\GitHubDesktop\bin;C:\Users\JUSTO\.dotnet\tools;C:\Users\JUSTO\AppData\Local\Programs\Microsoft VS Code\bin;C:\xampp\php;;C:\Program Files\JetBrains\IntelliJ IDEA 2024.1\bin;;C:\Program Files\JetBrains\IntelliJ IDEA Community Edition 2024.2.1\bin;;C:\Users\JUSTO\AppData\Local\Programs\cursor\resources\app\bin;C:\Users\JUSTO\AppData\Roaming\npm;C:\Users\JUSTO\AppData\Local\Microsoft\WinGet\Packages\Schniz.fnm_Microsoft.Winget.Source_8wekyb3d8bbwe;
USERNAME=JUSTO
OS=Windows_NT
PROCESSOR_IDENTIFIER=AMD64 Family 23 Model 8 Stepping 2, AuthenticAMD
TMP=C:\Users\JUSTO\AppData\Local\Temp
TEMP=C:\Users\JUSTO\AppData\Local\Temp




Periodic native trim disabled

---------------  S Y S T E M  ---------------

OS:
 Windows 10 , 64 bit Build 19041 (10.0.19041.5794)
OS uptime: 6 days 4:06 hours
Hyper-V role detected

CPU: total 6 (initial active 6) (12 cores per cpu, 2 threads per core) family 23 model 8 stepping 2 microcode 0x0, cx8, cmov, fxsr, ht, mmx, 3dnowpref, sse, sse2, sse3, ssse3, sse4a, sse4.1, sse4.2, popcnt, lzcnt, tsc, tscinvbit, avx, avx2, aes, clmul, bmi1, bmi2, adx, sha, fma, vzeroupper, clflush, clflushopt, hv, rdtscp, f16c
Processor Information for the first 6 processors :
  Max Mhz: 3200, Current Mhz: 3200, Mhz Limit: 3200

Memory: 4k page, system-wide physical 15833M (2937M free)
TotalPageFile size 17746M (AvailPageFile size 3M)
current process WorkingSet (physical memory assigned to process): 211M, peak: 248M
current process commit charge ("private bytes"): 279M, peak: 339M

vm_info: OpenJDK 64-Bit Server VM (21.0.7+6-LTS) for windows-amd64 JRE (21.0.7+6-LTS), built on 2025-04-15T00:00:00Z by "admin" with MS VC++ 17.7 (VS2022)

END.
