#
# There is insufficient memory for the Java Runtime Environment to continue.
# Native memory allocation (malloc) failed to allocate 280896 bytes. Error detail: Chunk::new
# Possible reasons:
#   The system is out of physical RAM or swap space
#   This process is running with CompressedOops enabled, and the Java Heap may be blocking the growth of the native heap
# Possible solutions:
#   Reduce memory load on the system
#   Increase physical memory or swap space
#   Check if swap backing store is full
#   Decrease Java heap size (-Xmx/-Xms)
#   Decrease number of Java threads
#   Decrease Java thread stack sizes (-Xss)
#   Set larger code cache with -XX:ReservedCodeCacheSize=
#   JVM is running with Zero Based Compressed Oops mode in which the Java heap is
#     placed in the first 32GB address space. The Java Heap base address is the
#     maximum limit for the native heap growth. Please use -XX:HeapBaseMinAddress
#     to set the Java Heap base and to place the Java Heap above 32GB virtual address.
# This output file may be truncated or incomplete.
#
#  Out of Memory Error (arena.cpp:150), pid=8980, tid=23836
#
# JRE version: Java(TM) SE Runtime Environment (22.0+36) (build 22+36-2370)
# Java VM: Java HotSpot(TM) 64-Bit Server VM (22+36-2370, mixed mode, sharing, tiered, compressed oops, compressed class ptrs, g1 gc, windows-amd64)
# No core dump will be written. Minidumps are not enabled by default on client versions of Windows
#

---------------  S U M M A R Y ------------

Command Line: -agentlib:jdwp=transport=dt_socket,address=127.0.0.1:52119,suspend=y,server=n -javaagent:C:\Users\JUSTO\AppData\Local\JetBrains\IdeaIC2024.2\captureAgent\debugger-agent.jar -Dkotlinx.coroutines.debug.enable.creation.stack.trace=false -Ddebugger.agent.enable.coroutines=true -Dfile.encoding=UTF-8 -Dsun.stdout.encoding=UTF-8 -Dsun.stderr.encoding=UTF-8 com.proyectofisio.BackendApplication

Host: AMD Ryzen 5 1600 Six-Core Processor            , 6 cores, 15G,  Windows 10 , 64 bit Build 19041 (10.0.19041.5794)
Time: Sat Jun  7 11:47:28 2025 Hora de verano romance elapsed time: 2.770016 seconds (0d 0h 0m 2s)

---------------  T H R E A D  ---------------

Current thread (0x000001fdc53138e0):  JavaThread "C2 CompilerThread1" daemon [_thread_in_native, id=23836, stack(0x0000003e02600000,0x0000003e02700000) (1024K)]


Current CompileTask:
C2:2770 2681       4       java.util.jar.JarFile::getVersionedEntry (133 bytes)

Stack: [0x0000003e02600000,0x0000003e02700000]
Native frames: (J=compiled Java code, j=interpreted, Vv=VM code, C=native code)
V  [jvm.dll+0x6e2349]  (no source info available)
V  [jvm.dll+0x874ed3]  (no source info available)
V  [jvm.dll+0x8772fe]  (no source info available)
V  [jvm.dll+0x8779d3]  (no source info available)
V  [jvm.dll+0x27fcb6]  (no source info available)
V  [jvm.dll+0xc3d0f]  (no source info available)
V  [jvm.dll+0xc3f6b]  (no source info available)
V  [jvm.dll+0x2f3b6f]  (no source info available)
V  [jvm.dll+0x60bd8a]  (no source info available)
V  [jvm.dll+0x2499d6]  (no source info available)
V  [jvm.dll+0x246eb6]  (no source info available)
V  [jvm.dll+0x1c4e90]  (no source info available)
V  [jvm.dll+0x25699e]  (no source info available)
V  [jvm.dll+0x254c5a]  (no source info available)
V  [jvm.dll+0x3f5426]  (no source info available)
V  [jvm.dll+0x81d50b]  (no source info available)
V  [jvm.dll+0x6e09e5]  (no source info available)
C  [ucrtbase.dll+0x21bb2]  (no source info available)
C  [KERNEL32.DLL+0x17374]  (no source info available)
C  [ntdll.dll+0x4cc91]  (no source info available)


---------------  P R O C E S S  ---------------

Threads class SMR info:
_java_thread_list=0x000001fdc60bf5e0, length=16, elements={
0x000001fdd90236f0, 0x000001fdf9b35320, 0x000001fdf9b37200, 0x000001fdf9b38f80,
0x000001fdf9b399e0, 0x000001fdf9b3a5f0, 0x000001fdf9b3b050, 0x000001fdf9b3bde0,
0x000001fdf9b3ca40, 0x000001fdf9b01f20, 0x000001fdc52547b0, 0x000001fdc5254e40,
0x000001fdc52b61a0, 0x000001fdc52e8780, 0x000001fdc53138e0, 0x000001fdc6476010
}

Java Threads: ( => current thread )
  0x000001fdd90236f0 JavaThread "main"                              [_thread_in_vm, id=20032, stack(0x0000003e01000000,0x0000003e01100000) (1024K)]
  0x000001fdf9b35320 JavaThread "Reference Handler"          daemon [_thread_blocked, id=19680, stack(0x0000003e01900000,0x0000003e01a00000) (1024K)]
  0x000001fdf9b37200 JavaThread "Finalizer"                  daemon [_thread_blocked, id=27052, stack(0x0000003e01a00000,0x0000003e01b00000) (1024K)]
  0x000001fdf9b38f80 JavaThread "Signal Dispatcher"          daemon [_thread_blocked, id=23036, stack(0x0000003e01b00000,0x0000003e01c00000) (1024K)]
  0x000001fdf9b399e0 JavaThread "Attach Listener"            daemon [_thread_blocked, id=11300, stack(0x0000003e01c00000,0x0000003e01d00000) (1024K)]
  0x000001fdf9b3a5f0 JavaThread "Service Thread"             daemon [_thread_blocked, id=23236, stack(0x0000003e01d00000,0x0000003e01e00000) (1024K)]
  0x000001fdf9b3b050 JavaThread "Monitor Deflation Thread"   daemon [_thread_blocked, id=31252, stack(0x0000003e01e00000,0x0000003e01f00000) (1024K)]
  0x000001fdf9b3bde0 JavaThread "C2 CompilerThread0"         daemon [_thread_in_native, id=14768, stack(0x0000003e01f00000,0x0000003e02000000) (1024K)]
  0x000001fdf9b3ca40 JavaThread "C1 CompilerThread0"         daemon [_thread_in_native, id=12232, stack(0x0000003e02000000,0x0000003e02100000) (1024K)]
  0x000001fdf9b01f20 JavaThread "Common-Cleaner"             daemon [_thread_blocked, id=28316, stack(0x0000003e02100000,0x0000003e02200000) (1024K)]
  0x000001fdc52547b0 JavaThread "JDWP Transport Listener: dt_socket" daemon [_thread_blocked, id=3028, stack(0x0000003e02200000,0x0000003e02300000) (1024K)]
  0x000001fdc5254e40 JavaThread "JDWP Event Helper Thread"   daemon [_thread_blocked, id=14556, stack(0x0000003e02300000,0x0000003e02400000) (1024K)]
  0x000001fdc52b61a0 JavaThread "JDWP Command Reader"        daemon [_thread_in_native, id=16232, stack(0x0000003e02400000,0x0000003e02500000) (1024K)]
  0x000001fdc52e8780 JavaThread "Notification Thread"        daemon [_thread_blocked, id=19816, stack(0x0000003e02500000,0x0000003e02600000) (1024K)]
=>0x000001fdc53138e0 JavaThread "C2 CompilerThread1"         daemon [_thread_in_native, id=23836, stack(0x0000003e02600000,0x0000003e02700000) (1024K)]
  0x000001fdc6476010 JavaThread "background-preinit"                [_thread_in_vm, id=14952, stack(0x0000003e02c00000,0x0000003e02d00000) (1024K)]
Total: 16

Other Threads:
  0x000001fdf9b13e10 VMThread "VM Thread"                           [id=14176, stack(0x0000003e01800000,0x0000003e01900000) (1024K)]
  0x000001fdf9b00c80 WatcherThread "VM Periodic Task Thread"        [id=26128, stack(0x0000003e01700000,0x0000003e01800000) (1024K)]
  0x000001fddb2e9780 WorkerThread "GC Thread#0"                     [id=22708, stack(0x0000003e01200000,0x0000003e01300000) (1024K)]
  0x000001fdc5e9e340 WorkerThread "GC Thread#1"                     [id=31912, stack(0x0000003e02700000,0x0000003e02800000) (1024K)]
  0x000001fdc5e9e6f0 WorkerThread "GC Thread#2"                     [id=8740, stack(0x0000003e02800000,0x0000003e02900000) (1024K)]
  0x000001fdc5e9eaa0 WorkerThread "GC Thread#3"                     [id=14988, stack(0x0000003e02900000,0x0000003e02a00000) (1024K)]
  0x000001fdc5e9f660 WorkerThread "GC Thread#4"                     [id=34356, stack(0x0000003e02a00000,0x0000003e02b00000) (1024K)]
  0x000001fdc601d5d0 WorkerThread "GC Thread#5"                     [id=25344, stack(0x0000003e02b00000,0x0000003e02c00000) (1024K)]
  0x000001fddb2f9ef0 ConcurrentGCThread "G1 Main Marker"            [id=15984, stack(0x0000003e01300000,0x0000003e01400000) (1024K)]
  0x000001fddb2fb210 WorkerThread "G1 Conc#0"                       [id=20844, stack(0x0000003e01400000,0x0000003e01500000) (1024K)]
  0x000001fdf99d28f0 ConcurrentGCThread "G1 Refine#0"               [id=20452, stack(0x0000003e01500000,0x0000003e01600000) (1024K)]
  0x000001fdf99d5620 ConcurrentGCThread "G1 Service"                [id=1296, stack(0x0000003e01600000,0x0000003e01700000) (1024K)]
Total: 12

Threads with active compile tasks:
C2 CompilerThread0  2863 2673   !   4       jdk.internal.loader.BuiltinClassLoader::loadClassOrNull (143 bytes)
C1 CompilerThread0  2863 2751       3       java.util.regex.Pattern::split (325 bytes)
C2 CompilerThread1  2864 2681       4       java.util.jar.JarFile::getVersionedEntry (133 bytes)
Total: 3

VM state: not at safepoint (normal execution)

VM Mutex/Monitor currently owned by a thread:  ([mutex/lock_event])
[0x00007ffe39fcab48] Metaspace_lock - owner thread: 0x000001fdd90236f0

Heap address: 0x0000000708800000, size: 3960 MB, Compressed Oops mode: Zero based, Oop shift amount: 3

CDS archive(s) mapped at: [0x000001fd80000000-0x000001fd80c60000-0x000001fd80c60000), size 12976128, SharedBaseAddress: 0x000001fd80000000, ArchiveRelocationMode: 1.
Compressed class space mapped at: 0x000001fd81000000-0x000001fdc1000000, reserved size: 1073741824
Narrow klass base: 0x000001fd80000000, Narrow klass shift: 0, Narrow klass range: 0x41000000

GC Precious Log:
 CardTable entry size: 512
 Card Set container configuration: InlinePtr #cards 4 size 8 Array Of Cards #cards 16 size 48 Howl #buckets 8 coarsen threshold 3686 Howl Bitmap #cards 512 size 80 coarsen threshold 460 Card regions per heap region 1 cards per card region 4096
 CPUs: 6 total, 6 available
 Memory: 15833M
 Large Page Support: Disabled
 NUMA Support: Disabled
 Compressed Oops: Enabled (Zero based)
 Heap Region Size: 2M
 Heap Min Capacity: 8M
 Heap Initial Capacity: 248M
 Heap Max Capacity: 3960M
 Pre-touch: Disabled
 Parallel Workers: 6
 Concurrent Workers: 2
 Concurrent Refinement Workers: 6
 Periodic GC: Disabled

Heap:
 garbage-first heap   total reserved 4055040K, committed 253952K, used 66989K [0x0000000708800000, 0x0000000800000000)
  region size 2048K, 32 young (65536K), 2 survivors (4096K)
 Metaspace       used 20335K, committed 20608K, reserved 1114112K
  class space    used 2556K, committed 2688K, reserved 1048576K

Heap Regions: E=young(eden), S=young(survivor), O=old, HS=humongous(starts), HC=humongous(continues), CS=collection set, F=free, TAMS=top-at-mark-start, PB=parsable bottom
|   0|0x0000000708800000, 0x0000000708a00000, 0x0000000708a00000|100%| O|  |TAMS 0x0000000708800000| PB 0x0000000708800000| Untracked |  0
|   1|0x0000000708a00000, 0x0000000708c00000, 0x0000000708c00000|100%| O|  |TAMS 0x0000000708a00000| PB 0x0000000708a00000| Untracked |  0
|   2|0x0000000708c00000, 0x0000000708e00000, 0x0000000708e00000|100%| O|  |TAMS 0x0000000708c00000| PB 0x0000000708c00000| Untracked |  0
|   3|0x0000000708e00000, 0x0000000708f44cb8, 0x0000000709000000| 63%| O|  |TAMS 0x0000000708e00000| PB 0x0000000708e00000| Untracked |  0
|   4|0x0000000709000000, 0x0000000709000000, 0x0000000709200000|  0%| F|  |TAMS 0x0000000709000000| PB 0x0000000709000000| Untracked |  0
|   5|0x0000000709200000, 0x0000000709200000, 0x0000000709400000|  0%| F|  |TAMS 0x0000000709200000| PB 0x0000000709200000| Untracked |  0
|   6|0x0000000709400000, 0x0000000709400000, 0x0000000709600000|  0%| F|  |TAMS 0x0000000709400000| PB 0x0000000709400000| Untracked |  0
|   7|0x0000000709600000, 0x0000000709600000, 0x0000000709800000|  0%| F|  |TAMS 0x0000000709600000| PB 0x0000000709600000| Untracked |  0
|   8|0x0000000709800000, 0x0000000709800000, 0x0000000709a00000|  0%| F|  |TAMS 0x0000000709800000| PB 0x0000000709800000| Untracked |  0
|   9|0x0000000709a00000, 0x0000000709a00000, 0x0000000709c00000|  0%| F|  |TAMS 0x0000000709a00000| PB 0x0000000709a00000| Untracked |  0
|  10|0x0000000709c00000, 0x0000000709c00000, 0x0000000709e00000|  0%| F|  |TAMS 0x0000000709c00000| PB 0x0000000709c00000| Untracked |  0
|  11|0x0000000709e00000, 0x0000000709e00000, 0x000000070a000000|  0%| F|  |TAMS 0x0000000709e00000| PB 0x0000000709e00000| Untracked |  0
|  12|0x000000070a000000, 0x000000070a000000, 0x000000070a200000|  0%| F|  |TAMS 0x000000070a000000| PB 0x000000070a000000| Untracked |  0
|  13|0x000000070a200000, 0x000000070a200000, 0x000000070a400000|  0%| F|  |TAMS 0x000000070a200000| PB 0x000000070a200000| Untracked |  0
|  14|0x000000070a400000, 0x000000070a400000, 0x000000070a600000|  0%| F|  |TAMS 0x000000070a400000| PB 0x000000070a400000| Untracked |  0
|  15|0x000000070a600000, 0x000000070a600000, 0x000000070a800000|  0%| F|  |TAMS 0x000000070a600000| PB 0x000000070a600000| Untracked |  0
|  16|0x000000070a800000, 0x000000070a800000, 0x000000070aa00000|  0%| F|  |TAMS 0x000000070a800000| PB 0x000000070a800000| Untracked |  0
|  17|0x000000070aa00000, 0x000000070aa00000, 0x000000070ac00000|  0%| F|  |TAMS 0x000000070aa00000| PB 0x000000070aa00000| Untracked |  0
|  18|0x000000070ac00000, 0x000000070ac00000, 0x000000070ae00000|  0%| F|  |TAMS 0x000000070ac00000| PB 0x000000070ac00000| Untracked |  0
|  19|0x000000070ae00000, 0x000000070ae00000, 0x000000070b000000|  0%| F|  |TAMS 0x000000070ae00000| PB 0x000000070ae00000| Untracked |  0
|  20|0x000000070b000000, 0x000000070b000000, 0x000000070b200000|  0%| F|  |TAMS 0x000000070b000000| PB 0x000000070b000000| Untracked |  0
|  21|0x000000070b200000, 0x000000070b200000, 0x000000070b400000|  0%| F|  |TAMS 0x000000070b200000| PB 0x000000070b200000| Untracked |  0
|  22|0x000000070b400000, 0x000000070b400000, 0x000000070b600000|  0%| F|  |TAMS 0x000000070b400000| PB 0x000000070b400000| Untracked |  0
|  23|0x000000070b600000, 0x000000070b600000, 0x000000070b800000|  0%| F|  |TAMS 0x000000070b600000| PB 0x000000070b600000| Untracked |  0
|  24|0x000000070b800000, 0x000000070b800000, 0x000000070ba00000|  0%| F|  |TAMS 0x000000070b800000| PB 0x000000070b800000| Untracked |  0
|  25|0x000000070ba00000, 0x000000070ba00000, 0x000000070bc00000|  0%| F|  |TAMS 0x000000070ba00000| PB 0x000000070ba00000| Untracked |  0
|  26|0x000000070bc00000, 0x000000070bc00000, 0x000000070be00000|  0%| F|  |TAMS 0x000000070bc00000| PB 0x000000070bc00000| Untracked |  0
|  27|0x000000070be00000, 0x000000070be00000, 0x000000070c000000|  0%| F|  |TAMS 0x000000070be00000| PB 0x000000070be00000| Untracked |  0
|  28|0x000000070c000000, 0x000000070c000000, 0x000000070c200000|  0%| F|  |TAMS 0x000000070c000000| PB 0x000000070c000000| Untracked |  0
|  29|0x000000070c200000, 0x000000070c200000, 0x000000070c400000|  0%| F|  |TAMS 0x000000070c200000| PB 0x000000070c200000| Untracked |  0
|  30|0x000000070c400000, 0x000000070c400000, 0x000000070c600000|  0%| F|  |TAMS 0x000000070c400000| PB 0x000000070c400000| Untracked |  0
|  31|0x000000070c600000, 0x000000070c600000, 0x000000070c800000|  0%| F|  |TAMS 0x000000070c600000| PB 0x000000070c600000| Untracked |  0
|  32|0x000000070c800000, 0x000000070c800000, 0x000000070ca00000|  0%| F|  |TAMS 0x000000070c800000| PB 0x000000070c800000| Untracked |  0
|  33|0x000000070ca00000, 0x000000070ca00000, 0x000000070cc00000|  0%| F|  |TAMS 0x000000070ca00000| PB 0x000000070ca00000| Untracked |  0
|  34|0x000000070cc00000, 0x000000070cc00000, 0x000000070ce00000|  0%| F|  |TAMS 0x000000070cc00000| PB 0x000000070cc00000| Untracked |  0
|  35|0x000000070ce00000, 0x000000070ce00000, 0x000000070d000000|  0%| F|  |TAMS 0x000000070ce00000| PB 0x000000070ce00000| Untracked |  0
|  36|0x000000070d000000, 0x000000070d000000, 0x000000070d200000|  0%| F|  |TAMS 0x000000070d000000| PB 0x000000070d000000| Untracked |  0
|  37|0x000000070d200000, 0x000000070d200000, 0x000000070d400000|  0%| F|  |TAMS 0x000000070d200000| PB 0x000000070d200000| Untracked |  0
|  38|0x000000070d400000, 0x000000070d400000, 0x000000070d600000|  0%| F|  |TAMS 0x000000070d400000| PB 0x000000070d400000| Untracked |  0
|  39|0x000000070d600000, 0x000000070d600000, 0x000000070d800000|  0%| F|  |TAMS 0x000000070d600000| PB 0x000000070d600000| Untracked |  0
|  40|0x000000070d800000, 0x000000070d800000, 0x000000070da00000|  0%| F|  |TAMS 0x000000070d800000| PB 0x000000070d800000| Untracked |  0
|  41|0x000000070da00000, 0x000000070da00000, 0x000000070dc00000|  0%| F|  |TAMS 0x000000070da00000| PB 0x000000070da00000| Untracked |  0
|  42|0x000000070dc00000, 0x000000070dc00000, 0x000000070de00000|  0%| F|  |TAMS 0x000000070dc00000| PB 0x000000070dc00000| Untracked |  0
|  43|0x000000070de00000, 0x000000070de00000, 0x000000070e000000|  0%| F|  |TAMS 0x000000070de00000| PB 0x000000070de00000| Untracked |  0
|  44|0x000000070e000000, 0x000000070e000000, 0x000000070e200000|  0%| F|  |TAMS 0x000000070e000000| PB 0x000000070e000000| Untracked |  0
|  45|0x000000070e200000, 0x000000070e200000, 0x000000070e400000|  0%| F|  |TAMS 0x000000070e200000| PB 0x000000070e200000| Untracked |  0
|  46|0x000000070e400000, 0x000000070e400000, 0x000000070e600000|  0%| F|  |TAMS 0x000000070e400000| PB 0x000000070e400000| Untracked |  0
|  47|0x000000070e600000, 0x000000070e600000, 0x000000070e800000|  0%| F|  |TAMS 0x000000070e600000| PB 0x000000070e600000| Untracked |  0
|  48|0x000000070e800000, 0x000000070e800000, 0x000000070ea00000|  0%| F|  |TAMS 0x000000070e800000| PB 0x000000070e800000| Untracked |  0
|  49|0x000000070ea00000, 0x000000070ea00000, 0x000000070ec00000|  0%| F|  |TAMS 0x000000070ea00000| PB 0x000000070ea00000| Untracked |  0
|  50|0x000000070ec00000, 0x000000070ec00000, 0x000000070ee00000|  0%| F|  |TAMS 0x000000070ec00000| PB 0x000000070ec00000| Untracked |  0
|  51|0x000000070ee00000, 0x000000070ee00000, 0x000000070f000000|  0%| F|  |TAMS 0x000000070ee00000| PB 0x000000070ee00000| Untracked |  0
|  52|0x000000070f000000, 0x000000070f000000, 0x000000070f200000|  0%| F|  |TAMS 0x000000070f000000| PB 0x000000070f000000| Untracked |  0
|  53|0x000000070f200000, 0x000000070f200000, 0x000000070f400000|  0%| F|  |TAMS 0x000000070f200000| PB 0x000000070f200000| Untracked |  0
|  54|0x000000070f400000, 0x000000070f400000, 0x000000070f600000|  0%| F|  |TAMS 0x000000070f400000| PB 0x000000070f400000| Untracked |  0
|  55|0x000000070f600000, 0x000000070f600000, 0x000000070f800000|  0%| F|  |TAMS 0x000000070f600000| PB 0x000000070f600000| Untracked |  0
|  56|0x000000070f800000, 0x000000070f800000, 0x000000070fa00000|  0%| F|  |TAMS 0x000000070f800000| PB 0x000000070f800000| Untracked |  0
|  57|0x000000070fa00000, 0x000000070fa00000, 0x000000070fc00000|  0%| F|  |TAMS 0x000000070fa00000| PB 0x000000070fa00000| Untracked |  0
|  58|0x000000070fc00000, 0x000000070fc00000, 0x000000070fe00000|  0%| F|  |TAMS 0x000000070fc00000| PB 0x000000070fc00000| Untracked |  0
|  59|0x000000070fe00000, 0x000000070fe00000, 0x0000000710000000|  0%| F|  |TAMS 0x000000070fe00000| PB 0x000000070fe00000| Untracked |  0
|  60|0x0000000710000000, 0x0000000710000000, 0x0000000710200000|  0%| F|  |TAMS 0x0000000710000000| PB 0x0000000710000000| Untracked |  0
|  61|0x0000000710200000, 0x0000000710200000, 0x0000000710400000|  0%| F|  |TAMS 0x0000000710200000| PB 0x0000000710200000| Untracked |  0
|  62|0x0000000710400000, 0x0000000710400000, 0x0000000710600000|  0%| F|  |TAMS 0x0000000710400000| PB 0x0000000710400000| Untracked |  0
|  63|0x0000000710600000, 0x0000000710600000, 0x0000000710800000|  0%| F|  |TAMS 0x0000000710600000| PB 0x0000000710600000| Untracked |  0
|  64|0x0000000710800000, 0x0000000710800000, 0x0000000710a00000|  0%| F|  |TAMS 0x0000000710800000| PB 0x0000000710800000| Untracked |  0
|  65|0x0000000710a00000, 0x0000000710a00000, 0x0000000710c00000|  0%| F|  |TAMS 0x0000000710a00000| PB 0x0000000710a00000| Untracked |  0
|  66|0x0000000710c00000, 0x0000000710c00000, 0x0000000710e00000|  0%| F|  |TAMS 0x0000000710c00000| PB 0x0000000710c00000| Untracked |  0
|  67|0x0000000710e00000, 0x0000000710e00000, 0x0000000711000000|  0%| F|  |TAMS 0x0000000710e00000| PB 0x0000000710e00000| Untracked |  0
|  68|0x0000000711000000, 0x0000000711000000, 0x0000000711200000|  0%| F|  |TAMS 0x0000000711000000| PB 0x0000000711000000| Untracked |  0
|  69|0x0000000711200000, 0x0000000711200000, 0x0000000711400000|  0%| F|  |TAMS 0x0000000711200000| PB 0x0000000711200000| Untracked |  0
|  70|0x0000000711400000, 0x0000000711400000, 0x0000000711600000|  0%| F|  |TAMS 0x0000000711400000| PB 0x0000000711400000| Untracked |  0
|  71|0x0000000711600000, 0x0000000711600000, 0x0000000711800000|  0%| F|  |TAMS 0x0000000711600000| PB 0x0000000711600000| Untracked |  0
|  72|0x0000000711800000, 0x0000000711800000, 0x0000000711a00000|  0%| F|  |TAMS 0x0000000711800000| PB 0x0000000711800000| Untracked |  0
|  73|0x0000000711a00000, 0x0000000711a00000, 0x0000000711c00000|  0%| F|  |TAMS 0x0000000711a00000| PB 0x0000000711a00000| Untracked |  0
|  74|0x0000000711c00000, 0x0000000711c00000, 0x0000000711e00000|  0%| F|  |TAMS 0x0000000711c00000| PB 0x0000000711c00000| Untracked |  0
|  75|0x0000000711e00000, 0x0000000711e00000, 0x0000000712000000|  0%| F|  |TAMS 0x0000000711e00000| PB 0x0000000711e00000| Untracked |  0
|  76|0x0000000712000000, 0x0000000712000000, 0x0000000712200000|  0%| F|  |TAMS 0x0000000712000000| PB 0x0000000712000000| Untracked |  0
|  77|0x0000000712200000, 0x0000000712200000, 0x0000000712400000|  0%| F|  |TAMS 0x0000000712200000| PB 0x0000000712200000| Untracked |  0
|  78|0x0000000712400000, 0x0000000712400000, 0x0000000712600000|  0%| F|  |TAMS 0x0000000712400000| PB 0x0000000712400000| Untracked |  0
|  79|0x0000000712600000, 0x0000000712600000, 0x0000000712800000|  0%| F|  |TAMS 0x0000000712600000| PB 0x0000000712600000| Untracked |  0
|  80|0x0000000712800000, 0x0000000712800000, 0x0000000712a00000|  0%| F|  |TAMS 0x0000000712800000| PB 0x0000000712800000| Untracked |  0
|  81|0x0000000712a00000, 0x0000000712a00000, 0x0000000712c00000|  0%| F|  |TAMS 0x0000000712a00000| PB 0x0000000712a00000| Untracked |  0
|  82|0x0000000712c00000, 0x0000000712c00000, 0x0000000712e00000|  0%| F|  |TAMS 0x0000000712c00000| PB 0x0000000712c00000| Untracked |  0
|  83|0x0000000712e00000, 0x0000000712e00000, 0x0000000713000000|  0%| F|  |TAMS 0x0000000712e00000| PB 0x0000000712e00000| Untracked |  0
|  84|0x0000000713000000, 0x0000000713000000, 0x0000000713200000|  0%| F|  |TAMS 0x0000000713000000| PB 0x0000000713000000| Untracked |  0
|  85|0x0000000713200000, 0x0000000713200000, 0x0000000713400000|  0%| F|  |TAMS 0x0000000713200000| PB 0x0000000713200000| Untracked |  0
|  86|0x0000000713400000, 0x0000000713400000, 0x0000000713600000|  0%| F|  |TAMS 0x0000000713400000| PB 0x0000000713400000| Untracked |  0
|  87|0x0000000713600000, 0x0000000713600000, 0x0000000713800000|  0%| F|  |TAMS 0x0000000713600000| PB 0x0000000713600000| Untracked |  0
|  88|0x0000000713800000, 0x0000000713800000, 0x0000000713a00000|  0%| F|  |TAMS 0x0000000713800000| PB 0x0000000713800000| Untracked |  0
|  89|0x0000000713a00000, 0x0000000713a00000, 0x0000000713c00000|  0%| F|  |TAMS 0x0000000713a00000| PB 0x0000000713a00000| Untracked |  0
|  90|0x0000000713c00000, 0x0000000713c00000, 0x0000000713e00000|  0%| F|  |TAMS 0x0000000713c00000| PB 0x0000000713c00000| Untracked |  0
|  91|0x0000000713e00000, 0x0000000713e00000, 0x0000000714000000|  0%| F|  |TAMS 0x0000000713e00000| PB 0x0000000713e00000| Untracked |  0
|  92|0x0000000714000000, 0x00000007141657c0, 0x0000000714200000| 69%| E|  |TAMS 0x0000000714000000| PB 0x0000000714000000| Complete |  0
|  93|0x0000000714200000, 0x0000000714400000, 0x0000000714400000|100%| E|CS|TAMS 0x0000000714200000| PB 0x0000000714200000| Complete |  0
|  94|0x0000000714400000, 0x0000000714600000, 0x0000000714600000|100%| E|CS|TAMS 0x0000000714400000| PB 0x0000000714400000| Complete |  0
|  95|0x0000000714600000, 0x0000000714800000, 0x0000000714800000|100%| E|CS|TAMS 0x0000000714600000| PB 0x0000000714600000| Complete |  0
|  96|0x0000000714800000, 0x0000000714a00000, 0x0000000714a00000|100%| E|CS|TAMS 0x0000000714800000| PB 0x0000000714800000| Complete |  0
|  97|0x0000000714a00000, 0x0000000714c00000, 0x0000000714c00000|100%| E|CS|TAMS 0x0000000714a00000| PB 0x0000000714a00000| Complete |  0
|  98|0x0000000714c00000, 0x0000000714e00000, 0x0000000714e00000|100%| E|  |TAMS 0x0000000714c00000| PB 0x0000000714c00000| Complete |  0
|  99|0x0000000714e00000, 0x0000000715000000, 0x0000000715000000|100%| E|CS|TAMS 0x0000000714e00000| PB 0x0000000714e00000| Complete |  0
| 100|0x0000000715000000, 0x0000000715200000, 0x0000000715200000|100%| E|CS|TAMS 0x0000000715000000| PB 0x0000000715000000| Complete |  0
| 101|0x0000000715200000, 0x0000000715400000, 0x0000000715400000|100%| E|CS|TAMS 0x0000000715200000| PB 0x0000000715200000| Complete |  0
| 102|0x0000000715400000, 0x0000000715600000, 0x0000000715600000|100%| E|CS|TAMS 0x0000000715400000| PB 0x0000000715400000| Complete |  0
| 103|0x0000000715600000, 0x0000000715800000, 0x0000000715800000|100%| E|CS|TAMS 0x0000000715600000| PB 0x0000000715600000| Complete |  0
| 104|0x0000000715800000, 0x0000000715a00000, 0x0000000715a00000|100%| E|CS|TAMS 0x0000000715800000| PB 0x0000000715800000| Complete |  0
| 105|0x0000000715a00000, 0x0000000715c00000, 0x0000000715c00000|100%| E|CS|TAMS 0x0000000715a00000| PB 0x0000000715a00000| Complete |  0
| 106|0x0000000715c00000, 0x0000000715e00000, 0x0000000715e00000|100%| E|CS|TAMS 0x0000000715c00000| PB 0x0000000715c00000| Complete |  0
| 107|0x0000000715e00000, 0x0000000716000000, 0x0000000716000000|100%| E|CS|TAMS 0x0000000715e00000| PB 0x0000000715e00000| Complete |  0
| 108|0x0000000716000000, 0x0000000716026890, 0x0000000716200000|  7%| S|CS|TAMS 0x0000000716000000| PB 0x0000000716000000| Complete |  0
| 109|0x0000000716200000, 0x0000000716400000, 0x0000000716400000|100%| S|CS|TAMS 0x0000000716200000| PB 0x0000000716200000| Complete |  0
| 110|0x0000000716400000, 0x0000000716600000, 0x0000000716600000|100%| E|CS|TAMS 0x0000000716400000| PB 0x0000000716400000| Complete |  0
| 111|0x0000000716600000, 0x0000000716800000, 0x0000000716800000|100%| E|CS|TAMS 0x0000000716600000| PB 0x0000000716600000| Complete |  0
| 112|0x0000000716800000, 0x0000000716a00000, 0x0000000716a00000|100%| E|CS|TAMS 0x0000000716800000| PB 0x0000000716800000| Complete |  0
| 113|0x0000000716a00000, 0x0000000716c00000, 0x0000000716c00000|100%| E|CS|TAMS 0x0000000716a00000| PB 0x0000000716a00000| Complete |  0
| 114|0x0000000716c00000, 0x0000000716e00000, 0x0000000716e00000|100%| E|CS|TAMS 0x0000000716c00000| PB 0x0000000716c00000| Complete |  0
| 115|0x0000000716e00000, 0x0000000717000000, 0x0000000717000000|100%| E|CS|TAMS 0x0000000716e00000| PB 0x0000000716e00000| Complete |  0
| 116|0x0000000717000000, 0x0000000717200000, 0x0000000717200000|100%| E|CS|TAMS 0x0000000717000000| PB 0x0000000717000000| Complete |  0
| 117|0x0000000717200000, 0x0000000717400000, 0x0000000717400000|100%| E|CS|TAMS 0x0000000717200000| PB 0x0000000717200000| Complete |  0
| 118|0x0000000717400000, 0x0000000717600000, 0x0000000717600000|100%| E|CS|TAMS 0x0000000717400000| PB 0x0000000717400000| Complete |  0
| 119|0x0000000717600000, 0x0000000717800000, 0x0000000717800000|100%| E|CS|TAMS 0x0000000717600000| PB 0x0000000717600000| Complete |  0
| 120|0x0000000717800000, 0x0000000717a00000, 0x0000000717a00000|100%| E|CS|TAMS 0x0000000717800000| PB 0x0000000717800000| Complete |  0
| 121|0x0000000717a00000, 0x0000000717c00000, 0x0000000717c00000|100%| E|CS|TAMS 0x0000000717a00000| PB 0x0000000717a00000| Complete |  0
| 122|0x0000000717c00000, 0x0000000717e00000, 0x0000000717e00000|100%| E|CS|TAMS 0x0000000717c00000| PB 0x0000000717c00000| Complete |  0
| 123|0x0000000717e00000, 0x0000000718000000, 0x0000000718000000|100%| E|CS|TAMS 0x0000000717e00000| PB 0x0000000717e00000| Complete |  0

Card table byte_map: [0x000001fdf2f70000,0x000001fdf3730000] _byte_map_base: 0x000001fdef72c000

Marking Bits: (CMBitMap*) 0x000001fddb2e9e90
 Bits: [0x000001fdf3730000, 0x000001fdf7510000)

Polling page: 0x000001fdd9240000

Metaspace:

Usage:
  Non-class:     17.36 MB used.
      Class:      2.50 MB used.
       Both:     19.86 MB used.

Virtual space:
  Non-class space:       64.00 MB reserved,      17.50 MB ( 27%) committed,  1 nodes.
      Class space:        1.00 GB reserved,       2.62 MB ( <1%) committed,  1 nodes.
             Both:        1.06 GB reserved,      20.12 MB (  2%) committed. 

Chunk freelists:
   Non-Class:  14.17 MB
       Class:  13.25 MB
        Both:  27.42 MB

MaxMetaspaceSize: unlimited
CompressedClassSpaceSize: 1.00 GB
Initial GC threshold: 21.00 MB
Current GC threshold: 21.00 MB
CDS: on
 - commit_granule_bytes: 65536.
 - commit_granule_words: 8192.
 - virtual_space_node_default_size: 8388608.
 - enlarge_chunks_in_place: 1.
 - use_allocation_guard: 0.


Internal statistics:

num_allocs_failed_limit: 0.
num_arena_births: 268.
num_arena_deaths: 0.
num_vsnodes_births: 2.
num_vsnodes_deaths: 0.
num_space_committed: 322.
num_space_uncommitted: 0.
num_chunks_returned_to_freelist: 0.
num_chunks_taken_from_freelist: 884.
num_chunk_merges: 0.
num_chunk_splits: 612.
num_chunks_enlarged: 464.
num_inconsistent_stats: 0.

CodeHeap 'non-profiled nmethods': size=120000Kb used=1166Kb max_used=1166Kb free=118833Kb
 bounds [0x000001fdeb060000, 0x000001fdeb2d0000, 0x000001fdf2590000]
CodeHeap 'profiled nmethods': size=120000Kb used=5479Kb max_used=5479Kb free=114520Kb
 bounds [0x000001fde3590000, 0x000001fde3af0000, 0x000001fdeaac0000]
CodeHeap 'non-nmethods': size=5760Kb used=1512Kb max_used=1554Kb free=4247Kb
 bounds [0x000001fdeaac0000, 0x000001fdead30000, 0x000001fdeb060000]
 total_blobs=3273 nmethods=2744 adapters=433
 compilation: enabled
              stopped_count=0, restarted_count=0
 full_count=0

Compilation events (20 events):
Event: 2.755 Thread 0x000001fdf9b3ca40 nmethod 2709 0x000001fde3ad6290 code [0x000001fde3ad6660, 0x000001fde3ad8030]
Event: 2.755 Thread 0x000001fdf9b3ca40 2707       3       jdk.internal.loader.BuiltinClassLoader::findResourceOnClassPath (41 bytes)
Event: 2.755 Thread 0x000001fdf9b3ca40 nmethod 2707 0x000001fde3ad8d10 code [0x000001fde3ad8ee0, 0x000001fde3ad92c8]
Event: 2.755 Thread 0x000001fdf9b3ca40 2708       3       java.lang.Class::protectionDomain (48 bytes)
Event: 2.756 Thread 0x000001fdf9b3ca40 nmethod 2708 0x000001fde3ad9410 code [0x000001fde3ad9640, 0x000001fde3ad9ce8]
Event: 2.758 Thread 0x000001fdf9b3ca40 2710   !   3       java.security.AccessController::doPrivileged (22 bytes)
Event: 2.758 Thread 0x000001fdf9b3ca40 nmethod 2710 0x000001fde3ad9f10 code [0x000001fde3ada120, 0x000001fde3ada5f8]
Event: 2.761 Thread 0x000001fdf9b3ca40 2711       3       sun.reflect.annotation.AnnotationParser::parseArrayElements (105 bytes)
Event: 2.761 Thread 0x000001fdf9b3ca40 nmethod 2711 0x000001fde3ada910 code [0x000001fde3adab20, 0x000001fde3adb3b8]
Event: 2.762 Thread 0x000001fdf9b3ca40 2712       1       java.util.stream.ReduceOps$Box::get (5 bytes)
Event: 2.762 Thread 0x000001fdf9b3ca40 nmethod 2712 0x000001fdeb181b90 code [0x000001fdeb181d20, 0x000001fdeb181df0]
Event: 2.763 Thread 0x000001fdf9b3ca40 2714       3       java.lang.invoke.InfoFromMemberName::getModifiers (8 bytes)
Event: 2.763 Thread 0x000001fdf9b3ca40 nmethod 2714 0x000001fde3adb690 code [0x000001fde3adb820, 0x000001fde3adb9a0]
Event: 2.764 Thread 0x000001fdf9b3ca40 2716       1       java.lang.invoke.InvokerBytecodeGenerator::setClassWriter (6 bytes)
Event: 2.765 Thread 0x000001fdf9b3ca40 nmethod 2716 0x000001fdeb182190 code [0x000001fdeb182320, 0x000001fdeb182438]
Event: 2.765 Thread 0x000001fdf9b3ca40 2717       3       jdk.internal.org.objectweb.asm.AnnotationWriter::<init> (60 bytes)
Event: 2.765 Thread 0x000001fdf9b3ca40 nmethod 2717 0x000001fde3adba90 code [0x000001fde3adbc60, 0x000001fde3adc068]
Event: 2.765 Thread 0x000001fdf9b3ca40 2722       3       jdk.internal.org.objectweb.asm.AnnotationWriter::create (34 bytes)
Event: 2.765 Thread 0x000001fdf9b3ca40 nmethod 2722 0x000001fde3adc210 code [0x000001fde3adc400, 0x000001fde3adc8b0]
Event: 2.765 Thread 0x000001fdf9b3ca40 2723       3       java.lang.invoke.InnerClassLambdaMetafactory::<init> (258 bytes)

GC Heap History (4 events):
Event: 1.033 GC heap before
{Heap before GC invocations=0 (full 0):
 garbage-first heap   total reserved 4055040K, committed 253952K, used 22528K [0x0000000708800000, 0x0000000800000000)
  region size 2048K, 11 young (22528K), 0 survivors (0K)
 Metaspace       used 4175K, committed 4352K, reserved 1114112K
  class space    used 456K, committed 576K, reserved 1048576K
}
Event: 1.038 GC heap after
{Heap after GC invocations=1 (full 0):
 garbage-first heap   total reserved 4055040K, committed 253952K, used 7460K [0x0000000708800000, 0x0000000800000000)
  region size 2048K, 2 young (4096K), 2 survivors (4096K)
 Metaspace       used 4175K, committed 4352K, reserved 1114112K
  class space    used 456K, committed 576K, reserved 1048576K
}
Event: 1.865 GC heap before
{Heap before GC invocations=1 (full 0):
 garbage-first heap   total reserved 4055040K, committed 253952K, used 32036K [0x0000000708800000, 0x0000000800000000)
  region size 2048K, 14 young (28672K), 2 survivors (4096K)
 Metaspace       used 9849K, committed 10176K, reserved 1114112K
  class space    used 1205K, committed 1344K, reserved 1048576K
}
Event: 1.870 GC heap after
{Heap after GC invocations=2 (full 0):
 garbage-first heap   total reserved 4055040K, committed 253952K, used 9645K [0x0000000708800000, 0x0000000800000000)
  region size 2048K, 2 young (4096K), 2 survivors (4096K)
 Metaspace       used 9849K, committed 10176K, reserved 1114112K
  class space    used 1205K, committed 1344K, reserved 1048576K
}

Dll operation events (9 events):
Event: 0.028 Loaded shared library C:\Program Files\Java\jdk-22\bin\java.dll
Event: 0.030 Loaded shared library C:\Program Files\Java\jdk-22\bin\zip.dll
Event: 0.090 Loaded shared library C:\Program Files\Java\jdk-22\bin\jsvml.dll
Event: 0.334 Loaded shared library C:\Program Files\Java\jdk-22\bin\instrument.dll
Event: 0.368 Loaded shared library C:\Program Files\Java\jdk-22\bin\net.dll
Event: 0.371 Loaded shared library C:\Program Files\Java\jdk-22\bin\nio.dll
Event: 0.379 Loaded shared library C:\Program Files\Java\jdk-22\bin\zip.dll
Event: 0.617 Loaded shared library C:\Program Files\Java\jdk-22\bin\jimage.dll
Event: 1.743 Loaded shared library C:\Program Files\Java\jdk-22\bin\le.dll

Deoptimization events (20 events):
Event: 2.517 Thread 0x000001fdc6476010 Uncommon trap: trap_request=0xffffff45 fr.pc=0x000001fdeb0db0f0 relative=0x0000000000000070
Event: 2.517 Thread 0x000001fdc6476010 Uncommon trap: reason=unstable_if action=reinterpret pc=0x000001fdeb0db0f0 method=java.lang.AbstractStringBuilder.isLatin1()Z @ 10 c2
Event: 2.517 Thread 0x000001fdc6476010 DEOPT PACKING pc=0x000001fdeb0db0f0 sp=0x0000003e02cfdae0
Event: 2.517 Thread 0x000001fdc6476010 DEOPT UNPACKING pc=0x000001fdeab146a2 sp=0x0000003e02cfda80 mode 2
Event: 2.520 Thread 0x000001fdc6476010 Uncommon trap: trap_request=0xffffff45 fr.pc=0x000001fdeb0cf9d4 relative=0x0000000000000054
Event: 2.520 Thread 0x000001fdc6476010 Uncommon trap: reason=unstable_if action=reinterpret pc=0x000001fdeb0cf9d4 method=java.lang.CharacterData.of(I)Ljava/lang/CharacterData; @ 4 c2
Event: 2.520 Thread 0x000001fdc6476010 DEOPT PACKING pc=0x000001fdeb0cf9d4 sp=0x0000003e02cfd2c0
Event: 2.520 Thread 0x000001fdc6476010 DEOPT UNPACKING pc=0x000001fdeab146a2 sp=0x0000003e02cfd258 mode 2
Event: 2.717 Thread 0x000001fdc6476010 Uncommon trap: trap_request=0xffffffc6 fr.pc=0x000001fdeb16e618 relative=0x0000000000000758
Event: 2.717 Thread 0x000001fdc6476010 Uncommon trap: reason=bimorphic_or_optimized_type_check action=maybe_recompile pc=0x000001fdeb16e618 method=java.util.regex.Pattern$Start.match(Ljava/util/regex/Matcher;ILjava/lang/CharSequence;)Z @ 44 c2
Event: 2.717 Thread 0x000001fdc6476010 DEOPT PACKING pc=0x000001fdeb16e618 sp=0x0000003e02cfdc70
Event: 2.717 Thread 0x000001fdc6476010 DEOPT UNPACKING pc=0x000001fdeab146a2 sp=0x0000003e02cfdc30 mode 2
Event: 2.717 Thread 0x000001fdc6476010 Uncommon trap: trap_request=0xffffffc6 fr.pc=0x000001fdeb16e618 relative=0x0000000000000758
Event: 2.717 Thread 0x000001fdc6476010 Uncommon trap: reason=bimorphic_or_optimized_type_check action=maybe_recompile pc=0x000001fdeb16e618 method=java.util.regex.Pattern$Start.match(Ljava/util/regex/Matcher;ILjava/lang/CharSequence;)Z @ 44 c2
Event: 2.717 Thread 0x000001fdc6476010 DEOPT PACKING pc=0x000001fdeb16e618 sp=0x0000003e02cfdc70
Event: 2.717 Thread 0x000001fdc6476010 DEOPT UNPACKING pc=0x000001fdeab146a2 sp=0x0000003e02cfdc30 mode 2
Event: 2.717 Thread 0x000001fdc6476010 Uncommon trap: trap_request=0xffffff6e fr.pc=0x000001fdeb16e658 relative=0x0000000000000798
Event: 2.717 Thread 0x000001fdc6476010 Uncommon trap: reason=loop_limit_check action=maybe_recompile pc=0x000001fdeb16e658 method=java.util.regex.Pattern$Start.match(Ljava/util/regex/Matcher;ILjava/lang/CharSequence;)Z @ 34 c2
Event: 2.717 Thread 0x000001fdc6476010 DEOPT PACKING pc=0x000001fdeb16e658 sp=0x0000003e02cfdc70
Event: 2.717 Thread 0x000001fdc6476010 DEOPT UNPACKING pc=0x000001fdeab146a2 sp=0x0000003e02cfdc40 mode 2

Classes loaded (20 events):
Event: 2.750 Loading class com/fasterxml/jackson/datatype/jsr310/deser/InstantDeserializer$FromIntegerArguments
Event: 2.750 Loading class com/fasterxml/jackson/datatype/jsr310/deser/InstantDeserializer$FromIntegerArguments done
Event: 2.750 Loading class com/fasterxml/jackson/datatype/jsr310/deser/InstantDeserializer$FromIntegerArguments
Event: 2.750 Loading class com/fasterxml/jackson/datatype/jsr310/deser/InstantDeserializer$FromIntegerArguments done
Event: 2.751 Loading class com/fasterxml/jackson/datatype/jsr310/deser/InstantDeserializer$FromDecimalArguments
Event: 2.751 Loading class com/fasterxml/jackson/datatype/jsr310/deser/InstantDeserializer$FromDecimalArguments done
Event: 2.751 Loading class com/fasterxml/jackson/datatype/jsr310/deser/InstantDeserializer$FromDecimalArguments
Event: 2.751 Loading class com/fasterxml/jackson/datatype/jsr310/deser/InstantDeserializer$FromDecimalArguments done
Event: 2.751 Loading class com/fasterxml/jackson/databind/module/SimpleDeserializers
Event: 2.751 Loading class com/fasterxml/jackson/databind/module/SimpleDeserializers done
Event: 2.754 Loading class com/fasterxml/jackson/databind/deser/Deserializers$Base
Event: 2.754 Loading class com/fasterxml/jackson/databind/deser/Deserializers$Base done
Event: 2.756 Loading class com/fasterxml/jackson/databind/type/ClassKey
Event: 2.756 Loading class com/fasterxml/jackson/databind/type/ClassKey done
Event: 2.758 Loading class com/fasterxml/jackson/datatype/jsr310/deser/JSR310StringParsableDeserializer
Event: 2.758 Loading class com/fasterxml/jackson/datatype/jsr310/deser/JSR310StringParsableDeserializer done
Event: 2.760 Loading class com/fasterxml/jackson/databind/module/SimpleSerializers
Event: 2.760 Loading class com/fasterxml/jackson/databind/module/SimpleSerializers done
Event: 2.761 Loading class com/fasterxml/jackson/databind/ser/Serializers$Base
Event: 2.761 Loading class com/fasterxml/jackson/databind/ser/Serializers$Base done

Classes unloaded (0 events):
No events

Classes redefined (0 events):
No events

Internal exceptions (20 events):
Event: 1.579 Thread 0x000001fdd90236f0 Exception <a 'java/lang/NoSuchMethodError'{0x0000000716e1cd10}: 'java.lang.Object java.lang.invoke.DirectMethodHandle$Holder.invokeStaticInit(java.lang.Object, long, java.lang.Object)'> (0x0000000716e1cd10) 
thrown [s\open\src\hotspot\share\interpreter\linkResolver.cpp, line 774]
Event: 1.580 Thread 0x000001fdd90236f0 Exception <a 'java/lang/NoSuchMethodError'{0x0000000716e22548}: 'java.lang.Object java.lang.invoke.DirectMethodHandle$Holder.newInvokeSpecial(java.lang.Object, long)'> (0x0000000716e22548) 
thrown [s\open\src\hotspot\share\interpreter\linkResolver.cpp, line 774]
Event: 1.601 Thread 0x000001fdd90236f0 Exception <a 'java/lang/NoSuchMethodError'{0x0000000716e94d60}: 'void java.lang.invoke.DirectMethodHandle$Holder.invokeSpecial(java.lang.Object, java.lang.Object, java.lang.Object, java.lang.Object, java.lang.Object)'> (0x0000000716e94d60) 
thrown [s\open\src\hotspot\share\interpreter\linkResolver.cpp, line 774]
Event: 1.602 Thread 0x000001fdd90236f0 Exception <a 'java/lang/NoSuchMethodError'{0x0000000716e9c6f8}: 'void java.lang.invoke.DirectMethodHandle$Holder.invokeVirtual(java.lang.Object, java.lang.Object, java.lang.Object, java.lang.Object)'> (0x0000000716e9c6f8) 
thrown [s\open\src\hotspot\share\interpreter\linkResolver.cpp, line 774]
Event: 1.656 Thread 0x000001fdd90236f0 Exception <a 'java/lang/NoSuchMethodError'{0x0000000716c0c7b8}: 'void java.lang.invoke.DirectMethodHandle$Holder.invokeSpecial(java.lang.Object, java.lang.Object, java.lang.Object)'> (0x0000000716c0c7b8) 
thrown [s\open\src\hotspot\share\interpreter\linkResolver.cpp, line 774]
Event: 1.659 Thread 0x000001fdd90236f0 Exception <a 'java/lang/NoSuchMethodError'{0x0000000716c1be38}: 'java.lang.Object java.lang.invoke.DirectMethodHandle$Holder.invokeVirtual(java.lang.Object, java.lang.Object, java.lang.Object)'> (0x0000000716c1be38) 
thrown [s\open\src\hotspot\share\interpreter\linkResolver.cpp, line 774]
Event: 1.677 Thread 0x000001fdd90236f0 Exception <a 'java/lang/IncompatibleClassChangeError'{0x0000000716c86810}: Found class java.lang.Object, but interface was expected> (0x0000000716c86810) 
thrown [s\open\src\hotspot\share\interpreter\linkResolver.cpp, line 841]
Event: 1.683 Thread 0x000001fdd90236f0 Exception <a 'java/lang/NoSuchMethodError'{0x0000000716c9f230}: 'java.lang.Object java.lang.invoke.DirectMethodHandle$Holder.invokeStaticInit(java.lang.Object, int)'> (0x0000000716c9f230) 
thrown [s\open\src\hotspot\share\interpreter\linkResolver.cpp, line 774]
Event: 1.713 Thread 0x000001fdd90236f0 Exception <a 'java/lang/NoSuchMethodError'{0x0000000716cab758}: 'java.lang.Object java.lang.invoke.DirectMethodHandle$Holder.invokeStatic(java.lang.Object, int, java.lang.Object)'> (0x0000000716cab758) 
thrown [s\open\src\hotspot\share\interpreter\linkResolver.cpp, line 774]
Event: 1.714 Thread 0x000001fdd90236f0 Exception <a 'java/lang/NoSuchMethodError'{0x0000000716cec798}: 'java.lang.Object java.lang.invoke.DirectMethodHandle$Holder.invokeStaticInit(java.lang.Object, int, java.lang.Object)'> (0x0000000716cec798) 
thrown [s\open\src\hotspot\share\interpreter\linkResolver.cpp, line 774]
Event: 1.728 Thread 0x000001fdd90236f0 Exception <a 'sun/nio/fs/WindowsException'{0x0000000716d1e7a0}> (0x0000000716d1e7a0) 
thrown [s\open\src\hotspot\share\prims\jni.cpp, line 520]
Event: 1.747 Thread 0x000001fdd90236f0 Exception <a 'jdk/internal/org/jline/terminal/impl/jna/LastErrorException'{0x0000000716db12e0}> (0x0000000716db12e0) 
thrown [s\open\src\hotspot\share\prims\jni.cpp, line 520]
Event: 1.748 Thread 0x000001fdd90236f0 Exception <a 'jdk/internal/org/jline/terminal/impl/jna/LastErrorException'{0x0000000716db19a0}> (0x0000000716db19a0) 
thrown [s\open\src\hotspot\share\prims\jni.cpp, line 520]
Event: 1.748 Thread 0x000001fdd90236f0 Exception <a 'jdk/internal/org/jline/terminal/impl/jna/LastErrorException'{0x0000000716db2010}> (0x0000000716db2010) 
thrown [s\open\src\hotspot\share\prims\jni.cpp, line 520]
Event: 2.206 Thread 0x000001fdd90236f0 Exception <a 'java/lang/NoSuchMethodError'{0x0000000716d4ed48}: 'int java.lang.invoke.DirectMethodHandle$Holder.invokeSpecial(java.lang.Object, java.lang.Object, java.lang.Object, java.lang.Object, java.lang.Object)'> (0x0000000716d4ed48) 
thrown [s\open\src\hotspot\share\interpreter\linkResolver.cpp, line 774]
Event: 2.210 Thread 0x000001fdd90236f0 Exception <a 'java/lang/NoSuchMethodError'{0x0000000716d5dae8}: 'void java.lang.invoke.DirectMethodHandle$Holder.invokeVirtual(java.lang.Object, java.lang.Object)'> (0x0000000716d5dae8) 
thrown [s\open\src\hotspot\share\interpreter\linkResolver.cpp, line 774]
Event: 2.762 Thread 0x000001fdc6476010 Exception <a 'java/lang/NoSuchMethodError'{0x00000007144d8a18}: 'long java.lang.invoke.DirectMethodHandle$Holder.invokeSpecial(java.lang.Object, java.lang.Object)'> (0x00000007144d8a18) 
thrown [s\open\src\hotspot\share\interpreter\linkResolver.cpp, line 774]
Event: 2.764 Thread 0x000001fdc6476010 Exception <a 'java/lang/NoSuchMethodError'{0x00000007144e2848}: 'long java.lang.invoke.DirectMethodHandle$Holder.invokeStatic(java.lang.Object, java.lang.Object)'> (0x00000007144e2848) 
thrown [s\open\src\hotspot\share\interpreter\linkResolver.cpp, line 774]
Event: 2.765 Thread 0x000001fdc6476010 Exception <a 'java/lang/NoSuchMethodError'{0x00000007144e5be0}: 'long java.lang.invoke.DirectMethodHandle$Holder.invokeStaticInit(java.lang.Object, java.lang.Object)'> (0x00000007144e5be0) 
thrown [s\open\src\hotspot\share\interpreter\linkResolver.cpp, line 774]
Event: 2.768 Thread 0x000001fdc6476010 Exception <a 'java/lang/NoSuchMethodError'{0x00000007144f22e0}: 'long java.lang.invoke.DirectMethodHandle$Holder.invokeInterface(java.lang.Object, java.lang.Object)'> (0x00000007144f22e0) 
thrown [s\open\src\hotspot\share\interpreter\linkResolver.cpp, line 774]

ZGC Phase Switch (0 events):
No events

VM Operations (20 events):
Event: 1.646 Executing VM operation: HandshakeAllThreads (Deoptimize)
Event: 1.646 Executing VM operation: HandshakeAllThreads (Deoptimize) done
Event: 1.651 Executing VM operation: HandshakeAllThreads (Deoptimize)
Event: 1.651 Executing VM operation: HandshakeAllThreads (Deoptimize) done
Event: 1.651 Executing VM operation: HandshakeAllThreads (Deoptimize)
Event: 1.651 Executing VM operation: HandshakeAllThreads (Deoptimize) done
Event: 1.715 Executing VM operation: HandshakeAllThreads (Deoptimize)
Event: 1.715 Executing VM operation: HandshakeAllThreads (Deoptimize) done
Event: 1.865 Executing VM operation: G1CollectForAllocation (G1 Evacuation Pause)
Event: 1.870 Executing VM operation: G1CollectForAllocation (G1 Evacuation Pause) done
Event: 2.113 Executing VM operation: HandshakeAllThreads (Deoptimize)
Event: 2.113 Executing VM operation: HandshakeAllThreads (Deoptimize) done
Event: 2.176 Executing VM operation: HandshakeAllThreads (Deoptimize)
Event: 2.176 Executing VM operation: HandshakeAllThreads (Deoptimize) done
Event: 2.376 Executing VM operation: ICBufferFull
Event: 2.376 Executing VM operation: ICBufferFull done
Event: 2.382 Executing VM operation: HandshakeAllThreads (Deoptimize)
Event: 2.382 Executing VM operation: HandshakeAllThreads (Deoptimize) done
Event: 2.521 Executing VM operation: HandshakeAllThreads (Deoptimize)
Event: 2.521 Executing VM operation: HandshakeAllThreads (Deoptimize) done

Events (16 events):
Event: 0.054 Thread 0x000001fdd90236f0 Thread added: 0x000001fdd90236f0
Event: 0.081 Thread 0x000001fdf9b35320 Thread added: 0x000001fdf9b35320
Event: 0.081 Thread 0x000001fdf9b37200 Thread added: 0x000001fdf9b37200
Event: 0.082 Thread 0x000001fdf9b38f80 Thread added: 0x000001fdf9b38f80
Event: 0.082 Thread 0x000001fdf9b399e0 Thread added: 0x000001fdf9b399e0
Event: 0.082 Thread 0x000001fdf9b3a5f0 Thread added: 0x000001fdf9b3a5f0
Event: 0.082 Thread 0x000001fdf9b3b050 Thread added: 0x000001fdf9b3b050
Event: 0.082 Thread 0x000001fdf9b3bde0 Thread added: 0x000001fdf9b3bde0
Event: 0.083 Thread 0x000001fdf9b3ca40 Thread added: 0x000001fdf9b3ca40
Event: 0.279 Thread 0x000001fdf9b01f20 Thread added: 0x000001fdf9b01f20
Event: 0.313 Thread 0x000001fdc52547b0 Thread added: 0x000001fdc52547b0
Event: 0.314 Thread 0x000001fdc5254e40 Thread added: 0x000001fdc5254e40
Event: 0.314 Thread 0x000001fdc52b61a0 Thread added: 0x000001fdc52b61a0
Event: 0.351 Thread 0x000001fdc52e8780 Thread added: 0x000001fdc52e8780
Event: 0.426 Thread 0x000001fdc53138e0 Thread added: 0x000001fdc53138e0
Event: 1.673 Thread 0x000001fdc6476010 Thread added: 0x000001fdc6476010


Dynamic libraries:
0x00007ff79f310000 - 0x00007ff79f320000 	C:\Program Files\Java\jdk-22\bin\java.exe
0x00007ffed0f70000 - 0x00007ffed1168000 	C:\WINDOWS\SYSTEM32\ntdll.dll
0x00007ffecfde0000 - 0x00007ffecfea2000 	C:\WINDOWS\System32\KERNEL32.DLL
0x00007ffece6f0000 - 0x00007ffece9e6000 	C:\WINDOWS\System32\KERNELBASE.dll
0x00007ffecea20000 - 0x00007ffeceb20000 	C:\WINDOWS\System32\ucrtbase.dll
0x00007ffebfe60000 - 0x00007ffebfe77000 	C:\Program Files\Java\jdk-22\bin\jli.dll
0x00007ffecf630000 - 0x00007ffecf6df000 	C:\WINDOWS\System32\ADVAPI32.dll
0x00007ffed0cb0000 - 0x00007ffed0d4e000 	C:\WINDOWS\System32\msvcrt.dll
0x00007ffed0b50000 - 0x00007ffed0bef000 	C:\WINDOWS\System32\sechost.dll
0x00007ffed0e00000 - 0x00007ffed0f23000 	C:\WINDOWS\System32\RPCRT4.dll
0x00007ffece9f0000 - 0x00007ffecea17000 	C:\WINDOWS\System32\bcrypt.dll
0x00007ffed0880000 - 0x00007ffed0a1d000 	C:\WINDOWS\System32\USER32.dll
0x00007ffeceda0000 - 0x00007ffecedc2000 	C:\WINDOWS\System32\win32u.dll
0x00007ffecfdb0000 - 0x00007ffecfddb000 	C:\WINDOWS\System32\GDI32.dll
0x00007ffecec80000 - 0x00007ffeced9a000 	C:\WINDOWS\System32\gdi32full.dll
0x00007ffecedd0000 - 0x00007ffecee6d000 	C:\WINDOWS\System32\msvcp_win.dll
0x00007ffebfe40000 - 0x00007ffebfe5b000 	C:\Program Files\Java\jdk-22\bin\VCRUNTIME140.dll
0x00007ffec1700000 - 0x00007ffec199a000 	C:\WINDOWS\WinSxS\amd64_microsoft.windows.common-controls_6595b64144ccf1df_6.0.19041.5794_none_60bcd33171f2783c\COMCTL32.dll
0x00007ffec7170000 - 0x00007ffec717a000 	C:\WINDOWS\SYSTEM32\VERSION.dll
0x00007ffecfd80000 - 0x00007ffecfdaf000 	C:\WINDOWS\System32\IMM32.DLL
0x00007ffeab5a0000 - 0x00007ffeab6fc000 	C:\Program Files (x86)\Citrix\ICA Client\ctxapclient64.dll
0x00007ffecf0c0000 - 0x00007ffecf413000 	C:\WINDOWS\System32\combase.dll
0x00007ffecd860000 - 0x00007ffecd893000 	C:\WINDOWS\SYSTEM32\ntmarta.dll
0x00007ffece660000 - 0x00007ffece6e2000 	C:\WINDOWS\System32\bcryptprimitives.dll
0x00007ffec8e50000 - 0x00007ffec8e5c000 	C:\Program Files\Java\jdk-22\bin\vcruntime140_1.dll
0x00007ffebfdb0000 - 0x00007ffebfe3e000 	C:\Program Files\Java\jdk-22\bin\msvcp140.dll
0x00007ffe39360000 - 0x00007ffe3a0a8000 	C:\Program Files\Java\jdk-22\bin\server\jvm.dll
0x00007ffecf490000 - 0x00007ffecf4fb000 	C:\WINDOWS\System32\WS2_32.dll
0x00007ffecdb10000 - 0x00007ffecdb5b000 	C:\WINDOWS\SYSTEM32\POWRPROF.dll
0x00007ffec31a0000 - 0x00007ffec31c7000 	C:\WINDOWS\SYSTEM32\WINMM.dll
0x00007ffecd9d0000 - 0x00007ffecd9e2000 	C:\WINDOWS\SYSTEM32\UMPDC.dll
0x00007ffecc470000 - 0x00007ffecc482000 	C:\WINDOWS\SYSTEM32\kernel.appcore.dll
0x00007ffec6080000 - 0x00007ffec608a000 	C:\Program Files\Java\jdk-22\bin\jimage.dll
0x00007ffec9560000 - 0x00007ffec9761000 	C:\WINDOWS\SYSTEM32\DBGHELP.DLL
0x00007ffeb2eb0000 - 0x00007ffeb2ee4000 	C:\WINDOWS\SYSTEM32\dbgcore.DLL
0x00007ffea2240000 - 0x00007ffea227c000 	C:\Program Files\Java\jdk-22\bin\jdwp.dll
0x00007ffebc960000 - 0x00007ffebc96f000 	C:\Program Files\Java\jdk-22\bin\instrument.dll
0x00007ffebfd90000 - 0x00007ffebfdae000 	C:\Program Files\Java\jdk-22\bin\java.dll
0x00007ffed0110000 - 0x00007ffed087e000 	C:\WINDOWS\System32\SHELL32.dll
0x000001fddaa10000 - 0x000001fddab3b000 	C:\WINDOWS\System32\ole32.dll
0x00007ffeb5640000 - 0x00007ffeb5657000 	C:\Program Files\Java\jdk-22\bin\zip.dll
0x00007ffecc670000 - 0x00007ffecce13000 	C:\WINDOWS\SYSTEM32\windows.storage.dll
0x00007ffecdf60000 - 0x00007ffecdf8b000 	C:\WINDOWS\SYSTEM32\Wldp.dll
0x00007ffecf560000 - 0x00007ffecf62d000 	C:\WINDOWS\System32\OLEAUT32.dll
0x00007ffed0060000 - 0x00007ffed010d000 	C:\WINDOWS\System32\SHCORE.dll
0x000001fdc5010000 - 0x000001fdc5065000 	C:\WINDOWS\System32\shlwapi.dll
0x00007ffece540000 - 0x00007ffece565000 	C:\WINDOWS\SYSTEM32\profapi.dll
0x00007ffe5e850000 - 0x00007ffe5e927000 	C:\Program Files\Java\jdk-22\bin\jsvml.dll
0x00007ffeb5a50000 - 0x00007ffeb5a5c000 	C:\Program Files\Java\jdk-22\bin\dt_socket.dll
0x00007ffecd9f0000 - 0x00007ffecda2b000 	C:\WINDOWS\SYSTEM32\IPHLPAPI.DLL
0x00007ffecdd40000 - 0x00007ffecddac000 	C:\WINDOWS\system32\mswsock.dll
0x00007ffebfd80000 - 0x00007ffebfd90000 	C:\Program Files\Java\jdk-22\bin\net.dll
0x00007ffebfd60000 - 0x00007ffebfd76000 	C:\Program Files\Java\jdk-22\bin\nio.dll
0x00007ffeaba10000 - 0x00007ffeaba1b000 	C:\Program Files\Java\jdk-22\bin\le.dll

dbghelp: loaded successfully - version: 4.0.5 - missing functions: none
symbol engine: initialized successfully - sym options: 0x614 - pdb path: .;C:\Program Files\Java\jdk-22\bin;C:\WINDOWS\SYSTEM32;C:\WINDOWS\WinSxS\amd64_microsoft.windows.common-controls_6595b64144ccf1df_6.0.19041.5794_none_60bcd33171f2783c;C:\Program Files (x86)\Citrix\ICA Client;C:\Program Files\Java\jdk-22\bin\server

VM Arguments:
jvm_args: -agentlib:jdwp=transport=dt_socket,address=127.0.0.1:52119,suspend=y,server=n -javaagent:C:\Users\JUSTO\AppData\Local\JetBrains\IdeaIC2024.2\captureAgent\debugger-agent.jar -Dkotlinx.coroutines.debug.enable.creation.stack.trace=false -Ddebugger.agent.enable.coroutines=true -Dfile.encoding=UTF-8 -Dsun.stdout.encoding=UTF-8 -Dsun.stderr.encoding=UTF-8 
java_command: com.proyectofisio.BackendApplication
java_class_path (initial): C:\Users\JUSTO\Documents\gitHub\proyectoFisio\proyectoFisio\backend\target\classes;C:\Users\JUSTO\.m2\repository\org\springframework\boot\spring-boot-starter-data-jpa\3.2.3\spring-boot-starter-data-jpa-3.2.3.jar;C:\Users\JUSTO\.m2\repository\org\springframework\boot\spring-boot-starter-aop\3.2.3\spring-boot-starter-aop-3.2.3.jar;C:\Users\JUSTO\.m2\repository\org\springframework\boot\spring-boot-starter-jdbc\3.2.3\spring-boot-starter-jdbc-3.2.3.jar;C:\Users\JUSTO\.m2\repository\com\zaxxer\HikariCP\5.0.1\HikariCP-5.0.1.jar;C:\Users\JUSTO\.m2\repository\org\springframework\spring-jdbc\6.1.4\spring-jdbc-6.1.4.jar;C:\Users\JUSTO\.m2\repository\org\hibernate\orm\hibernate-core\6.4.4.Final\hibernate-core-6.4.4.Final.jar;C:\Users\JUSTO\.m2\repository\jakarta\transaction\jakarta.transaction-api\2.0.1\jakarta.transaction-api-2.0.1.jar;C:\Users\JUSTO\.m2\repository\org\jboss\logging\jboss-logging\3.5.3.Final\jboss-logging-3.5.3.Final.jar;C:\Users\JUSTO\.m2\repository\org\hibernate\common\hibernate-commons-annotations\6.0.6.Final\hibernate-commons-annotations-6.0.6.Final.jar;C:\Users\JUSTO\.m2\repository\io\smallrye\jandex\3.1.2\jandex-3.1.2.jar;C:\Users\JUSTO\.m2\repository\com\fasterxml\classmate\1.6.0\classmate-1.6.0.jar;C:\Users\JUSTO\.m2\repository\net\bytebuddy\byte-buddy\1.14.12\byte-buddy-1.14.12.jar;C:\Users\JUSTO\.m2\repository\org\glassfish\jaxb\jaxb-runtime\4.0.4\jaxb-runtime-4.0.4.jar;C:\Users\JUSTO\.m2\repository\org\glassfish\jaxb\jaxb-core\4.0.4\jaxb-core-4.0.4.jar;C:\Users\JUSTO\.m2\repository\org\glassfish\jaxb\txw2\4.0.4\txw2-4.0.4.jar;C:\Users\JUSTO\.m2\repository\com\sun\istack\istack-commons-runtime\4.1.2\istack-commons-runtime-4.1.2.jar;C:\Users\JUSTO\.m2\repository\jakarta\inject\jakarta.inject-api\2.0.1\jakarta.inject-api-2.0.1.jar;C:\Users\JUSTO\.m2\repository\org\antlr\antlr4-runtime\4.13.0\antlr4-runtime-4.13.0.jar;C:\Users\JUSTO\.m2\repository\org\springframework\data\spring-data-jpa\3.2.3\spring-data-jpa-3.2.3.jar;C:\Users\JUSTO\.m2\repository\org\springframework\data\spring-data-commons\3.2.3\spring-data-commons-3.2.3.jar;C:\Users\JUSTO\.m2\repository\org\springframework\spring-orm\6.1.4\spring-orm-6.1.4.jar;C:\Users\JUSTO\.m2\repository\org\springframework\spring-context\6.1.4\spring-context-6.1.4.jar;C:\Users\JUSTO\.m2\repository\org\springframework\spring-tx\6.1.4\spring-tx-6.1.4.jar;C:\Users\JUSTO\.m2\repository\org\springframework\spring-beans\6.1.4\spring-beans-6.1.4.jar;C:\Users\JUSTO\.m2\repository\jakarta\annotation\jakarta.annotation-api\2.1.1\jakarta.annotation-api-2.1.1.jar;C:\Users\JUSTO\.m2\repository\org\slf4j\slf4j-api\2.0.12\slf4j-api-2.0.12.jar;C:\Users\JUSTO\.m2\repository\org\springframework\boot\spring-boot-starter-web\3.2.3\spring-boot-starter-web-3.2.3.jar;C:\Users\JUSTO\.m2\repository\org\springframework\boot\spring-boot-starter\3.2.3\spring-boot-starter-3.2.3.jar;C:\Users\JUSTO\.m2\repository\org\springframework\boot\spring-boot\3.2.3\spring-boot-3.2.3.jar;C:\Users\JUSTO\.m2\repository\org\springframework\boot\spring-boot-autoconfigure\3.2.3\spring-boot-autoconfigure-3.2.3.jar;C:\Users\JUSTO\.m2\repository\org\springframework\boot\spring-boot-starter-logging\3.2.3\spring-boot-starter-logging-3.2.3.jar;C:\Users\JUSTO\.m2\repository\ch\qos\logback\logback-classic\1.4.14\logback-classic-1.4.14.jar;C:\Users\JUSTO\.m2\repository\ch\qos\logback\logback-core\1.4.14\logback-core-1.4.14.jar;C:\Users\JUSTO\.m2\repository\org\apache\logging\log4j\log4j-to-slf4j\2.21.1\log4j-to-slf4j-2.21.1.jar;C:\Users\JUSTO\.m2\repository\org\apache\logging\log4j\log4j-api\2.21.1\log4j-api-2.21.1.jar;C:\Users\JUSTO\.m2\repository\org\slf4j\jul-to-slf4j\2.0.12\jul-to-slf4j-2.0.12.jar;C:\Users\JUSTO\.m2\repository\org\yaml\snakeyaml\2.2\snakeyaml-2.2.jar;C:\Users\JUSTO\.m2\repository\org\springframework\boot\spring-boot-starter-json\3.2.3\spring-boot-starter-json-3.2.3.jar;C:\Users\JUSTO\.m2\repository\com\fasterxml\jackson\datatype\jackson-datatype-jdk8\2.15.4\jackson-datatype-jdk8-2.15.4.jar;C:\Users\JUSTO\.m2\repository\com\fasterxml\jackson\datatype\jackson-datatype-jsr310\2.15.4\jackson-datatype-jsr310-2.15.4.jar;C:\Users\JUSTO\.m2\repository\com\fasterxml\jackson\module\jackson-module-parameter-names\2.15.4\jackson-module-parameter-names-2.15.4.jar;C:\Users\JUSTO\.m2\repository\org\springframework\boot\spring-boot-starter-tomcat\3.2.3\spring-boot-starter-tomcat-3.2.3.jar;C:\Users\JUSTO\.m2\repository\org\apache\tomcat\embed\tomcat-embed-core\10.1.19\tomcat-embed-core-10.1.19.jar;C:\Users\JUSTO\.m2\repository\org\apache\tomcat\embed\tomcat-embed-websocket\10.1.19\tomcat-embed-websocket-10.1.19.jar;C:\Users\JUSTO\.m2\repository\org\springframework\spring-web\6.1.4\spring-web-6.1.4.jar;C:\Users\JUSTO\.m2\repository\io\micrometer\micrometer-observation\1.12.3\micrometer-observation-1.12.3.jar;C:\Users\JUSTO\.m2\repository\io\micrometer\micrometer-commons\1.12.3\micrometer-commons-1.12.3.jar;C:\Users\JUSTO\.m2\repository\org\springframework\spring-webmvc\6.1.4\spring-webmvc-6.1.4.jar;C:\Users\JUSTO\.m2\repository\org\springframework\spring-expression\6.1.4\spring-expression-6.1.4.jar;C:\Users\JUSTO\.m2\repository\org\springframework\boot\spring-boot-starter-security\3.2.3\spring-boot-starter-security-3.2.3.jar;C:\Users\JUSTO\.m2\repository\org\springframework\spring-aop\6.1.4\spring-aop-6.1.4.jar;C:\Users\JUSTO\.m2\repository\org\springframework\security\spring-security-config\6.2.2\spring-security-config-6.2.2.jar;C:\Users\JUSTO\.m2\repository\org\springframework\security\spring-security-web\6.2.2\spring-security-web-6.2.2.jar;C:\Users\JUSTO\.m2\repository\org\springframework\boot\spring-boot-starter-oauth2-resource-server\3.2.3\spring-boot-starter-oauth2-resource-server-3.2.3.jar;C:\Users\JUSTO\.m2\repository\org\springframework\security\spring-security-core\6.2.2\spring-security-core-6.2.2.jar;C:\Users\JUSTO\.m2\repository\org\springframework\security\spring-security-crypto\6.2.2\spring-security-crypto-6.2.2.jar;C:\Users\JUSTO\.m2\repository\org\springframework\security\spring-security-oauth2-resource-server\6.2.2\spring-security-oauth2-resource-server-6.2.2.jar;C:\Users\JUSTO\.m2\repository\org\springframework\security\spring-security-oauth2-core\6.2.2\spring-security-oauth2-core-6.2.2.jar;C:\Users\JUSTO\.m2\repository\org\springframework\security\spring-security-oauth2-jose\6.2.2\spring-security-oauth2-jose-6.2.2.jar;C:\Users\JUSTO\.m2\repository\com\nimbusds\nimbus-jose-jwt\9.24.4\nimbus-jose-jwt-9.24.4.jar;C:\Users\JUSTO\.m2\repository\com\github\stephenc\jcip\jcip-annotations\1.0-1\jcip-annotations-1.0-1.jar;C:\Users\JUSTO\.m2\repository\org\springframework\boot\spring-boot-starter-validation\3.2.3\spring-boot-starter-validation-3.2.3.jar;C:\Users\JUSTO\.m2\repository\org\apache\tomcat\embed\tomcat-embed-el\10.1.19\tomcat-embed-el-10.1.19.jar;C:\Users\JUSTO\.m2\repository\org\hibernate\validator\hibernate-validator\8.0.1.Final\hibernate-validator-8.0.1.Final.jar;C:\Users\JUSTO\.m2\repository\jakarta\validation\jakarta.validation-api\3.0.2\jakarta.validation-api-3.0.2.jar;C:\Users\JUSTO\.m2\repository\io\jsonwebtoken\jjwt-api\0.11.5\jjwt-api-0.11.5.jar;C:\Users\JUSTO\.m2\repository\io\jsonwebtoken\jjwt-impl\0.11.5\jjwt-impl-0.11.5.jar;C:\Users\JUSTO\.m2\repository\io\jsonwebtoken\jjwt-jackson\0.11.5\jjwt-jackson-0.11.5.jar;C:\Users\JUSTO\.m2\repository\com\fasterxml\jackson\core\jackson-databind\2.15.4\jackson-databind-2.15.4.jar;C:\Users\JUSTO\.m2\repository\com\fasterxml\jackson\core\jackson-annotations\2.15.4\jackson-annotations-2.15.4.jar;C:\Users\JUSTO\.m2\repository\com\fasterxml\jackson\core\jackson-core\2.15.4\jackson-core-2.15.4.jar;C:\Users\JUSTO\.m2\repository\org\springdoc\springdoc-openapi-starter-webmvc-ui\2.1.0\springdoc-openapi-starter-webmvc-ui-2.1.0.jar;C:\Users\JUSTO\.m2\repository\org\springdoc\springdoc-openapi-starter-webmvc-api\2.1.0\springdoc-openapi-starter-webmvc-api-2.1.0.jar;C:\Users\JUSTO\.m2\repository\org\springdoc\springdoc-openapi-starter-common\2.1.0\springdoc-openapi-starter-common-2.1.0.jar;C:\Users\JUSTO\.m2\repository\io\swagger\core\v3\swagger-core-jakarta\2.2.9\swagger-core-jakarta-2.2.9.jar;C:\Users\JUSTO\.m2\repository\org\apache\commons\commons-lang3\3.13.0\commons-lang3-3.13.0.jar;C:\Users\JUSTO\.m2\repository\io\swagger\core\v3\swagger-annotations-jakarta\2.2.9\swagger-annotations-jakarta-2.2.9.jar;C:\Users\JUSTO\.m2\repository\io\swagger\core\v3\swagger-models-jakarta\2.2.9\swagger-models-jakarta-2.2.9.jar;C:\Users\JUSTO\.m2\repository\com\fasterxml\jackson\dataformat\jackson-dataformat-yaml\2.15.4\jackson-dataformat-yaml-2.15.4.jar;C:\Users\JUSTO\.m2\repository\org\webjars\swagger-ui\4.18.2\swagger-ui-4.18.2.jar;C:\Users\JUSTO\.m2\repository\org\postgresql\postgresql\42.6.1\postgresql-42.6.1.jar;C:\Users\JUSTO\.m2\repository\org\checkerframework\checker-qual\3.31.0\checker-qual-3.31.0.jar;C:\Users\JUSTO\.m2\repository\org\projectlombok\lombok\1.18.30\lombok-1.18.30.jar;C:\Users\JUSTO\.m2\repository\jakarta\xml\bind\jakarta.xml.bind-api\4.0.1\jakarta.xml.bind-api-4.0.1.jar;C:\Users\JUSTO\.m2\repository\jakarta\activation\jakarta.activation-api\2.1.2\jakarta.activation-api-2.1.2.jar;C:\Users\JUSTO\.m2\repository\org\springframework\spring-core\6.1.4\spring-core-6.1.4.jar;C:\Users\JUSTO\.m2\repository\org\springframework\spring-jcl\6.1.4\spring-jcl-6.1.4.jar;C:\Users\JUSTO\.m2\repository\org\springframework\boot\spring-boot-starter-mail\3.2.3\spring-boot-starter-mail-3.2.3.jar;C:\Users\JUSTO\.m2\repository\org\springframework\spring-context-support\6.1.4\spring-context-support-6.1.4.jar;C:\Users\JUSTO\.m2\repository\org\eclipse\angus\jakarta.mail\2.0.2\jakarta.mail-2.0.2.jar;C:\Users\JUSTO\.m2\repository\org\eclipse\angus\angus-activation\2.0.1\angus-activation-2.0.1.jar;C:\Users\JUSTO\.m2\repository\org\springframework\boot\spring-boot-starter-thymeleaf\3.2.3\spring-boot-starter-thymeleaf-3.2.3.jar;C:\Users\JUSTO\.m2\repository\org\thymeleaf\thymeleaf-spring6\3.1.2.RELEASE\thymeleaf-spring6-3.1.2.RELEASE.jar;C:\Users\JUSTO\.m2\repository\org\thymeleaf\thymeleaf\3.1.2.RELEASE\thymeleaf-3.1.2.RELEASE.jar;C:\Users\JUSTO\.m2\repository\org\attoparser\attoparser\2.0.7.RELEASE\attoparser-2.0.7.RELEASE.jar;C:\Users\JUSTO\.m2\repository\org\unbescape\unbescape\1.1.6.RELEASE\unbescape-1.1.6.RELEASE.jar;C:\Users\JUSTO\.m2\repository\org\springframework\retry\spring-retry\2.0.5\spring-retry-2.0.5.jar;C:\Users\JUSTO\.m2\repository\org\springframework\spring-aspects\6.1.4\spring-aspects-6.1.4.jar;C:\Users\JUSTO\.m2\repository\org\aspectj\aspectjweaver\1.9.21\aspectjweaver-1.9.21.jar;C:\Users\JUSTO\.m2\repository\org\mapstruct\mapstruct\1.5.5.Final\mapstruct-1.5.5.Final.jar;C:\Users\JUSTO\.m2\repository\jakarta\persistence\jakarta.persistence-api\3.1.0\jakarta.persistence-api-3.1.0.jar;C:\Program Files\JetBrains\IntelliJ IDEA Community Edition 2024.2.1\lib\idea_rt.jar
Launcher Type: SUN_STANDARD

[Global flags]
     intx CICompilerCount                          = 3                                         {product} {ergonomic}
     uint ConcGCThreads                            = 2                                         {product} {ergonomic}
     uint G1ConcRefinementThreads                  = 6                                         {product} {ergonomic}
   size_t G1HeapRegionSize                         = 2097152                                   {product} {ergonomic}
   size_t InitialHeapSize                          = 260046848                                 {product} {ergonomic}
   size_t MarkStackSize                            = 4194304                                   {product} {ergonomic}
   size_t MaxHeapSize                              = 4152360960                                {product} {ergonomic}
   size_t MaxNewSize                               = 2491416576                                {product} {ergonomic}
   size_t MinHeapDeltaBytes                        = 2097152                                   {product} {ergonomic}
   size_t MinHeapSize                              = 8388608                                   {product} {ergonomic}
    uintx NonNMethodCodeHeapSize                   = 5832780                                {pd product} {ergonomic}
    uintx NonProfiledCodeHeapSize                  = 122912730                              {pd product} {ergonomic}
    uintx ProfiledCodeHeapSize                     = 122912730                              {pd product} {ergonomic}
    uintx ReservedCodeCacheSize                    = 251658240                              {pd product} {ergonomic}
     bool SegmentedCodeCache                       = true                                      {product} {ergonomic}
   size_t SoftMaxHeapSize                          = 4152360960                             {manageable} {ergonomic}
     bool UseCompressedOops                        = true                           {product lp64_product} {ergonomic}
     bool UseG1GC                                  = true                                      {product} {ergonomic}
     bool UseLargePagesIndividualAllocation        = false                                  {pd product} {ergonomic}

Logging:
Log output configuration:
 #0: stdout all=warning uptime,level,tags foldmultilines=false
 #1: stderr all=off uptime,level,tags foldmultilines=false

Environment Variables:
JAVA_HOME=C:\Program Files\Java\jdk-22
PATH=C:\Program Files\Eclipse Adoptium\jdk-21.0.6.7-hotspot\bin;C:\Program Files\Microsoft\jdk-11.0.12.7-hotspot\bin;C:\xampp\php;C:\Python310\;C:\Program Files\AdoptOpenJDK\jdk-11.0.8.10-hotspot\bin;C:\WINDOWS\system32;C:\WINDOWS;C:\WINDOWS\System32\Wbem;C:\WINDOWS\System32\WindowsPowerShell\v1.0\;C:\WINDOWS\System32\OpenSSH\;C:\Program Files\Git\cmd;C:\Program Files\Microsoft SQL Server\130\Tools\Binn\;C:\Program Files\Microsoft SQL Server\Client SDK\ODBC\170\Tools\Binn\;C:\ProgramData\chocolatey\bin;C:\Program Files\dotnet\;C:\Program Files\Microsoft SQL Server\150\Tools\Binn\;C:\Program Files\AutoFirma\AutoFirma;C:\Program Files\RedHat\Podman\;C:\Program Files\Maven\apache-maven-3.9.9\bin;;C:\Program Files\Docker\Docker\resources\bin;c:\Users\JUSTO\AppData\Local\Programs\cursor\resources\app\bin;C:\Program Files\nodejs\;C:\Program Files\MySQL\MySQL Shell 8.0\bin\;C:\Users\JUSTO\AppData\Local\Microsoft\WindowsApps;C:\Users\JUSTO\AppData\Local\GitHubDesktop\bin;C:\Users\JUSTO\.dotnet\tools;C:\Users\JUSTO\AppData\Local\Programs\Microsoft VS Code\bin;C:\xampp\php;C:\Program Files\JetBrains\IntelliJ IDEA 2024.1\bin;C:\Program Files\JetBrains\IntelliJ IDEA Community Edition 2024.2.1\bin;C:\Users\JUSTO\AppData\Local\Programs\cursor\resources\app\bin;C:\Users\JUSTO\AppData\Roaming\npm;C:\Users\JUSTO\AppData\Local\Microsoft\WinGet\Packages\Schniz.fnm_Microsoft.Winget.Source_8wekyb3d8bbwe;C:\Users\JUSTO\AppData\Local\gitkraken\bin
USERNAME=JUSTO
OS=Windows_NT
PROCESSOR_IDENTIFIER=AMD64 Family 23 Model 8 Stepping 2, AuthenticAMD
TMP=C:\Users\JUSTO\AppData\Local\Temp
TEMP=C:\Users\JUSTO\AppData\Local\Temp




Periodic native trim disabled

---------------  S Y S T E M  ---------------

OS:
 Windows 10 , 64 bit Build 19041 (10.0.19041.5794)
OS uptime: 1 days 4:07 hours
Hyper-V role detected

CPU: total 6 (initial active 6) (12 cores per cpu, 2 threads per core) family 23 model 8 stepping 2 microcode 0x0, cx8, cmov, fxsr, ht, mmx, 3dnowpref, sse, sse2, sse3, ssse3, sse4a, sse4.1, sse4.2, popcnt, lzcnt, tsc, tscinvbit, avx, avx2, aes, clmul, bmi1, bmi2, adx, sha, fma, vzeroupper, clflush, clflushopt, hv, rdtscp, f16c
Processor Information for all 6 processors :
  Max Mhz: 3200, Current Mhz: 3200, Mhz Limit: 3200

Memory: 4k page, system-wide physical 15833M (3286M free)
TotalPageFile size 17746M (AvailPageFile size 5M)
current process WorkingSet (physical memory assigned to process): 160M, peak: 160M
current process commit charge ("private bytes"): 379M, peak: 379M

vm_info: Java HotSpot(TM) 64-Bit Server VM (22+36-2370) for windows-amd64 JRE (22+36-2370), built on 2024-02-15T22:15:19Z by "mach5one" with MS VC++ 17.6 (VS2022)

END.
